#
# A fatal error has been detected by the Java Runtime Environment:
#
#  SIGSEGV (0xb) at pc=0x00007f339c3196f7, pid=2303243, tid=2303244
#
# JRE version: OpenJDK Runtime Environment (11.0.13+8) (build 11.0.13+8-Ubuntu-0ubuntu1.20.04)
# Java VM: OpenJDK 64-Bit Server VM (11.0.13+8-Ubuntu-0ubuntu1.20.04, mixed mode, sharing, tiered, compressed oops, g1 gc, linux-amd64)
# Problematic frame:
# C  [libAlgebraMSMFixedBaseMSM.so+0xc6f7]  Java_algebra_msm_FixedBaseMSM_batchMSMNativeHelper+0x548
#
# Core dump will be written. Default location: Core dumps may be processed with "/usr/share/apport/apport %p %s %c %d %P %E" (or dumping to /home/lianke/GPU-DIZK/core.2303243)
#
# If you would like to submit a bug report, please visit:
#   https://bugs.launchpad.net/ubuntu/+source/openjdk-lts
# The crash happened outside the Java Virtual Machine in native code.
# See problematic frame for where to report the bug.
#

---------------  S U M M A R Y ------------

Command Line: /home/lianke/GPU-DIZK/target/surefire/surefirebooter11310945267222749458.jar /home/lianke/GPU-DIZK/target/surefire/surefire8776945076394199521tmp /home/lianke/GPU-DIZK/target/surefire/surefire_016774083558692013970tmp

Host: Intel(R) Xeon(R) Silver 4110 CPU @ 2.10GHz, 16 cores, 62G, Ubuntu 20.04.3 LTS
Time: Tue Dec 21 20:14:41 2021 PST elapsed time: 0.704177 seconds (0d 0h 0m 0s)

---------------  T H R E A D  ---------------

Current thread (0x00007f33e4016800):  JavaThread "main" [_thread_in_native, id=2303244, stack(0x00007f33ebb03000,0x00007f33ebc04000)]

Stack: [0x00007f33ebb03000,0x00007f33ebc04000],  sp=0x00007f33ebc00b00,  free space=1014k
Native frames: (J=compiled Java code, A=aot compiled Java code, j=interpreted, Vv=VM code, C=native code)
C  [libAlgebraMSMFixedBaseMSM.so+0xc6f7]  Java_algebra_msm_FixedBaseMSM_batchMSMNativeHelper+0x548
j  algebra.msm.FixedBaseMSM.batchMSMNativeHelper(IILjava/util/ArrayList;Ljava/util/ArrayList;Ljava/util/ArrayList;Ljava/util/ArrayList;I)[B+0
j  algebra.msm.FixedBaseMSM.batchMSM(IILjava/util/List;Ljava/util/List;)Ljava/util/List;+610
j  zk_proof_systems.zkSNARK.SerialSetup.generate(Lrelations/r1cs/R1CSRelation;Lalgebra/fields/AbstractFieldElementExpanded;Lalgebra/curves/AbstractG1;Lalgebra/curves/AbstractG2;Lalgebra/curves/AbstractPairing;Lconfiguration/Configuration;)Lzk_proof_systems/zkSNARK/objects/CRS;+642
j  zk_proof_systems.zkSNARK.SerialzkSNARKTest.SerialBNProofSystemTest(IILalgebra/curves/barreto_naehrig/BNFields$BNFr;Lalgebra/curves/barreto_naehrig/BNG1;Lalgebra/curves/barreto_naehrig/BNG2;Lalgebra/curves/barreto_naehrig/BNPairing;)V+55
j  zk_proof_systems.zkSNARK.SerialzkSNARKTest.SerialBN254aProofSystemTest()V+37
v  ~StubRoutines::call_stub
V  [libjvm.so+0x863bf4]
V  [libjvm.so+0xc788f1]
V  [libjvm.so+0xc79214]
V  [libjvm.so+0x9195c0]  JVM_InvokeMethod+0x140
j  jdk.internal.reflect.NativeMethodAccessorImpl.invoke0(Ljava/lang/reflect/Method;Ljava/lang/Object;[Ljava/lang/Object;)Ljava/lang/Object;+0 java.base@11.0.13
j  jdk.internal.reflect.NativeMethodAccessorImpl.invoke(Ljava/lang/Object;[Ljava/lang/Object;)Ljava/lang/Object;+100 java.base@11.0.13
j  jdk.internal.reflect.DelegatingMethodAccessorImpl.invoke(Ljava/lang/Object;[Ljava/lang/Object;)Ljava/lang/Object;+6 java.base@11.0.13
j  java.lang.reflect.Method.invoke(Ljava/lang/Object;[Ljava/lang/Object;)Ljava/lang/Object;+59 java.base@11.0.13
j  org.junit.runners.model.FrameworkMethod$1.runReflectiveCall()Ljava/lang/Object;+15
j  org.junit.internal.runners.model.ReflectiveCallable.run()Ljava/lang/Object;+1
j  org.junit.runners.model.FrameworkMethod.invokeExplosively(Ljava/lang/Object;[Ljava/lang/Object;)Ljava/lang/Object;+10
j  org.junit.internal.runners.statements.InvokeMethod.evaluate()V+12
j  org.junit.internal.runners.statements.RunBefores.evaluate()V+49
j  org.junit.runners.ParentRunner.runLeaf(Lorg/junit/runners/model/Statement;Lorg/junit/runner/Description;Lorg/junit/runner/notification/RunNotifier;)V+17
j  org.junit.runners.BlockJUnit4ClassRunner.runChild(Lorg/junit/runners/model/FrameworkMethod;Lorg/junit/runner/notification/RunNotifier;)V+32
j  org.junit.runners.BlockJUnit4ClassRunner.runChild(Ljava/lang/Object;Lorg/junit/runner/notification/RunNotifier;)V+6
j  org.junit.runners.ParentRunner$3.run()V+12
j  org.junit.runners.ParentRunner$1.schedule(Ljava/lang/Runnable;)V+1
j  org.junit.runners.ParentRunner.runChildren(Lorg/junit/runner/notification/RunNotifier;)V+40
j  org.junit.runners.ParentRunner.access$000(Lorg/junit/runners/ParentRunner;Lorg/junit/runner/notification/RunNotifier;)V+2
j  org.junit.runners.ParentRunner$2.evaluate()V+8
j  org.junit.runners.ParentRunner.run(Lorg/junit/runner/notification/RunNotifier;)V+20
j  org.apache.maven.surefire.junit4.JUnit4Provider.execute(Ljava/lang/Class;Lorg/junit/runner/notification/RunNotifier;[Ljava/lang/String;)V+116
j  org.apache.maven.surefire.junit4.JUnit4Provider.executeTestSet(Ljava/lang/Class;Lorg/apache/maven/surefire/report/RunListener;Lorg/junit/runner/notification/RunNotifier;)V+70
j  org.apache.maven.surefire.junit4.JUnit4Provider.invoke(Ljava/lang/Object;)Lorg/apache/maven/surefire/suite/RunResult;+133
v  ~StubRoutines::call_stub
V  [libjvm.so+0x863bf4]
V  [libjvm.so+0xc788f1]
V  [libjvm.so+0xc79214]
V  [libjvm.so+0x9195c0]  JVM_InvokeMethod+0x140
j  jdk.internal.reflect.NativeMethodAccessorImpl.invoke0(Ljava/lang/reflect/Method;Ljava/lang/Object;[Ljava/lang/Object;)Ljava/lang/Object;+0 java.base@11.0.13
j  jdk.internal.reflect.NativeMethodAccessorImpl.invoke(Ljava/lang/Object;[Ljava/lang/Object;)Ljava/lang/Object;+100 java.base@11.0.13
j  jdk.internal.reflect.DelegatingMethodAccessorImpl.invoke(Ljava/lang/Object;[Ljava/lang/Object;)Ljava/lang/Object;+6 java.base@11.0.13
j  java.lang.reflect.Method.invoke(Ljava/lang/Object;[Ljava/lang/Object;)Ljava/lang/Object;+59 java.base@11.0.13
j  org.apache.maven.surefire.util.ReflectionUtils.invokeMethodWithArray(Ljava/lang/Object;Ljava/lang/reflect/Method;[Ljava/lang/Object;)Ljava/lang/Object;+3
j  org.apache.maven.surefire.booter.ProviderFactory$ProviderProxy.invoke(Ljava/lang/Object;)Lorg/apache/maven/surefire/suite/RunResult;+38
j  org.apache.maven.surefire.booter.ProviderFactory.invokeProvider(Ljava/lang/Object;Ljava/lang/ClassLoader;Ljava/lang/ClassLoader;Ljava/lang/Object;Lorg/apache/maven/surefire/booter/ProviderConfiguration;ZLorg/apache/maven/surefire/booter/StartupConfiguration;Z)Lorg/apache/maven/surefire/suite/RunResult;+38
j  org.apache.maven.surefire.booter.ForkedBooter.runSuitesInProcess(Ljava/lang/Object;Ljava/lang/ClassLoader;Lorg/apache/maven/surefire/booter/StartupConfiguration;Lorg/apache/maven/surefire/booter/ProviderConfiguration;Ljava/io/PrintStream;)Lorg/apache/maven/surefire/suite/RunResult;+45
j  org.apache.maven.surefire.booter.ForkedBooter.main([Ljava/lang/String;)V+136
v  ~StubRoutines::call_stub
V  [libjvm.so+0x863bf4]
V  [libjvm.so+0x8e0cad]
V  [libjvm.so+0x8e33c0]
C  [libjli.so+0x5a6a]
C  [libjli.so+0x9cdd]

Java frames: (J=compiled Java code, j=interpreted, Vv=VM code)
j  algebra.msm.FixedBaseMSM.batchMSMNativeHelper(IILjava/util/ArrayList;Ljava/util/ArrayList;Ljava/util/ArrayList;Ljava/util/ArrayList;I)[B+0
j  algebra.msm.FixedBaseMSM.batchMSM(IILjava/util/List;Ljava/util/List;)Ljava/util/List;+610
j  zk_proof_systems.zkSNARK.SerialSetup.generate(Lrelations/r1cs/R1CSRelation;Lalgebra/fields/AbstractFieldElementExpanded;Lalgebra/curves/AbstractG1;Lalgebra/curves/AbstractG2;Lalgebra/curves/AbstractPairing;Lconfiguration/Configuration;)Lzk_proof_systems/zkSNARK/objects/CRS;+642
j  zk_proof_systems.zkSNARK.SerialzkSNARKTest.SerialBNProofSystemTest(IILalgebra/curves/barreto_naehrig/BNFields$BNFr;Lalgebra/curves/barreto_naehrig/BNG1;Lalgebra/curves/barreto_naehrig/BNG2;Lalgebra/curves/barreto_naehrig/BNPairing;)V+55
j  zk_proof_systems.zkSNARK.SerialzkSNARKTest.SerialBN254aProofSystemTest()V+37
v  ~StubRoutines::call_stub
j  jdk.internal.reflect.NativeMethodAccessorImpl.invoke0(Ljava/lang/reflect/Method;Ljava/lang/Object;[Ljava/lang/Object;)Ljava/lang/Object;+0 java.base@11.0.13
j  jdk.internal.reflect.NativeMethodAccessorImpl.invoke(Ljava/lang/Object;[Ljava/lang/Object;)Ljava/lang/Object;+100 java.base@11.0.13
j  jdk.internal.reflect.DelegatingMethodAccessorImpl.invoke(Ljava/lang/Object;[Ljava/lang/Object;)Ljava/lang/Object;+6 java.base@11.0.13
j  java.lang.reflect.Method.invoke(Ljava/lang/Object;[Ljava/lang/Object;)Ljava/lang/Object;+59 java.base@11.0.13
j  org.junit.runners.model.FrameworkMethod$1.runReflectiveCall()Ljava/lang/Object;+15
j  org.junit.internal.runners.model.ReflectiveCallable.run()Ljava/lang/Object;+1
j  org.junit.runners.model.FrameworkMethod.invokeExplosively(Ljava/lang/Object;[Ljava/lang/Object;)Ljava/lang/Object;+10
j  org.junit.internal.runners.statements.InvokeMethod.evaluate()V+12
j  org.junit.internal.runners.statements.RunBefores.evaluate()V+49
j  org.junit.runners.ParentRunner.runLeaf(Lorg/junit/runners/model/Statement;Lorg/junit/runner/Description;Lorg/junit/runner/notification/RunNotifier;)V+17
j  org.junit.runners.BlockJUnit4ClassRunner.runChild(Lorg/junit/runners/model/FrameworkMethod;Lorg/junit/runner/notification/RunNotifier;)V+32
j  org.junit.runners.BlockJUnit4ClassRunner.runChild(Ljava/lang/Object;Lorg/junit/runner/notification/RunNotifier;)V+6
j  org.junit.runners.ParentRunner$3.run()V+12
j  org.junit.runners.ParentRunner$1.schedule(Ljava/lang/Runnable;)V+1
j  org.junit.runners.ParentRunner.runChildren(Lorg/junit/runner/notification/RunNotifier;)V+40
j  org.junit.runners.ParentRunner.access$000(Lorg/junit/runners/ParentRunner;Lorg/junit/runner/notification/RunNotifier;)V+2
j  org.junit.runners.ParentRunner$2.evaluate()V+8
j  org.junit.runners.ParentRunner.run(Lorg/junit/runner/notification/RunNotifier;)V+20
j  org.apache.maven.surefire.junit4.JUnit4Provider.execute(Ljava/lang/Class;Lorg/junit/runner/notification/RunNotifier;[Ljava/lang/String;)V+116
j  org.apache.maven.surefire.junit4.JUnit4Provider.executeTestSet(Ljava/lang/Class;Lorg/apache/maven/surefire/report/RunListener;Lorg/junit/runner/notification/RunNotifier;)V+70
j  org.apache.maven.surefire.junit4.JUnit4Provider.invoke(Ljava/lang/Object;)Lorg/apache/maven/surefire/suite/RunResult;+133
v  ~StubRoutines::call_stub
j  jdk.internal.reflect.NativeMethodAccessorImpl.invoke0(Ljava/lang/reflect/Method;Ljava/lang/Object;[Ljava/lang/Object;)Ljava/lang/Object;+0 java.base@11.0.13
j  jdk.internal.reflect.NativeMethodAccessorImpl.invoke(Ljava/lang/Object;[Ljava/lang/Object;)Ljava/lang/Object;+100 java.base@11.0.13
j  jdk.internal.reflect.DelegatingMethodAccessorImpl.invoke(Ljava/lang/Object;[Ljava/lang/Object;)Ljava/lang/Object;+6 java.base@11.0.13
j  java.lang.reflect.Method.invoke(Ljava/lang/Object;[Ljava/lang/Object;)Ljava/lang/Object;+59 java.base@11.0.13
j  org.apache.maven.surefire.util.ReflectionUtils.invokeMethodWithArray(Ljava/lang/Object;Ljava/lang/reflect/Method;[Ljava/lang/Object;)Ljava/lang/Object;+3
j  org.apache.maven.surefire.booter.ProviderFactory$ProviderProxy.invoke(Ljava/lang/Object;)Lorg/apache/maven/surefire/suite/RunResult;+38
j  org.apache.maven.surefire.booter.ProviderFactory.invokeProvider(Ljava/lang/Object;Ljava/lang/ClassLoader;Ljava/lang/ClassLoader;Ljava/lang/Object;Lorg/apache/maven/surefire/booter/ProviderConfiguration;ZLorg/apache/maven/surefire/booter/StartupConfiguration;Z)Lorg/apache/maven/surefire/suite/RunResult;+38
j  org.apache.maven.surefire.booter.ForkedBooter.runSuitesInProcess(Ljava/lang/Object;Ljava/lang/ClassLoader;Lorg/apache/maven/surefire/booter/StartupConfiguration;Lorg/apache/maven/surefire/booter/ProviderConfiguration;Ljava/io/PrintStream;)Lorg/apache/maven/surefire/suite/RunResult;+45
j  org.apache.maven.surefire.booter.ForkedBooter.main([Ljava/lang/String;)V+136
v  ~StubRoutines::call_stub

siginfo: si_signo: 11 (SIGSEGV), si_code: 2 (SEGV_ACCERR), si_addr: 0x00007f33e4c9bf10

Register to memory mapping:

RAX=0x00007f33e4c9bf10 is an unknown value
RBX={method} {0x00007f33a4d2c6a0} 'batchMSMNativeHelper' '(IILjava/util/ArrayList;Ljava/util/ArrayList;Ljava/util/ArrayList;Ljava/util/ArrayList;I)[B' in 'algebra/msm/FixedBaseMSM'
RCX=0x00007f33e4c6d110 points into unknown readable memory: 0x0000000000000000 | 00 00 00 00 00 00 00 00
RDX=0x00007f33ebc00b00 is pointing into the stack for thread: 0x00007f33e4016800
RSP=0x00007f33ebc00b00 is pointing into the stack for thread: 0x00007f33e4016800
RBP=0x00007f33ebc00d70 is pointing into the stack for thread: 0x00007f33e4016800
RSI=0x00000000000003e8 is an unknown value
RDI=0x00007f33ebc00c70 is pointing into the stack for thread: 0x00007f33e4016800
R8 =0x0 is NULL
R9 =0x00007f33e4bade00 points into unknown readable memory: 0x00007f33a49c8b28 | 28 8b 9c a4 33 7f 00 00
R10=0x00007f33ebac9000 points into unknown readable memory: 0x0000000000000000 | 00 00 00 00 00 00 00 00
R11=0x0 is NULL
R12=0x0 is NULL
R13=0x00007f33a4d2c698 is pointing into metadata
R14=0x00007f33ebc00e58 is pointing into the stack for thread: 0x00007f33e4016800
R15=0x00007f33e4016800 is a thread


Registers:
RAX=0x00007f33e4c9bf10, RBX=0x00007f33a4d2c6a0, RCX=0x00007f33e4c6d110, RDX=0x00007f33ebc00b00
RSP=0x00007f33ebc00b00, RBP=0x00007f33ebc00d70, RSI=0x00000000000003e8, RDI=0x00007f33ebc00c70
R8 =0x0000000000000000, R9 =0x00007f33e4bade00, R10=0x00007f33ebac9000, R11=0x0000000000000000
R12=0x0000000000000000, R13=0x00007f33a4d2c698, R14=0x00007f33ebc00e58, R15=0x00007f33e4016800
RIP=0x00007f339c3196f7, EFLAGS=0x0000000000010206, CSGSFS=0x002b000000000033, ERR=0x0000000000000004
  TRAPNO=0x000000000000000e

Top of Stack: (sp=0x00007f33ebc00b00)
0x00007f33ebc00b00:   00007f33ed4364a0 00007f33ed2ce546
0x00007f33ebc00b10:   00007f33ebf4e700 00007f33a4d2c6a0
0x00007f33ebc00b20:   00000000000003e8 00007f33ebc00c70
0x00007f33ebc00b30:   00007f33ebc00d70 00007f339c3196f0 

Instructions: (pc=0x00007f339c3196f7)
0x00007f339c3195f7:   ff ff 48 89 85 88 fe ff ff 48 8b 8d 88 fe ff ff
0x00007f339c319607:   48 8b 85 08 fe ff ff ba 00 00 00 00 48 89 ce 48
0x00007f339c319617:   89 c7 e8 42 e1 ff ff 48 89 85 90 fe ff ff 48 8b
0x00007f339c319627:   95 88 fe ff ff 48 8b 85 08 fe ff ff 48 89 d6 48
0x00007f339c319637:   89 c7 e8 c2 df ff ff 89 85 4c fe ff ff 8b 85 20
0x00007f339c319647:   fe ff ff 0f af 85 40 fe ff ff 89 c2 8b 85 24 fe
0x00007f339c319657:   ff ff 01 d0 48 63 d0 48 8d 85 00 ff ff ff 48 89
0x00007f339c319667:   d6 48 89 c7 e8 90 e9 ff ff 48 89 85 98 fe ff ff
0x00007f339c319677:   8b 85 4c fe ff ff 48 63 d0 48 8b 8d 90 fe ff ff
0x00007f339c319687:   48 8b 85 98 fe ff ff 48 89 ce 48 89 c7 e8 77 df
0x00007f339c319697:   ff ff 83 85 24 fe ff ff 01 e9 f6 fe ff ff 83 85
0x00007f339c3196a7:   20 fe ff ff 01 e9 ce fe ff ff 48 8d 35 b5 5e 05
0x00007f339c3196b7:   00 48 8b 05 f1 08 20 00 48 89 c7 e8 59 e0 ff ff
0x00007f339c3196c7:   48 89 c2 48 8b 05 d7 08 20 00 48 89 c6 48 89 d7
0x00007f339c3196d7:   e8 c4 e0 ff ff 48 8d 85 00 ff ff ff be e8 03 00
0x00007f339c3196e7:   00 48 89 c7 e8 10 e9 ff ff 48 83 ec 40 48 89 e2
0x00007f339c3196f7:   48 8b 08 48 8b 58 08 48 89 0a 48 89 5a 08 48 8b
0x00007f339c319707:   48 10 48 8b 58 18 48 89 4a 10 48 89 5a 18 48 8b
0x00007f339c319717:   48 20 48 8b 58 28 48 89 4a 20 48 89 5a 28 48 8b
0x00007f339c319727:   48 30 48 8b 58 38 48 89 4a 30 48 89 5a 38 e8 a6
0x00007f339c319737:   e8 ff ff 48 83 c4 40 c7 85 28 fe ff ff 00 00 00
0x00007f339c319747:   00 8b 85 28 fe ff ff 3b 85 3c fe ff ff 0f 8d 24
0x00007f339c319757:   01 00 00 c7 85 2c fe ff ff 00 00 00 00 8b 85 2c
0x00007f339c319767:   fe ff ff 3b 85 40 fe ff ff 0f 8d fc 00 00 00 8b
0x00007f339c319777:   8d 28 fe ff ff 48 8b 95 68 fe ff ff 48 8b b5 e8
0x00007f339c319787:   fd ff ff 48 8b 85 08 fe ff ff 48 89 c7 b8 00 00
0x00007f339c319797:   00 00 e8 92 e0 ff ff 48 89 c6 8b 8d 2c fe ff ff
0x00007f339c3197a7:   48 8b 95 68 fe ff ff 48 8b 85 08 fe ff ff 48 89
0x00007f339c3197b7:   c7 b8 00 00 00 00 e8 6e e0 ff ff 48 89 85 a0 fe
0x00007f339c3197c7:   ff ff 48 8b 8d a0 fe ff ff 48 8b 85 08 fe ff ff
0x00007f339c3197d7:   ba 00 00 00 00 48 89 ce 48 89 c7 e8 79 df ff ff
0x00007f339c3197e7:   48 89 85 a8 fe ff ff 48 8b 95 a0 fe ff ff 48 8b 


Stack slot to memory mapping:
stack at sp + 0 slots: 0x00007f33ed4364a0: _IO_file_jumps+0x0000000000000000 in /lib/x86_64-linux-gnu/libc.so.6 at 0x00007f33ed249000
stack at sp + 1 slots: 0x00007f33ed2ce546: fflush+0x0000000000000086 in /lib/x86_64-linux-gnu/libc.so.6 at 0x00007f33ed249000
stack at sp + 2 slots: 0x00007f33ebf4e700: <offset 0x00000000001e0700> in /lib/x86_64-linux-gnu/libstdc++.so.6 at 0x00007f33ebd6e000
stack at sp + 3 slots: {method} {0x00007f33a4d2c6a0} 'batchMSMNativeHelper' '(IILjava/util/ArrayList;Ljava/util/ArrayList;Ljava/util/ArrayList;Ljava/util/ArrayList;I)[B' in 'algebra/msm/FixedBaseMSM'
stack at sp + 4 slots: 0x00000000000003e8 is an unknown value
stack at sp + 5 slots: 0x00007f33ebc00c70 is pointing into the stack for thread: 0x00007f33e4016800
stack at sp + 6 slots: 0x00007f33ebc00d70 is pointing into the stack for thread: 0x00007f33e4016800
stack at sp + 7 slots: 0x00007f339c3196f0: Java_algebra_msm_FixedBaseMSM_batchMSMNativeHelper+0x0000000000000541 in /usr/lib/libAlgebraMSMFixedBaseMSM.so at 0x00007f339c30d000


---------------  P R O C E S S  ---------------

Threads class SMR info:
_java_thread_list=0x00007f3350004050, length=17, elements={
0x00007f33e4016800, 0x00007f33e42b2800, 0x00007f33e42b4800, 0x00007f33e42ba000,
0x00007f33e42bc000, 0x00007f33e42be000, 0x00007f33e42c0800, 0x00007f33e42c2800,
0x00007f3378023800, 0x00007f337003a000, 0x00007f337003b800, 0x00007f33e42fe000,
0x00007f336806e000, 0x00007f3370140000, 0x00007f33741e9800, 0x00007f3374203000,
0x00007f3350002800
}

Java Threads: ( => current thread )
=>0x00007f33e4016800 JavaThread "main" [_thread_in_native, id=2303244, stack(0x00007f33ebb03000,0x00007f33ebc04000)]
  0x00007f33e42b2800 JavaThread "Reference Handler" daemon [_thread_blocked, id=2303254, stack(0x00007f33a4344000,0x00007f33a4445000)]
  0x00007f33e42b4800 JavaThread "Finalizer" daemon [_thread_blocked, id=2303255, stack(0x00007f33a4243000,0x00007f33a4344000)]
  0x00007f33e42ba000 JavaThread "Signal Dispatcher" daemon [_thread_blocked, id=2303256, stack(0x00007f33a4142000,0x00007f33a4243000)]
  0x00007f33e42bc000 JavaThread "Service Thread" daemon [_thread_blocked, id=2303257, stack(0x00007f33a4041000,0x00007f33a4142000)]
  0x00007f33e42be000 JavaThread "C2 CompilerThread0" daemon [_thread_blocked, id=2303258, stack(0x00007f339d121000,0x00007f339d222000)]
  0x00007f33e42c0800 JavaThread "C1 CompilerThread0" daemon [_thread_blocked, id=2303259, stack(0x00007f339d020000,0x00007f339d121000)]
  0x00007f33e42c2800 JavaThread "Sweeper thread" daemon [_thread_blocked, id=2303260, stack(0x00007f339cf1f000,0x00007f339d020000)]
  0x00007f3378023800 JavaThread "C1 CompilerThread1" daemon [_thread_blocked, id=2303261, stack(0x00007f339ce1e000,0x00007f339cf1f000)]
  0x00007f337003a000 JavaThread "C1 CompilerThread2" daemon [_thread_blocked, id=2303262, stack(0x00007f339cd1d000,0x00007f339ce1e000)]
  0x00007f337003b800 JavaThread "C1 CompilerThread3" daemon [_thread_blocked, id=2303263, stack(0x00007f339cc1c000,0x00007f339cd1d000)]
  0x00007f33e42fe000 JavaThread "Common-Cleaner" daemon [_thread_blocked, id=2303265, stack(0x00007f339ca19000,0x00007f339cb1a000)]
  0x00007f336806e000 JavaThread "C2 CompilerThread1" daemon [_thread_in_native, id=2303273, stack(0x00007f339c918000,0x00007f339ca19000)]
  0x00007f3370140000 JavaThread "C2 CompilerThread2" daemon [_thread_in_native, id=2303284, stack(0x00007f339c817000,0x00007f339c918000)]
  0x00007f33741e9800 JavaThread "C2 CompilerThread3" daemon [_thread_in_native, id=2303285, stack(0x00007f339c61d000,0x00007f339c71e000)]
  0x00007f3374203000 JavaThread "C2 CompilerThread4" daemon [_thread_blocked, id=2303286, stack(0x00007f339c51c000,0x00007f339c61d000)]
  0x00007f3350002800 JavaThread "C2 CompilerThread5" daemon [_thread_in_native, id=2303287, stack(0x00007f339c20c000,0x00007f339c30d000)]

Other Threads:
  0x00007f33e42af800 VMThread "VM Thread" [stack: 0x00007f33a4447000,0x00007f33a4547000] [id=2303253]
  0x00007f33e42fc000 WatcherThread [stack: 0x00007f339cb1c000,0x00007f339cc1c000] [id=2303264]
  0x00007f33e402f000 GCTaskThread "GC Thread#0" [stack: 0x00007f33eb7b7000,0x00007f33eb8b7000] [id=2303248]
  0x00007f33e406c000 ConcurrentGCThread "G1 Main Marker" [stack: 0x00007f33e8870000,0x00007f33e8970000] [id=2303249]
  0x00007f33e406e000 ConcurrentGCThread "G1 Conc#0" [stack: 0x00007f33e876e000,0x00007f33e886e000] [id=2303250]
  0x00007f33e4208800 ConcurrentGCThread "G1 Refine#0" [stack: 0x00007f33cc14d000,0x00007f33cc24d000] [id=2303251]
  0x00007f33e420a800 ConcurrentGCThread "G1 Young RemSet Sampling" [stack: 0x00007f33cc04b000,0x00007f33cc14b000] [id=2303252]

Threads with active compile tasks:
C2 CompilerThread1    744  843       4       algebra.fields.Fp::<init> (22 bytes)
C2 CompilerThread2    744  821       4       java.math.BigInteger::mod (40 bytes)
C2 CompilerThread3    744  805       4       java.math.MutableBigInteger::divideMagnitude (1307 bytes)
C2 CompilerThread5    744  823       4       java.math.BigInteger::remainderKnuth (48 bytes)

VM state:not at safepoint (normal execution)

VM Mutex/Monitor currently owned by a thread: None

Heap address: 0x0000000418800000, size: 15992 MB, Compressed Oops mode: Zero based, Oop shift amount: 3
Narrow klass base: 0x0000000800000000, Narrow klass shift: 3
Compressed class space size: 1073741824 Address: 0x0000000840000000

Heap:
 garbage-first heap   total 1032192K, used 41672K [0x0000000418800000, 0x0000000800000000)
  region size 4096K, 11 young (45056K), 0 survivors (0K)
 Metaspace       used 5608K, capacity 8658K, committed 8832K, reserved 1056768K
  class space    used 734K, capacity 1030K, committed 1152K, reserved 1048576K
Heap Regions: E=young(eden), S=young(survivor), O=old, HS=humongous(starts), HC=humongous(continues), CS=collection set, F=free, A=archive, TAMS=top-at-mark-start (previous, next)
|   0|0x0000000418800000, 0x0000000418c00000, 0x0000000418c00000|100%|HS|  |TAMS 0x0000000418800000, 0x0000000418800000| Complete 
|   1|0x0000000418c00000, 0x0000000418c00000, 0x0000000419000000|  0%| F|  |TAMS 0x0000000418c00000, 0x0000000418c00000| Untracked 
|   2|0x0000000419000000, 0x0000000419000000, 0x0000000419400000|  0%| F|  |TAMS 0x0000000419000000, 0x0000000419000000| Untracked 
|   3|0x0000000419400000, 0x0000000419400000, 0x0000000419800000|  0%| F|  |TAMS 0x0000000419400000, 0x0000000419400000| Untracked 
|   4|0x0000000419800000, 0x0000000419800000, 0x0000000419c00000|  0%| F|  |TAMS 0x0000000419800000, 0x0000000419800000| Untracked 
|   5|0x0000000419c00000, 0x0000000419c00000, 0x000000041a000000|  0%| F|  |TAMS 0x0000000419c00000, 0x0000000419c00000| Untracked 
|   6|0x000000041a000000, 0x000000041a000000, 0x000000041a400000|  0%| F|  |TAMS 0x000000041a000000, 0x000000041a000000| Untracked 
|   7|0x000000041a400000, 0x000000041a400000, 0x000000041a800000|  0%| F|  |TAMS 0x000000041a400000, 0x000000041a400000| Untracked 
|   8|0x000000041a800000, 0x000000041a800000, 0x000000041ac00000|  0%| F|  |TAMS 0x000000041a800000, 0x000000041a800000| Untracked 
|   9|0x000000041ac00000, 0x000000041ac00000, 0x000000041b000000|  0%| F|  |TAMS 0x000000041ac00000, 0x000000041ac00000| Untracked 
|  10|0x000000041b000000, 0x000000041b000000, 0x000000041b400000|  0%| F|  |TAMS 0x000000041b000000, 0x000000041b000000| Untracked 
|  11|0x000000041b400000, 0x000000041b400000, 0x000000041b800000|  0%| F|  |TAMS 0x000000041b400000, 0x000000041b400000| Untracked 
|  12|0x000000041b800000, 0x000000041b800000, 0x000000041bc00000|  0%| F|  |TAMS 0x000000041b800000, 0x000000041b800000| Untracked 
|  13|0x000000041bc00000, 0x000000041bc00000, 0x000000041c000000|  0%| F|  |TAMS 0x000000041bc00000, 0x000000041bc00000| Untracked 
|  14|0x000000041c000000, 0x000000041c000000, 0x000000041c400000|  0%| F|  |TAMS 0x000000041c000000, 0x000000041c000000| Untracked 
|  15|0x000000041c400000, 0x000000041c400000, 0x000000041c800000|  0%| F|  |TAMS 0x000000041c400000, 0x000000041c400000| Untracked 
|  16|0x000000041c800000, 0x000000041c800000, 0x000000041cc00000|  0%| F|  |TAMS 0x000000041c800000, 0x000000041c800000| Untracked 
|  17|0x000000041cc00000, 0x000000041cc00000, 0x000000041d000000|  0%| F|  |TAMS 0x000000041cc00000, 0x000000041cc00000| Untracked 
|  18|0x000000041d000000, 0x000000041d000000, 0x000000041d400000|  0%| F|  |TAMS 0x000000041d000000, 0x000000041d000000| Untracked 
|  19|0x000000041d400000, 0x000000041d400000, 0x000000041d800000|  0%| F|  |TAMS 0x000000041d400000, 0x000000041d400000| Untracked 
|  20|0x000000041d800000, 0x000000041d800000, 0x000000041dc00000|  0%| F|  |TAMS 0x000000041d800000, 0x000000041d800000| Untracked 
|  21|0x000000041dc00000, 0x000000041dc00000, 0x000000041e000000|  0%| F|  |TAMS 0x000000041dc00000, 0x000000041dc00000| Untracked 
|  22|0x000000041e000000, 0x000000041e000000, 0x000000041e400000|  0%| F|  |TAMS 0x000000041e000000, 0x000000041e000000| Untracked 
|  23|0x000000041e400000, 0x000000041e400000, 0x000000041e800000|  0%| F|  |TAMS 0x000000041e400000, 0x000000041e400000| Untracked 
|  24|0x000000041e800000, 0x000000041e800000, 0x000000041ec00000|  0%| F|  |TAMS 0x000000041e800000, 0x000000041e800000| Untracked 
|  25|0x000000041ec00000, 0x000000041ec00000, 0x000000041f000000|  0%| F|  |TAMS 0x000000041ec00000, 0x000000041ec00000| Untracked 
|  26|0x000000041f000000, 0x000000041f000000, 0x000000041f400000|  0%| F|  |TAMS 0x000000041f000000, 0x000000041f000000| Untracked 
|  27|0x000000041f400000, 0x000000041f400000, 0x000000041f800000|  0%| F|  |TAMS 0x000000041f400000, 0x000000041f400000| Untracked 
|  28|0x000000041f800000, 0x000000041f800000, 0x000000041fc00000|  0%| F|  |TAMS 0x000000041f800000, 0x000000041f800000| Untracked 
|  29|0x000000041fc00000, 0x000000041fc00000, 0x0000000420000000|  0%| F|  |TAMS 0x000000041fc00000, 0x000000041fc00000| Untracked 
|  30|0x0000000420000000, 0x0000000420000000, 0x0000000420400000|  0%| F|  |TAMS 0x0000000420000000, 0x0000000420000000| Untracked 
|  31|0x0000000420400000, 0x0000000420400000, 0x0000000420800000|  0%| F|  |TAMS 0x0000000420400000, 0x0000000420400000| Untracked 
|  32|0x0000000420800000, 0x0000000420800000, 0x0000000420c00000|  0%| F|  |TAMS 0x0000000420800000, 0x0000000420800000| Untracked 
|  33|0x0000000420c00000, 0x0000000420c00000, 0x0000000421000000|  0%| F|  |TAMS 0x0000000420c00000, 0x0000000420c00000| Untracked 
|  34|0x0000000421000000, 0x0000000421000000, 0x0000000421400000|  0%| F|  |TAMS 0x0000000421000000, 0x0000000421000000| Untracked 
|  35|0x0000000421400000, 0x0000000421400000, 0x0000000421800000|  0%| F|  |TAMS 0x0000000421400000, 0x0000000421400000| Untracked 
|  36|0x0000000421800000, 0x0000000421800000, 0x0000000421c00000|  0%| F|  |TAMS 0x0000000421800000, 0x0000000421800000| Untracked 
|  37|0x0000000421c00000, 0x0000000421c00000, 0x0000000422000000|  0%| F|  |TAMS 0x0000000421c00000, 0x0000000421c00000| Untracked 
|  38|0x0000000422000000, 0x0000000422000000, 0x0000000422400000|  0%| F|  |TAMS 0x0000000422000000, 0x0000000422000000| Untracked 
|  39|0x0000000422400000, 0x0000000422400000, 0x0000000422800000|  0%| F|  |TAMS 0x0000000422400000, 0x0000000422400000| Untracked 
|  40|0x0000000422800000, 0x0000000422800000, 0x0000000422c00000|  0%| F|  |TAMS 0x0000000422800000, 0x0000000422800000| Untracked 
|  41|0x0000000422c00000, 0x0000000422c00000, 0x0000000423000000|  0%| F|  |TAMS 0x0000000422c00000, 0x0000000422c00000| Untracked 
|  42|0x0000000423000000, 0x0000000423000000, 0x0000000423400000|  0%| F|  |TAMS 0x0000000423000000, 0x0000000423000000| Untracked 
|  43|0x0000000423400000, 0x0000000423400000, 0x0000000423800000|  0%| F|  |TAMS 0x0000000423400000, 0x0000000423400000| Untracked 
|  44|0x0000000423800000, 0x0000000423800000, 0x0000000423c00000|  0%| F|  |TAMS 0x0000000423800000, 0x0000000423800000| Untracked 
|  45|0x0000000423c00000, 0x0000000423c00000, 0x0000000424000000|  0%| F|  |TAMS 0x0000000423c00000, 0x0000000423c00000| Untracked 
|  46|0x0000000424000000, 0x0000000424000000, 0x0000000424400000|  0%| F|  |TAMS 0x0000000424000000, 0x0000000424000000| Untracked 
|  47|0x0000000424400000, 0x0000000424400000, 0x0000000424800000|  0%| F|  |TAMS 0x0000000424400000, 0x0000000424400000| Untracked 
|  48|0x0000000424800000, 0x0000000424800000, 0x0000000424c00000|  0%| F|  |TAMS 0x0000000424800000, 0x0000000424800000| Untracked 
|  49|0x0000000424c00000, 0x0000000424c00000, 0x0000000425000000|  0%| F|  |TAMS 0x0000000424c00000, 0x0000000424c00000| Untracked 
|  50|0x0000000425000000, 0x0000000425000000, 0x0000000425400000|  0%| F|  |TAMS 0x0000000425000000, 0x0000000425000000| Untracked 
|  51|0x0000000425400000, 0x0000000425400000, 0x0000000425800000|  0%| F|  |TAMS 0x0000000425400000, 0x0000000425400000| Untracked 
|  52|0x0000000425800000, 0x0000000425800000, 0x0000000425c00000|  0%| F|  |TAMS 0x0000000425800000, 0x0000000425800000| Untracked 
|  53|0x0000000425c00000, 0x0000000425c00000, 0x0000000426000000|  0%| F|  |TAMS 0x0000000425c00000, 0x0000000425c00000| Untracked 
|  54|0x0000000426000000, 0x0000000426000000, 0x0000000426400000|  0%| F|  |TAMS 0x0000000426000000, 0x0000000426000000| Untracked 
|  55|0x0000000426400000, 0x0000000426400000, 0x0000000426800000|  0%| F|  |TAMS 0x0000000426400000, 0x0000000426400000| Untracked 
|  56|0x0000000426800000, 0x0000000426800000, 0x0000000426c00000|  0%| F|  |TAMS 0x0000000426800000, 0x0000000426800000| Untracked 
|  57|0x0000000426c00000, 0x0000000426c00000, 0x0000000427000000|  0%| F|  |TAMS 0x0000000426c00000, 0x0000000426c00000| Untracked 
|  58|0x0000000427000000, 0x0000000427000000, 0x0000000427400000|  0%| F|  |TAMS 0x0000000427000000, 0x0000000427000000| Untracked 
|  59|0x0000000427400000, 0x0000000427400000, 0x0000000427800000|  0%| F|  |TAMS 0x0000000427400000, 0x0000000427400000| Untracked 
|  60|0x0000000427800000, 0x0000000427800000, 0x0000000427c00000|  0%| F|  |TAMS 0x0000000427800000, 0x0000000427800000| Untracked 
|  61|0x0000000427c00000, 0x0000000427c00000, 0x0000000428000000|  0%| F|  |TAMS 0x0000000427c00000, 0x0000000427c00000| Untracked 
|  62|0x0000000428000000, 0x0000000428000000, 0x0000000428400000|  0%| F|  |TAMS 0x0000000428000000, 0x0000000428000000| Untracked 
|  63|0x0000000428400000, 0x0000000428400000, 0x0000000428800000|  0%| F|  |TAMS 0x0000000428400000, 0x0000000428400000| Untracked 
|  64|0x0000000428800000, 0x0000000428800000, 0x0000000428c00000|  0%| F|  |TAMS 0x0000000428800000, 0x0000000428800000| Untracked 
|  65|0x0000000428c00000, 0x0000000428c00000, 0x0000000429000000|  0%| F|  |TAMS 0x0000000428c00000, 0x0000000428c00000| Untracked 
|  66|0x0000000429000000, 0x0000000429000000, 0x0000000429400000|  0%| F|  |TAMS 0x0000000429000000, 0x0000000429000000| Untracked 
|  67|0x0000000429400000, 0x0000000429400000, 0x0000000429800000|  0%| F|  |TAMS 0x0000000429400000, 0x0000000429400000| Untracked 
|  68|0x0000000429800000, 0x0000000429800000, 0x0000000429c00000|  0%| F|  |TAMS 0x0000000429800000, 0x0000000429800000| Untracked 
|  69|0x0000000429c00000, 0x0000000429c00000, 0x000000042a000000|  0%| F|  |TAMS 0x0000000429c00000, 0x0000000429c00000| Untracked 
|  70|0x000000042a000000, 0x000000042a000000, 0x000000042a400000|  0%| F|  |TAMS 0x000000042a000000, 0x000000042a000000| Untracked 
|  71|0x000000042a400000, 0x000000042a400000, 0x000000042a800000|  0%| F|  |TAMS 0x000000042a400000, 0x000000042a400000| Untracked 
|  72|0x000000042a800000, 0x000000042a800000, 0x000000042ac00000|  0%| F|  |TAMS 0x000000042a800000, 0x000000042a800000| Untracked 
|  73|0x000000042ac00000, 0x000000042ac00000, 0x000000042b000000|  0%| F|  |TAMS 0x000000042ac00000, 0x000000042ac00000| Untracked 
|  74|0x000000042b000000, 0x000000042b000000, 0x000000042b400000|  0%| F|  |TAMS 0x000000042b000000, 0x000000042b000000| Untracked 
|  75|0x000000042b400000, 0x000000042b400000, 0x000000042b800000|  0%| F|  |TAMS 0x000000042b400000, 0x000000042b400000| Untracked 
|  76|0x000000042b800000, 0x000000042b800000, 0x000000042bc00000|  0%| F|  |TAMS 0x000000042b800000, 0x000000042b800000| Untracked 
|  77|0x000000042bc00000, 0x000000042bc00000, 0x000000042c000000|  0%| F|  |TAMS 0x000000042bc00000, 0x000000042bc00000| Untracked 
|  78|0x000000042c000000, 0x000000042c000000, 0x000000042c400000|  0%| F|  |TAMS 0x000000042c000000, 0x000000042c000000| Untracked 
|  79|0x000000042c400000, 0x000000042c400000, 0x000000042c800000|  0%| F|  |TAMS 0x000000042c400000, 0x000000042c400000| Untracked 
|  80|0x000000042c800000, 0x000000042c800000, 0x000000042cc00000|  0%| F|  |TAMS 0x000000042c800000, 0x000000042c800000| Untracked 
|  81|0x000000042cc00000, 0x000000042cc00000, 0x000000042d000000|  0%| F|  |TAMS 0x000000042cc00000, 0x000000042cc00000| Untracked 
|  82|0x000000042d000000, 0x000000042d000000, 0x000000042d400000|  0%| F|  |TAMS 0x000000042d000000, 0x000000042d000000| Untracked 
|  83|0x000000042d400000, 0x000000042d400000, 0x000000042d800000|  0%| F|  |TAMS 0x000000042d400000, 0x000000042d400000| Untracked 
|  84|0x000000042d800000, 0x000000042d800000, 0x000000042dc00000|  0%| F|  |TAMS 0x000000042d800000, 0x000000042d800000| Untracked 
|  85|0x000000042dc00000, 0x000000042dc00000, 0x000000042e000000|  0%| F|  |TAMS 0x000000042dc00000, 0x000000042dc00000| Untracked 
|  86|0x000000042e000000, 0x000000042e000000, 0x000000042e400000|  0%| F|  |TAMS 0x000000042e000000, 0x000000042e000000| Untracked 
|  87|0x000000042e400000, 0x000000042e400000, 0x000000042e800000|  0%| F|  |TAMS 0x000000042e400000, 0x000000042e400000| Untracked 
|  88|0x000000042e800000, 0x000000042e800000, 0x000000042ec00000|  0%| F|  |TAMS 0x000000042e800000, 0x000000042e800000| Untracked 
|  89|0x000000042ec00000, 0x000000042ec00000, 0x000000042f000000|  0%| F|  |TAMS 0x000000042ec00000, 0x000000042ec00000| Untracked 
|  90|0x000000042f000000, 0x000000042f000000, 0x000000042f400000|  0%| F|  |TAMS 0x000000042f000000, 0x000000042f000000| Untracked 
|  91|0x000000042f400000, 0x000000042f400000, 0x000000042f800000|  0%| F|  |TAMS 0x000000042f400000, 0x000000042f400000| Untracked 
|  92|0x000000042f800000, 0x000000042f800000, 0x000000042fc00000|  0%| F|  |TAMS 0x000000042f800000, 0x000000042f800000| Untracked 
|  93|0x000000042fc00000, 0x000000042fc00000, 0x0000000430000000|  0%| F|  |TAMS 0x000000042fc00000, 0x000000042fc00000| Untracked 
|  94|0x0000000430000000, 0x0000000430000000, 0x0000000430400000|  0%| F|  |TAMS 0x0000000430000000, 0x0000000430000000| Untracked 
|  95|0x0000000430400000, 0x0000000430400000, 0x0000000430800000|  0%| F|  |TAMS 0x0000000430400000, 0x0000000430400000| Untracked 
|  96|0x0000000430800000, 0x0000000430800000, 0x0000000430c00000|  0%| F|  |TAMS 0x0000000430800000, 0x0000000430800000| Untracked 
|  97|0x0000000430c00000, 0x0000000430c00000, 0x0000000431000000|  0%| F|  |TAMS 0x0000000430c00000, 0x0000000430c00000| Untracked 
|  98|0x0000000431000000, 0x0000000431000000, 0x0000000431400000|  0%| F|  |TAMS 0x0000000431000000, 0x0000000431000000| Untracked 
|  99|0x0000000431400000, 0x0000000431400000, 0x0000000431800000|  0%| F|  |TAMS 0x0000000431400000, 0x0000000431400000| Untracked 
| 100|0x0000000431800000, 0x0000000431800000, 0x0000000431c00000|  0%| F|  |TAMS 0x0000000431800000, 0x0000000431800000| Untracked 
| 101|0x0000000431c00000, 0x0000000431c00000, 0x0000000432000000|  0%| F|  |TAMS 0x0000000431c00000, 0x0000000431c00000| Untracked 
| 102|0x0000000432000000, 0x0000000432000000, 0x0000000432400000|  0%| F|  |TAMS 0x0000000432000000, 0x0000000432000000| Untracked 
| 103|0x0000000432400000, 0x0000000432400000, 0x0000000432800000|  0%| F|  |TAMS 0x0000000432400000, 0x0000000432400000| Untracked 
| 104|0x0000000432800000, 0x0000000432800000, 0x0000000432c00000|  0%| F|  |TAMS 0x0000000432800000, 0x0000000432800000| Untracked 
| 105|0x0000000432c00000, 0x0000000432c00000, 0x0000000433000000|  0%| F|  |TAMS 0x0000000432c00000, 0x0000000432c00000| Untracked 
| 106|0x0000000433000000, 0x0000000433000000, 0x0000000433400000|  0%| F|  |TAMS 0x0000000433000000, 0x0000000433000000| Untracked 
| 107|0x0000000433400000, 0x0000000433400000, 0x0000000433800000|  0%| F|  |TAMS 0x0000000433400000, 0x0000000433400000| Untracked 
| 108|0x0000000433800000, 0x0000000433800000, 0x0000000433c00000|  0%| F|  |TAMS 0x0000000433800000, 0x0000000433800000| Untracked 
| 109|0x0000000433c00000, 0x0000000433c00000, 0x0000000434000000|  0%| F|  |TAMS 0x0000000433c00000, 0x0000000433c00000| Untracked 
| 110|0x0000000434000000, 0x0000000434000000, 0x0000000434400000|  0%| F|  |TAMS 0x0000000434000000, 0x0000000434000000| Untracked 
| 111|0x0000000434400000, 0x0000000434400000, 0x0000000434800000|  0%| F|  |TAMS 0x0000000434400000, 0x0000000434400000| Untracked 
| 112|0x0000000434800000, 0x0000000434800000, 0x0000000434c00000|  0%| F|  |TAMS 0x0000000434800000, 0x0000000434800000| Untracked 
| 113|0x0000000434c00000, 0x0000000434c00000, 0x0000000435000000|  0%| F|  |TAMS 0x0000000434c00000, 0x0000000434c00000| Untracked 
| 114|0x0000000435000000, 0x0000000435000000, 0x0000000435400000|  0%| F|  |TAMS 0x0000000435000000, 0x0000000435000000| Untracked 
| 115|0x0000000435400000, 0x0000000435400000, 0x0000000435800000|  0%| F|  |TAMS 0x0000000435400000, 0x0000000435400000| Untracked 
| 116|0x0000000435800000, 0x0000000435800000, 0x0000000435c00000|  0%| F|  |TAMS 0x0000000435800000, 0x0000000435800000| Untracked 
| 117|0x0000000435c00000, 0x0000000435c00000, 0x0000000436000000|  0%| F|  |TAMS 0x0000000435c00000, 0x0000000435c00000| Untracked 
| 118|0x0000000436000000, 0x0000000436000000, 0x0000000436400000|  0%| F|  |TAMS 0x0000000436000000, 0x0000000436000000| Untracked 
| 119|0x0000000436400000, 0x0000000436400000, 0x0000000436800000|  0%| F|  |TAMS 0x0000000436400000, 0x0000000436400000| Untracked 
| 120|0x0000000436800000, 0x0000000436800000, 0x0000000436c00000|  0%| F|  |TAMS 0x0000000436800000, 0x0000000436800000| Untracked 
| 121|0x0000000436c00000, 0x0000000436c00000, 0x0000000437000000|  0%| F|  |TAMS 0x0000000436c00000, 0x0000000436c00000| Untracked 
| 122|0x0000000437000000, 0x0000000437000000, 0x0000000437400000|  0%| F|  |TAMS 0x0000000437000000, 0x0000000437000000| Untracked 
| 123|0x0000000437400000, 0x0000000437400000, 0x0000000437800000|  0%| F|  |TAMS 0x0000000437400000, 0x0000000437400000| Untracked 
| 124|0x0000000437800000, 0x0000000437800000, 0x0000000437c00000|  0%| F|  |TAMS 0x0000000437800000, 0x0000000437800000| Untracked 
| 125|0x0000000437c00000, 0x0000000437c00000, 0x0000000438000000|  0%| F|  |TAMS 0x0000000437c00000, 0x0000000437c00000| Untracked 
| 126|0x0000000438000000, 0x0000000438000000, 0x0000000438400000|  0%| F|  |TAMS 0x0000000438000000, 0x0000000438000000| Untracked 
| 127|0x0000000438400000, 0x0000000438400000, 0x0000000438800000|  0%| F|  |TAMS 0x0000000438400000, 0x0000000438400000| Untracked 
| 128|0x0000000438800000, 0x0000000438800000, 0x0000000438c00000|  0%| F|  |TAMS 0x0000000438800000, 0x0000000438800000| Untracked 
| 129|0x0000000438c00000, 0x0000000438c00000, 0x0000000439000000|  0%| F|  |TAMS 0x0000000438c00000, 0x0000000438c00000| Untracked 
| 130|0x0000000439000000, 0x0000000439000000, 0x0000000439400000|  0%| F|  |TAMS 0x0000000439000000, 0x0000000439000000| Untracked 
| 131|0x0000000439400000, 0x0000000439400000, 0x0000000439800000|  0%| F|  |TAMS 0x0000000439400000, 0x0000000439400000| Untracked 
| 132|0x0000000439800000, 0x0000000439800000, 0x0000000439c00000|  0%| F|  |TAMS 0x0000000439800000, 0x0000000439800000| Untracked 
| 133|0x0000000439c00000, 0x0000000439c00000, 0x000000043a000000|  0%| F|  |TAMS 0x0000000439c00000, 0x0000000439c00000| Untracked 
| 134|0x000000043a000000, 0x000000043a000000, 0x000000043a400000|  0%| F|  |TAMS 0x000000043a000000, 0x000000043a000000| Untracked 
| 135|0x000000043a400000, 0x000000043a400000, 0x000000043a800000|  0%| F|  |TAMS 0x000000043a400000, 0x000000043a400000| Untracked 
| 136|0x000000043a800000, 0x000000043a800000, 0x000000043ac00000|  0%| F|  |TAMS 0x000000043a800000, 0x000000043a800000| Untracked 
| 137|0x000000043ac00000, 0x000000043ac00000, 0x000000043b000000|  0%| F|  |TAMS 0x000000043ac00000, 0x000000043ac00000| Untracked 
| 138|0x000000043b000000, 0x000000043b000000, 0x000000043b400000|  0%| F|  |TAMS 0x000000043b000000, 0x000000043b000000| Untracked 
| 139|0x000000043b400000, 0x000000043b400000, 0x000000043b800000|  0%| F|  |TAMS 0x000000043b400000, 0x000000043b400000| Untracked 
| 140|0x000000043b800000, 0x000000043b800000, 0x000000043bc00000|  0%| F|  |TAMS 0x000000043b800000, 0x000000043b800000| Untracked 
| 141|0x000000043bc00000, 0x000000043bc00000, 0x000000043c000000|  0%| F|  |TAMS 0x000000043bc00000, 0x000000043bc00000| Untracked 
| 142|0x000000043c000000, 0x000000043c000000, 0x000000043c400000|  0%| F|  |TAMS 0x000000043c000000, 0x000000043c000000| Untracked 
| 143|0x000000043c400000, 0x000000043c400000, 0x000000043c800000|  0%| F|  |TAMS 0x000000043c400000, 0x000000043c400000| Untracked 
| 144|0x000000043c800000, 0x000000043c800000, 0x000000043cc00000|  0%| F|  |TAMS 0x000000043c800000, 0x000000043c800000| Untracked 
| 145|0x000000043cc00000, 0x000000043cc00000, 0x000000043d000000|  0%| F|  |TAMS 0x000000043cc00000, 0x000000043cc00000| Untracked 
| 146|0x000000043d000000, 0x000000043d000000, 0x000000043d400000|  0%| F|  |TAMS 0x000000043d000000, 0x000000043d000000| Untracked 
| 147|0x000000043d400000, 0x000000043d400000, 0x000000043d800000|  0%| F|  |TAMS 0x000000043d400000, 0x000000043d400000| Untracked 
| 148|0x000000043d800000, 0x000000043d800000, 0x000000043dc00000|  0%| F|  |TAMS 0x000000043d800000, 0x000000043d800000| Untracked 
| 149|0x000000043dc00000, 0x000000043dc00000, 0x000000043e000000|  0%| F|  |TAMS 0x000000043dc00000, 0x000000043dc00000| Untracked 
| 150|0x000000043e000000, 0x000000043e000000, 0x000000043e400000|  0%| F|  |TAMS 0x000000043e000000, 0x000000043e000000| Untracked 
| 151|0x000000043e400000, 0x000000043e400000, 0x000000043e800000|  0%| F|  |TAMS 0x000000043e400000, 0x000000043e400000| Untracked 
| 152|0x000000043e800000, 0x000000043e800000, 0x000000043ec00000|  0%| F|  |TAMS 0x000000043e800000, 0x000000043e800000| Untracked 
| 153|0x000000043ec00000, 0x000000043ec00000, 0x000000043f000000|  0%| F|  |TAMS 0x000000043ec00000, 0x000000043ec00000| Untracked 
| 154|0x000000043f000000, 0x000000043f000000, 0x000000043f400000|  0%| F|  |TAMS 0x000000043f000000, 0x000000043f000000| Untracked 
| 155|0x000000043f400000, 0x000000043f400000, 0x000000043f800000|  0%| F|  |TAMS 0x000000043f400000, 0x000000043f400000| Untracked 
| 156|0x000000043f800000, 0x000000043f800000, 0x000000043fc00000|  0%| F|  |TAMS 0x000000043f800000, 0x000000043f800000| Untracked 
| 157|0x000000043fc00000, 0x000000043fc00000, 0x0000000440000000|  0%| F|  |TAMS 0x000000043fc00000, 0x000000043fc00000| Untracked 
| 158|0x0000000440000000, 0x0000000440000000, 0x0000000440400000|  0%| F|  |TAMS 0x0000000440000000, 0x0000000440000000| Untracked 
| 159|0x0000000440400000, 0x0000000440400000, 0x0000000440800000|  0%| F|  |TAMS 0x0000000440400000, 0x0000000440400000| Untracked 
| 160|0x0000000440800000, 0x0000000440800000, 0x0000000440c00000|  0%| F|  |TAMS 0x0000000440800000, 0x0000000440800000| Untracked 
| 161|0x0000000440c00000, 0x0000000440c00000, 0x0000000441000000|  0%| F|  |TAMS 0x0000000440c00000, 0x0000000440c00000| Untracked 
| 162|0x0000000441000000, 0x0000000441000000, 0x0000000441400000|  0%| F|  |TAMS 0x0000000441000000, 0x0000000441000000| Untracked 
| 163|0x0000000441400000, 0x0000000441400000, 0x0000000441800000|  0%| F|  |TAMS 0x0000000441400000, 0x0000000441400000| Untracked 
| 164|0x0000000441800000, 0x0000000441800000, 0x0000000441c00000|  0%| F|  |TAMS 0x0000000441800000, 0x0000000441800000| Untracked 
| 165|0x0000000441c00000, 0x0000000441c00000, 0x0000000442000000|  0%| F|  |TAMS 0x0000000441c00000, 0x0000000441c00000| Untracked 
| 166|0x0000000442000000, 0x0000000442000000, 0x0000000442400000|  0%| F|  |TAMS 0x0000000442000000, 0x0000000442000000| Untracked 
| 167|0x0000000442400000, 0x0000000442400000, 0x0000000442800000|  0%| F|  |TAMS 0x0000000442400000, 0x0000000442400000| Untracked 
| 168|0x0000000442800000, 0x0000000442800000, 0x0000000442c00000|  0%| F|  |TAMS 0x0000000442800000, 0x0000000442800000| Untracked 
| 169|0x0000000442c00000, 0x0000000442c00000, 0x0000000443000000|  0%| F|  |TAMS 0x0000000442c00000, 0x0000000442c00000| Untracked 
| 170|0x0000000443000000, 0x0000000443000000, 0x0000000443400000|  0%| F|  |TAMS 0x0000000443000000, 0x0000000443000000| Untracked 
| 171|0x0000000443400000, 0x0000000443400000, 0x0000000443800000|  0%| F|  |TAMS 0x0000000443400000, 0x0000000443400000| Untracked 
| 172|0x0000000443800000, 0x0000000443800000, 0x0000000443c00000|  0%| F|  |TAMS 0x0000000443800000, 0x0000000443800000| Untracked 
| 173|0x0000000443c00000, 0x0000000443c00000, 0x0000000444000000|  0%| F|  |TAMS 0x0000000443c00000, 0x0000000443c00000| Untracked 
| 174|0x0000000444000000, 0x0000000444000000, 0x0000000444400000|  0%| F|  |TAMS 0x0000000444000000, 0x0000000444000000| Untracked 
| 175|0x0000000444400000, 0x0000000444400000, 0x0000000444800000|  0%| F|  |TAMS 0x0000000444400000, 0x0000000444400000| Untracked 
| 176|0x0000000444800000, 0x0000000444800000, 0x0000000444c00000|  0%| F|  |TAMS 0x0000000444800000, 0x0000000444800000| Untracked 
| 177|0x0000000444c00000, 0x0000000444c00000, 0x0000000445000000|  0%| F|  |TAMS 0x0000000444c00000, 0x0000000444c00000| Untracked 
| 178|0x0000000445000000, 0x0000000445000000, 0x0000000445400000|  0%| F|  |TAMS 0x0000000445000000, 0x0000000445000000| Untracked 
| 179|0x0000000445400000, 0x0000000445400000, 0x0000000445800000|  0%| F|  |TAMS 0x0000000445400000, 0x0000000445400000| Untracked 
| 180|0x0000000445800000, 0x0000000445800000, 0x0000000445c00000|  0%| F|  |TAMS 0x0000000445800000, 0x0000000445800000| Untracked 
| 181|0x0000000445c00000, 0x0000000445c00000, 0x0000000446000000|  0%| F|  |TAMS 0x0000000445c00000, 0x0000000445c00000| Untracked 
| 182|0x0000000446000000, 0x0000000446000000, 0x0000000446400000|  0%| F|  |TAMS 0x0000000446000000, 0x0000000446000000| Untracked 
| 183|0x0000000446400000, 0x0000000446400000, 0x0000000446800000|  0%| F|  |TAMS 0x0000000446400000, 0x0000000446400000| Untracked 
| 184|0x0000000446800000, 0x0000000446800000, 0x0000000446c00000|  0%| F|  |TAMS 0x0000000446800000, 0x0000000446800000| Untracked 
| 185|0x0000000446c00000, 0x0000000446c00000, 0x0000000447000000|  0%| F|  |TAMS 0x0000000446c00000, 0x0000000446c00000| Untracked 
| 186|0x0000000447000000, 0x0000000447000000, 0x0000000447400000|  0%| F|  |TAMS 0x0000000447000000, 0x0000000447000000| Untracked 
| 187|0x0000000447400000, 0x0000000447400000, 0x0000000447800000|  0%| F|  |TAMS 0x0000000447400000, 0x0000000447400000| Untracked 
| 188|0x0000000447800000, 0x0000000447800000, 0x0000000447c00000|  0%| F|  |TAMS 0x0000000447800000, 0x0000000447800000| Untracked 
| 189|0x0000000447c00000, 0x0000000447c00000, 0x0000000448000000|  0%| F|  |TAMS 0x0000000447c00000, 0x0000000447c00000| Untracked 
| 190|0x0000000448000000, 0x0000000448000000, 0x0000000448400000|  0%| F|  |TAMS 0x0000000448000000, 0x0000000448000000| Untracked 
| 191|0x0000000448400000, 0x0000000448400000, 0x0000000448800000|  0%| F|  |TAMS 0x0000000448400000, 0x0000000448400000| Untracked 
| 192|0x0000000448800000, 0x0000000448800000, 0x0000000448c00000|  0%| F|  |TAMS 0x0000000448800000, 0x0000000448800000| Untracked 
| 193|0x0000000448c00000, 0x0000000448c00000, 0x0000000449000000|  0%| F|  |TAMS 0x0000000448c00000, 0x0000000448c00000| Untracked 
| 194|0x0000000449000000, 0x0000000449000000, 0x0000000449400000|  0%| F|  |TAMS 0x0000000449000000, 0x0000000449000000| Untracked 
| 195|0x0000000449400000, 0x0000000449400000, 0x0000000449800000|  0%| F|  |TAMS 0x0000000449400000, 0x0000000449400000| Untracked 
| 196|0x0000000449800000, 0x0000000449800000, 0x0000000449c00000|  0%| F|  |TAMS 0x0000000449800000, 0x0000000449800000| Untracked 
| 197|0x0000000449c00000, 0x0000000449c00000, 0x000000044a000000|  0%| F|  |TAMS 0x0000000449c00000, 0x0000000449c00000| Untracked 
| 198|0x000000044a000000, 0x000000044a000000, 0x000000044a400000|  0%| F|  |TAMS 0x000000044a000000, 0x000000044a000000| Untracked 
| 199|0x000000044a400000, 0x000000044a400000, 0x000000044a800000|  0%| F|  |TAMS 0x000000044a400000, 0x000000044a400000| Untracked 
| 200|0x000000044a800000, 0x000000044a800000, 0x000000044ac00000|  0%| F|  |TAMS 0x000000044a800000, 0x000000044a800000| Untracked 
| 201|0x000000044ac00000, 0x000000044ac00000, 0x000000044b000000|  0%| F|  |TAMS 0x000000044ac00000, 0x000000044ac00000| Untracked 
| 202|0x000000044b000000, 0x000000044b000000, 0x000000044b400000|  0%| F|  |TAMS 0x000000044b000000, 0x000000044b000000| Untracked 
| 203|0x000000044b400000, 0x000000044b400000, 0x000000044b800000|  0%| F|  |TAMS 0x000000044b400000, 0x000000044b400000| Untracked 
| 204|0x000000044b800000, 0x000000044b800000, 0x000000044bc00000|  0%| F|  |TAMS 0x000000044b800000, 0x000000044b800000| Untracked 
| 205|0x000000044bc00000, 0x000000044bc00000, 0x000000044c000000|  0%| F|  |TAMS 0x000000044bc00000, 0x000000044bc00000| Untracked 
| 206|0x000000044c000000, 0x000000044c000000, 0x000000044c400000|  0%| F|  |TAMS 0x000000044c000000, 0x000000044c000000| Untracked 
| 207|0x000000044c400000, 0x000000044c400000, 0x000000044c800000|  0%| F|  |TAMS 0x000000044c400000, 0x000000044c400000| Untracked 
| 208|0x000000044c800000, 0x000000044c800000, 0x000000044cc00000|  0%| F|  |TAMS 0x000000044c800000, 0x000000044c800000| Untracked 
| 209|0x000000044cc00000, 0x000000044cc00000, 0x000000044d000000|  0%| F|  |TAMS 0x000000044cc00000, 0x000000044cc00000| Untracked 
| 210|0x000000044d000000, 0x000000044d000000, 0x000000044d400000|  0%| F|  |TAMS 0x000000044d000000, 0x000000044d000000| Untracked 
| 211|0x000000044d400000, 0x000000044d400000, 0x000000044d800000|  0%| F|  |TAMS 0x000000044d400000, 0x000000044d400000| Untracked 
| 212|0x000000044d800000, 0x000000044d800000, 0x000000044dc00000|  0%| F|  |TAMS 0x000000044d800000, 0x000000044d800000| Untracked 
| 213|0x000000044dc00000, 0x000000044dc00000, 0x000000044e000000|  0%| F|  |TAMS 0x000000044dc00000, 0x000000044dc00000| Untracked 
| 214|0x000000044e000000, 0x000000044e000000, 0x000000044e400000|  0%| F|  |TAMS 0x000000044e000000, 0x000000044e000000| Untracked 
| 215|0x000000044e400000, 0x000000044e400000, 0x000000044e800000|  0%| F|  |TAMS 0x000000044e400000, 0x000000044e400000| Untracked 
| 216|0x000000044e800000, 0x000000044e800000, 0x000000044ec00000|  0%| F|  |TAMS 0x000000044e800000, 0x000000044e800000| Untracked 
| 217|0x000000044ec00000, 0x000000044ec00000, 0x000000044f000000|  0%| F|  |TAMS 0x000000044ec00000, 0x000000044ec00000| Untracked 
| 218|0x000000044f000000, 0x000000044f000000, 0x000000044f400000|  0%| F|  |TAMS 0x000000044f000000, 0x000000044f000000| Untracked 
| 219|0x000000044f400000, 0x000000044f400000, 0x000000044f800000|  0%| F|  |TAMS 0x000000044f400000, 0x000000044f400000| Untracked 
| 220|0x000000044f800000, 0x000000044f800000, 0x000000044fc00000|  0%| F|  |TAMS 0x000000044f800000, 0x000000044f800000| Untracked 
| 221|0x000000044fc00000, 0x000000044fc00000, 0x0000000450000000|  0%| F|  |TAMS 0x000000044fc00000, 0x000000044fc00000| Untracked 
| 222|0x0000000450000000, 0x0000000450000000, 0x0000000450400000|  0%| F|  |TAMS 0x0000000450000000, 0x0000000450000000| Untracked 
| 223|0x0000000450400000, 0x0000000450400000, 0x0000000450800000|  0%| F|  |TAMS 0x0000000450400000, 0x0000000450400000| Untracked 
| 224|0x0000000450800000, 0x0000000450800000, 0x0000000450c00000|  0%| F|  |TAMS 0x0000000450800000, 0x0000000450800000| Untracked 
| 225|0x0000000450c00000, 0x0000000450c00000, 0x0000000451000000|  0%| F|  |TAMS 0x0000000450c00000, 0x0000000450c00000| Untracked 
| 226|0x0000000451000000, 0x0000000451000000, 0x0000000451400000|  0%| F|  |TAMS 0x0000000451000000, 0x0000000451000000| Untracked 
| 227|0x0000000451400000, 0x0000000451400000, 0x0000000451800000|  0%| F|  |TAMS 0x0000000451400000, 0x0000000451400000| Untracked 
| 228|0x0000000451800000, 0x0000000451800000, 0x0000000451c00000|  0%| F|  |TAMS 0x0000000451800000, 0x0000000451800000| Untracked 
| 229|0x0000000451c00000, 0x0000000451c00000, 0x0000000452000000|  0%| F|  |TAMS 0x0000000451c00000, 0x0000000451c00000| Untracked 
| 230|0x0000000452000000, 0x0000000452000000, 0x0000000452400000|  0%| F|  |TAMS 0x0000000452000000, 0x0000000452000000| Untracked 
| 231|0x0000000452400000, 0x0000000452400000, 0x0000000452800000|  0%| F|  |TAMS 0x0000000452400000, 0x0000000452400000| Untracked 
| 232|0x0000000452800000, 0x0000000452800000, 0x0000000452c00000|  0%| F|  |TAMS 0x0000000452800000, 0x0000000452800000| Untracked 
| 233|0x0000000452c00000, 0x0000000452c00000, 0x0000000453000000|  0%| F|  |TAMS 0x0000000452c00000, 0x0000000452c00000| Untracked 
| 234|0x0000000453000000, 0x0000000453000000, 0x0000000453400000|  0%| F|  |TAMS 0x0000000453000000, 0x0000000453000000| Untracked 
| 235|0x0000000453400000, 0x0000000453400000, 0x0000000453800000|  0%| F|  |TAMS 0x0000000453400000, 0x0000000453400000| Untracked 
| 236|0x0000000453800000, 0x0000000453800000, 0x0000000453c00000|  0%| F|  |TAMS 0x0000000453800000, 0x0000000453800000| Untracked 
| 237|0x0000000453c00000, 0x0000000453c00000, 0x0000000454000000|  0%| F|  |TAMS 0x0000000453c00000, 0x0000000453c00000| Untracked 
| 238|0x0000000454000000, 0x0000000454000000, 0x0000000454400000|  0%| F|  |TAMS 0x0000000454000000, 0x0000000454000000| Untracked 
| 239|0x0000000454400000, 0x00000004546e1d08, 0x0000000454800000| 72%| E|  |TAMS 0x0000000454400000, 0x0000000454400000| Complete 
| 240|0x0000000454800000, 0x0000000454c00000, 0x0000000454c00000|100%| E|CS|TAMS 0x0000000454800000, 0x0000000454800000| Complete 
| 241|0x0000000454c00000, 0x0000000455000000, 0x0000000455000000|100%| E|CS|TAMS 0x0000000454c00000, 0x0000000454c00000| Complete 
| 242|0x0000000455000000, 0x0000000455400000, 0x0000000455400000|100%| E|CS|TAMS 0x0000000455000000, 0x0000000455000000| Complete 
| 243|0x0000000455400000, 0x0000000455800000, 0x0000000455800000|100%| E|CS|TAMS 0x0000000455400000, 0x0000000455400000| Complete 
| 244|0x0000000455800000, 0x0000000455c00000, 0x0000000455c00000|100%| E|CS|TAMS 0x0000000455800000, 0x0000000455800000| Complete 
| 245|0x0000000455c00000, 0x0000000456000000, 0x0000000456000000|100%| E|CS|TAMS 0x0000000455c00000, 0x0000000455c00000| Complete 
| 246|0x0000000456000000, 0x0000000456400000, 0x0000000456400000|100%| E|CS|TAMS 0x0000000456000000, 0x0000000456000000| Complete 
| 247|0x0000000456400000, 0x0000000456800000, 0x0000000456800000|100%| E|CS|TAMS 0x0000000456400000, 0x0000000456400000| Complete 
| 248|0x0000000456800000, 0x0000000456c00000, 0x0000000456c00000|100%| E|  |TAMS 0x0000000456800000, 0x0000000456800000| Complete 
| 249|0x0000000456c00000, 0x0000000457000000, 0x0000000457000000|100%| E|CS|TAMS 0x0000000456c00000, 0x0000000456c00000| Complete 
|3740|0x00000007bf800000, 0x00000007bf847000, 0x00000007bfc00000|  6%|OA|  |TAMS 0x00000007bf800000, 0x00000007bf800000| Untracked 
|3741|0x00000007bfc00000, 0x00000007bfc6b000, 0x00000007c0000000| 10%|CA|  |TAMS 0x00000007bfc00000, 0x00000007bfc00000| Untracked 

Card table byte_map: [0x00007f33c60c4000,0x00007f33c8000000] _byte_map_base: 0x00007f33c4000000

Marking Bits (Prev, Next): (CMBitMap*) 0x00007f33e405b978, (CMBitMap*) 0x00007f33e405b9b0
 Prev Bits: [0x00007f33b47a8000, 0x00007f33c4188000)
 Next Bits: [0x00007f33a4dc8000, 0x00007f33b47a8000)

Polling page: 0x00007f33ebac8000

Metaspace:

Usage:
  Non-class:      7.45 MB capacity,     4.76 MB ( 64%) used,     2.68 MB ( 36%) free+waste,     6.69 KB ( <1%) overhead. 
      Class:      1.01 MB capacity,   734.02 KB ( 71%) used,   292.85 KB ( 28%) free+waste,     3.12 KB ( <1%) overhead. 
       Both:      8.46 MB capacity,     5.48 MB ( 65%) used,     2.97 MB ( 35%) free+waste,     9.81 KB ( <1%) overhead. 

Virtual space:
  Non-class space:        8.00 MB reserved,       7.50 MB ( 94%) committed 
      Class space:        1.00 GB reserved,       1.12 MB ( <1%) committed 
             Both:        1.01 GB reserved,       8.62 MB ( <1%) committed 

Chunk freelists:
   Non-Class:  20.00 KB
       Class:  26.00 KB
        Both:  46.00 KB

MaxMetaspaceSize: unlimited
CompressedClassSpaceSize: 1.00 GB
Initial GC threshold: 20.80 MB
Current GC threshold: 20.80 MB
CDS: on

CodeHeap 'non-profiled nmethods': size=119172Kb used=305Kb max_used=305Kb free=118867Kb
 bounds [0x00007f33d43f2000, 0x00007f33d4662000, 0x00007f33db853000]
CodeHeap 'profiled nmethods': size=119168Kb used=1890Kb max_used=1890Kb free=117277Kb
 bounds [0x00007f33ccf92000, 0x00007f33cd202000, 0x00007f33d43f2000]
CodeHeap 'non-nmethods': size=7420Kb used=2828Kb max_used=2853Kb free=4591Kb
 bounds [0x00007f33cc853000, 0x00007f33ccb23000, 0x00007f33ccf92000]
 total_blobs=1248 nmethods=849 adapters=310
 compilation: enabled
              stopped_count=0, restarted_count=0
 full_count=0

Compilation events (20 events):
Event: 0.680 Thread 0x00007f3374203000 nmethod 836 0x00007f33d4435290 code [0x00007f33d4435440, 0x00007f33d4435c38]
Event: 0.680 Thread 0x00007f3374203000  846       4       java.math.BigInteger::compareMagnitude (96 bytes)
Event: 0.680 Thread 0x00007f3350002800  823       4       java.math.BigInteger::remainderKnuth (48 bytes)
Event: 0.681 Thread 0x00007f337003a000  848       3       java.util.ArrayList::newCapacity (65 bytes)
Event: 0.681 Thread 0x00007f3378023800  849       1       algebra.fields.Fp::toBigInteger (5 bytes)
Event: 0.681 Thread 0x00007f3378023800 nmethod 849 0x00007f33d4435f10 code [0x00007f33d44360c0, 0x00007f33d4436190]
Event: 0.681 Thread 0x00007f337003a000 nmethod 848 0x00007f33cd14dc10 code [0x00007f33cd14de20, 0x00007f33cd14e3d0]
Event: 0.682 Thread 0x00007f33e42c0800  852       3       java.math.BigInteger::toByteArray (78 bytes)
Event: 0.682 Thread 0x00007f337003a000  851       3       algebra.msm.FixedBaseMSM::bigIntegerToByteArrayHelperCGBN (43 bytes)
Event: 0.682 Thread 0x00007f3374203000 nmethod 846 0x00007f33d4436210 code [0x00007f33d44363a0, 0x00007f33d44364f8]
Event: 0.682 Thread 0x00007f3374203000  822       4       java.math.BigInteger::remainder (38 bytes)
Event: 0.682 Thread 0x00007f3378023800  853       3       java.util.ArrayList::<init> (12 bytes)
Event: 0.682 Thread 0x00007f337003a000 nmethod 851 0x00007f33cd14e590 code [0x00007f33cd14e760, 0x00007f33cd14ea40]
Event: 0.682 Thread 0x00007f33e42c0800 nmethod 852 0x00007f33cd14ec10 code [0x00007f33cd14ee00, 0x00007f33cd14f1d0]
Event: 0.682 Thread 0x00007f337003a000  854       3       algebra.curves.barreto_naehrig.BNFields$BNFq::toBigInteger (8 bytes)
Event: 0.682 Thread 0x00007f33e42c0800  855       3       java.math.BigInteger::bitLength (140 bytes)
Event: 0.682 Thread 0x00007f3378023800 nmethod 853 0x00007f33cd14f390 code [0x00007f33cd14f560, 0x00007f33cd14f810]
Event: 0.682 Thread 0x00007f337003a000 nmethod 854 0x00007f33cd14f910 code [0x00007f33cd14fae0, 0x00007f33cd14fce0]
Event: 0.683 Thread 0x00007f33e42c0800 nmethod 855 0x00007f33cd14fd90 code [0x00007f33cd14ffa0, 0x00007f33cd150510]
Event: 0.683 Thread 0x00007f3378023800  856       3       algebra.curves.barreto_naehrig.bn254a.BN254aG1::BN254G1ToBigInteger (55 bytes)

GC Heap History (0 events):
No events

Deoptimization events (20 events):
Event: 0.671 Thread 0x00007f33e4016800 DEOPT PACKING pc=0x00007f33cd111257 sp=0x00007f33ebc00a90
Event: 0.671 Thread 0x00007f33e4016800 DEOPT UNPACKING pc=0x00007f33cc89d64a sp=0x00007f33ebbfff08 mode 0
Event: 0.672 Thread 0x00007f33e4016800 DEOPT PACKING pc=0x00007f33cd111257 sp=0x00007f33ebc00b90
Event: 0.672 Thread 0x00007f33e4016800 DEOPT UNPACKING pc=0x00007f33cc89d64a sp=0x00007f33ebc00008 mode 0
Event: 0.673 Thread 0x00007f33e4016800 DEOPT PACKING pc=0x00007f33cd111257 sp=0x00007f33ebc00b50
Event: 0.673 Thread 0x00007f33e4016800 DEOPT UNPACKING pc=0x00007f33cc89d64a sp=0x00007f33ebbfffc8 mode 0
Event: 0.674 Thread 0x00007f33e4016800 DEOPT PACKING pc=0x00007f33cd111257 sp=0x00007f33ebc00b30
Event: 0.674 Thread 0x00007f33e4016800 DEOPT UNPACKING pc=0x00007f33cc89d64a sp=0x00007f33ebbfffa8 mode 0
Event: 0.675 Thread 0x00007f33e4016800 DEOPT PACKING pc=0x00007f33cd111257 sp=0x00007f33ebc008d0
Event: 0.675 Thread 0x00007f33e4016800 DEOPT UNPACKING pc=0x00007f33cc89d64a sp=0x00007f33ebbffd48 mode 0
Event: 0.676 Thread 0x00007f33e4016800 DEOPT PACKING pc=0x00007f33cd111257 sp=0x00007f33ebc00b50
Event: 0.676 Thread 0x00007f33e4016800 DEOPT UNPACKING pc=0x00007f33cc89d64a sp=0x00007f33ebbfffc8 mode 0
Event: 0.677 Thread 0x00007f33e4016800 DEOPT PACKING pc=0x00007f33cd111257 sp=0x00007f33ebc00b50
Event: 0.677 Thread 0x00007f33e4016800 DEOPT UNPACKING pc=0x00007f33cc89d64a sp=0x00007f33ebbfffc8 mode 0
Event: 0.678 Thread 0x00007f33e4016800 DEOPT PACKING pc=0x00007f33cd111257 sp=0x00007f33ebc00b30
Event: 0.678 Thread 0x00007f33e4016800 DEOPT UNPACKING pc=0x00007f33cc89d64a sp=0x00007f33ebbfffa8 mode 0
Event: 0.679 Thread 0x00007f33e4016800 DEOPT PACKING pc=0x00007f33cd111257 sp=0x00007f33ebc008d0
Event: 0.679 Thread 0x00007f33e4016800 DEOPT UNPACKING pc=0x00007f33cc89d64a sp=0x00007f33ebbffd48 mode 0
Event: 0.679 Thread 0x00007f33e4016800 DEOPT PACKING pc=0x00007f33cd111257 sp=0x00007f33ebc00b30
Event: 0.679 Thread 0x00007f33e4016800 DEOPT UNPACKING pc=0x00007f33cc89d64a sp=0x00007f33ebbfffa8 mode 0

Classes redefined (0 events):
No events

Internal exceptions (1 events):
Event: 0.287 Thread 0x00007f33e4016800 Exception <a 'java/lang/NoSuchMethodError'{0x00000004563afed0}: 'int java.lang.invoke.DirectMethodHandle$Holder.invokeSpecialIFC(java.lang.Object, java.lang.Object, int)'> (0x00000004563afed0) thrown at [src/hotspot/share/interpreter/linkResolver.cpp, line 772]

Events (20 events):
Event: 0.618 loading class jdk/internal/math/FloatingDecimal$BinaryToASCIIBuffer done
Event: 0.618 loading class jdk/internal/math/FloatingDecimal$1
Event: 0.618 loading class jdk/internal/math/FloatingDecimal$1 done
Event: 0.618 loading class jdk/internal/math/FloatingDecimal$PreparedASCIIToBinaryBuffer
Event: 0.618 loading class jdk/internal/math/FloatingDecimal$ASCIIToBinaryConverter
Event: 0.618 loading class jdk/internal/math/FloatingDecimal$ASCIIToBinaryConverter done
Event: 0.618 loading class jdk/internal/math/FloatingDecimal$PreparedASCIIToBinaryBuffer done
Event: 0.618 loading class jdk/internal/math/FDBigInteger
Event: 0.618 loading class jdk/internal/math/FDBigInteger done
Event: 0.646 Thread 0x00007f3370140000 Thread added: 0x00007f3370140000
Event: 0.646 Protecting memory [0x00007f339c817000,0x00007f339c81b000] with protection modes 0
Event: 0.648 Thread 0x00007f33741e9800 Thread added: 0x00007f33741e9800
Event: 0.648 Protecting memory [0x00007f339c61d000,0x00007f339c621000] with protection modes 0
Event: 0.648 Thread 0x00007f3374203000 Thread added: 0x00007f3374203000
Event: 0.648 Protecting memory [0x00007f339c51c000,0x00007f339c520000] with protection modes 0
Event: 0.652 loading class algebra/msm/FixedBaseMSM
Event: 0.652 loading class algebra/msm/FixedBaseMSM done
Event: 0.653 Loaded shared library /usr/lib/libAlgebraMSMFixedBaseMSM.so
Event: 0.680 Thread 0x00007f3350002800 Thread added: 0x00007f3350002800
Event: 0.680 Protecting memory [0x00007f339c20c000,0x00007f339c210000] with protection modes 0


Dynamic libraries:
418800000-457000000 rw-p 00000000 00:00 0 
457000000-7bf800000 ---p 00000000 00:00 0 
7bf800000-7bf847000 rw-p 01114000 08:24 3276805                          /usr/lib/jvm/java-11-openjdk-amd64/lib/server/classes.jsa
7bf847000-7bfc00000 rw-p 00000000 00:00 0 
7bfc00000-7bfc6b000 rw-p 010a9000 08:24 3276805                          /usr/lib/jvm/java-11-openjdk-amd64/lib/server/classes.jsa
7bfc6b000-7c0000000 rw-p 00000000 00:00 0 
7c0000000-800000000 ---p 00000000 00:00 0 
800000000-800002000 rwxp 00001000 08:24 3276805                          /usr/lib/jvm/java-11-openjdk-amd64/lib/server/classes.jsa
800002000-8003b7000 rw-p 00003000 08:24 3276805                          /usr/lib/jvm/java-11-openjdk-amd64/lib/server/classes.jsa
8003b7000-800a97000 r--p 003b8000 08:24 3276805                          /usr/lib/jvm/java-11-openjdk-amd64/lib/server/classes.jsa
800a97000-800a98000 rw-p 00a98000 08:24 3276805                          /usr/lib/jvm/java-11-openjdk-amd64/lib/server/classes.jsa
800a98000-8010a8000 r--p 00a99000 08:24 3276805                          /usr/lib/jvm/java-11-openjdk-amd64/lib/server/classes.jsa
840000000-840120000 rw-p 00000000 00:00 0 
840120000-880000000 ---p 00000000 00:00 0 
55d9e2e41000-55d9e2e42000 r--p 00000000 08:24 3153495                    /usr/lib/jvm/java-11-openjdk-amd64/bin/java
55d9e2e42000-55d9e2e43000 r-xp 00001000 08:24 3153495                    /usr/lib/jvm/java-11-openjdk-amd64/bin/java
55d9e2e43000-55d9e2e44000 r--p 00002000 08:24 3153495                    /usr/lib/jvm/java-11-openjdk-amd64/bin/java
55d9e2e44000-55d9e2e45000 r--p 00002000 08:24 3153495                    /usr/lib/jvm/java-11-openjdk-amd64/bin/java
55d9e2e45000-55d9e2e46000 rw-p 00003000 08:24 3153495                    /usr/lib/jvm/java-11-openjdk-amd64/bin/java
55d9e4051000-55d9e4072000 rw-p 00000000 00:00 0                          [heap]
7f3344000000-7f3344180000 rw-p 00000000 00:00 0 
7f3344180000-7f3348000000 ---p 00000000 00:00 0 
7f334c000000-7f334c324000 rw-p 00000000 00:00 0 
7f334c324000-7f3350000000 ---p 00000000 00:00 0 
7f3350000000-7f33501ac000 rw-p 00000000 00:00 0 
7f33501ac000-7f3354000000 ---p 00000000 00:00 0 
7f3354000000-7f3354427000 rw-p 00000000 00:00 0 
7f3354427000-7f3358000000 ---p 00000000 00:00 0 
7f3358000000-7f33583a2000 rw-p 00000000 00:00 0 
7f33583a2000-7f335c000000 ---p 00000000 00:00 0 
7f335c000000-7f335c021000 rw-p 00000000 00:00 0 
7f335c021000-7f3360000000 ---p 00000000 00:00 0 
7f3360000000-7f3360021000 rw-p 00000000 00:00 0 
7f3360021000-7f3364000000 ---p 00000000 00:00 0 
7f3364000000-7f3364144000 rw-p 00000000 00:00 0 
7f3364144000-7f3368000000 ---p 00000000 00:00 0 
7f3368000000-7f3368148000 rw-p 00000000 00:00 0 
7f3368148000-7f336c000000 ---p 00000000 00:00 0 
7f336c000000-7f336c021000 rw-p 00000000 00:00 0 
7f336c021000-7f3370000000 ---p 00000000 00:00 0 
7f3370000000-7f337018b000 rw-p 00000000 00:00 0 
7f337018b000-7f3374000000 ---p 00000000 00:00 0 
7f3374000000-7f3374657000 rw-p 00000000 00:00 0 
7f3374657000-7f3378000000 ---p 00000000 00:00 0 
7f3378000000-7f3378189000 rw-p 00000000 00:00 0 
7f3378189000-7f337c000000 ---p 00000000 00:00 0 
7f337c000000-7f337c021000 rw-p 00000000 00:00 0 
7f337c021000-7f3380000000 ---p 00000000 00:00 0 
7f3380000000-7f3380021000 rw-p 00000000 00:00 0 
7f3380021000-7f3384000000 ---p 00000000 00:00 0 
7f3384000000-7f3384021000 rw-p 00000000 00:00 0 
7f3384021000-7f3388000000 ---p 00000000 00:00 0 
7f3388000000-7f3388021000 rw-p 00000000 00:00 0 
7f3388021000-7f338c000000 ---p 00000000 00:00 0 
7f338c000000-7f338c021000 rw-p 00000000 00:00 0 
7f338c021000-7f3390000000 ---p 00000000 00:00 0 
7f3390000000-7f3390021000 rw-p 00000000 00:00 0 
7f3390021000-7f3394000000 ---p 00000000 00:00 0 
7f3394000000-7f3394021000 rw-p 00000000 00:00 0 
7f3394021000-7f3398000000 ---p 00000000 00:00 0 
7f3398000000-7f3398021000 rw-p 00000000 00:00 0 
7f3398021000-7f339c000000 ---p 00000000 00:00 0 
7f339c16b000-7f339c20c000 rw-p 00000000 00:00 0 
7f339c20c000-7f339c210000 ---p 00000000 00:00 0 
7f339c210000-7f339c30d000 rw-p 00000000 00:00 0 
7f339c30d000-7f339c317000 r--p 00000000 08:24 57816807                   /usr/lib/libAlgebraMSMFixedBaseMSM.so
7f339c317000-7f339c36f000 r-xp 0000a000 08:24 57816807                   /usr/lib/libAlgebraMSMFixedBaseMSM.so
7f339c36f000-7f339c516000 r--p 00062000 08:24 57816807                   /usr/lib/libAlgebraMSMFixedBaseMSM.so
7f339c516000-7f339c517000 ---p 00209000 08:24 57816807                   /usr/lib/libAlgebraMSMFixedBaseMSM.so
7f339c517000-7f339c51a000 r--p 00209000 08:24 57816807                   /usr/lib/libAlgebraMSMFixedBaseMSM.so
7f339c51a000-7f339c51b000 rw-p 0020c000 08:24 57816807                   /usr/lib/libAlgebraMSMFixedBaseMSM.so
7f339c51b000-7f339c51c000 rw-p 00000000 00:00 0 
7f339c51c000-7f339c520000 ---p 00000000 00:00 0 
7f339c520000-7f339c61d000 rw-p 00000000 00:00 0 
7f339c61d000-7f339c621000 ---p 00000000 00:00 0 
7f339c621000-7f339c71e000 rw-p 00000000 00:00 0 
7f339c71e000-7f339c727000 r--p 00000000 08:24 57816806                   /usr/lib/libAlgebraFFTAuxiliary.so
7f339c727000-7f339c77d000 r-xp 00009000 08:24 57816806                   /usr/lib/libAlgebraFFTAuxiliary.so
7f339c77d000-7f339c811000 r--p 0005f000 08:24 57816806                   /usr/lib/libAlgebraFFTAuxiliary.so
7f339c811000-7f339c812000 ---p 000f3000 08:24 57816806                   /usr/lib/libAlgebraFFTAuxiliary.so
7f339c812000-7f339c815000 r--p 000f3000 08:24 57816806                   /usr/lib/libAlgebraFFTAuxiliary.so
7f339c815000-7f339c816000 rw-p 000f6000 08:24 57816806                   /usr/lib/libAlgebraFFTAuxiliary.so
7f339c816000-7f339c817000 rw-p 00000000 00:00 0 
7f339c817000-7f339c81b000 ---p 00000000 00:00 0 
7f339c81b000-7f339c918000 rw-p 00000000 00:00 0 
7f339c918000-7f339c91c000 ---p 00000000 00:00 0 
7f339c91c000-7f339ca19000 rw-p 00000000 00:00 0 
7f339ca19000-7f339ca1d000 ---p 00000000 00:00 0 
7f339ca1d000-7f339cb1a000 rw-p 00000000 00:00 0 
7f339cb1a000-7f339cb1b000 ---p 00000000 00:00 0 
7f339cb1b000-7f339cc1c000 rw-p 00000000 00:00 0 
7f339cc1c000-7f339cc20000 ---p 00000000 00:00 0 
7f339cc20000-7f339cd1d000 rw-p 00000000 00:00 0 
7f339cd1d000-7f339cd21000 ---p 00000000 00:00 0 
7f339cd21000-7f339ce1e000 rw-p 00000000 00:00 0 
7f339ce1e000-7f339ce22000 ---p 00000000 00:00 0 
7f339ce22000-7f339cf1f000 rw-p 00000000 00:00 0 
7f339cf1f000-7f339cf23000 ---p 00000000 00:00 0 
7f339cf23000-7f339d020000 rw-p 00000000 00:00 0 
7f339d020000-7f339d024000 ---p 00000000 00:00 0 
7f339d024000-7f339d121000 rw-p 00000000 00:00 0 
7f339d121000-7f339d125000 ---p 00000000 00:00 0 
7f339d125000-7f339d222000 rw-p 00000000 00:00 0 
7f339d222000-7f339e000000 r--p 00000000 08:24 57809273                   /usr/lib/locale/locale-archive
7f339e000000-7f33a0000000 rw-p 00000000 00:00 0 
7f33a0000000-7f33a0021000 rw-p 00000000 00:00 0 
7f33a0021000-7f33a4000000 ---p 00000000 00:00 0 
7f33a4041000-7f33a4045000 ---p 00000000 00:00 0 
7f33a4045000-7f33a4142000 rw-p 00000000 00:00 0 
7f33a4142000-7f33a4146000 ---p 00000000 00:00 0 
7f33a4146000-7f33a4243000 rw-p 00000000 00:00 0 
7f33a4243000-7f33a4247000 ---p 00000000 00:00 0 
7f33a4247000-7f33a4344000 rw-p 00000000 00:00 0 
7f33a4344000-7f33a4348000 ---p 00000000 00:00 0 
7f33a4348000-7f33a4445000 rw-p 00000000 00:00 0 
7f33a4445000-7f33a4446000 ---p 00000000 00:00 0 
7f33a4446000-7f33a4d48000 rw-p 00000000 00:00 0 
7f33a4d48000-7f33a4dc8000 ---p 00000000 00:00 0 
7f33a4dc8000-7f33a5d68000 rw-p 00000000 00:00 0 
7f33a5d68000-7f33b3788000 ---p 00000000 00:00 0 
7f33b3788000-7f33b37a8000 rw-p 00000000 00:00 0 
7f33b37a8000-7f33b47a8000 ---p 00000000 00:00 0 
7f33b47a8000-7f33b5748000 rw-p 00000000 00:00 0 
7f33b5748000-7f33c3168000 ---p 00000000 00:00 0 
7f33c3168000-7f33c3188000 rw-p 00000000 00:00 0 
7f33c3188000-7f33c4188000 ---p 00000000 00:00 0 
7f33c4188000-7f33c437c000 rw-p 00000000 00:00 0 
7f33c437c000-7f33c5ec0000 ---p 00000000 00:00 0 
7f33c5ec0000-7f33c5ec4000 rw-p 00000000 00:00 0 
7f33c5ec4000-7f33c60c4000 ---p 00000000 00:00 0 
7f33c60c4000-7f33c62b8000 rw-p 00000000 00:00 0 
7f33c62b8000-7f33c7dfc000 ---p 00000000 00:00 0 
7f33c7dfc000-7f33c7e00000 rw-p 00000000 00:00 0 
7f33c7e00000-7f33c8000000 ---p 00000000 00:00 0 
7f33c8000000-7f33c8021000 rw-p 00000000 00:00 0 
7f33c8021000-7f33cc000000 ---p 00000000 00:00 0 
7f33cc01c000-7f33cc020000 r--p 00000000 08:24 3283785                    /usr/lib/jvm/java-11-openjdk-amd64/lib/libnet.so
7f33cc020000-7f33cc02f000 r-xp 00004000 08:24 3283785                    /usr/lib/jvm/java-11-openjdk-amd64/lib/libnet.so
7f33cc02f000-7f33cc033000 r--p 00013000 08:24 3283785                    /usr/lib/jvm/java-11-openjdk-amd64/lib/libnet.so
7f33cc033000-7f33cc034000 r--p 00016000 08:24 3283785                    /usr/lib/jvm/java-11-openjdk-amd64/lib/libnet.so
7f33cc034000-7f33cc035000 rw-p 00017000 08:24 3283785                    /usr/lib/jvm/java-11-openjdk-amd64/lib/libnet.so
7f33cc035000-7f33cc03c000 r--p 00000000 08:24 3283786                    /usr/lib/jvm/java-11-openjdk-amd64/lib/libnio.so
7f33cc03c000-7f33cc044000 r-xp 00007000 08:24 3283786                    /usr/lib/jvm/java-11-openjdk-amd64/lib/libnio.so
7f33cc044000-7f33cc047000 r--p 0000f000 08:24 3283786                    /usr/lib/jvm/java-11-openjdk-amd64/lib/libnio.so
7f33cc047000-7f33cc048000 r--p 00011000 08:24 3283786                    /usr/lib/jvm/java-11-openjdk-amd64/lib/libnio.so
7f33cc048000-7f33cc049000 rw-p 00012000 08:24 3283786                    /usr/lib/jvm/java-11-openjdk-amd64/lib/libnio.so
7f33cc049000-7f33cc04a000 ---p 00000000 00:00 0 
7f33cc04a000-7f33cc14b000 rw-p 00000000 00:00 0 
7f33cc14b000-7f33cc14c000 ---p 00000000 00:00 0 
7f33cc14c000-7f33cc853000 rw-p 00000000 00:00 0 
7f33cc853000-7f33ccb23000 rwxp 00000000 00:00 0 
7f33ccb23000-7f33ccf92000 ---p 00000000 00:00 0 
7f33ccf92000-7f33cd202000 rwxp 00000000 00:00 0 
7f33cd202000-7f33d43f2000 ---p 00000000 00:00 0 
7f33d43f2000-7f33d4662000 rwxp 00000000 00:00 0 
7f33d4662000-7f33db853000 ---p 00000000 00:00 0 
7f33db853000-7f33e4000000 r--s 00000000 08:24 3283958                    /usr/lib/jvm/java-11-openjdk-amd64/lib/modules
7f33e4000000-7f33e4c90000 rw-p 00000000 00:00 0 
7f33e4c90000-7f33e8000000 ---p 00000000 00:00 0 
7f33e800a000-7f33e876c000 rw-p 00000000 00:00 0 
7f33e876c000-7f33e876d000 ---p 00000000 00:00 0 
7f33e876d000-7f33e886e000 rw-p 00000000 00:00 0 
7f33e886e000-7f33e886f000 ---p 00000000 00:00 0 
7f33e886f000-7f33e8ce3000 rw-p 00000000 00:00 0 
7f33e8ce3000-7f33ea827000 ---p 00000000 00:00 0 
7f33ea827000-7f33ea82b000 rw-p 00000000 00:00 0 
7f33ea82b000-7f33eaa2b000 ---p 00000000 00:00 0 
7f33eaa2b000-7f33eb7b5000 rw-p 00000000 00:00 0 
7f33eb7b5000-7f33eb7b6000 ---p 00000000 00:00 0 
7f33eb7b6000-7f33eb8bc000 rw-p 00000000 00:00 0 
7f33eb8bc000-7f33eb9a0000 ---p 00000000 00:00 0 
7f33eb9a0000-7f33eb9a5000 rw-p 00000000 00:00 0 
7f33eb9a5000-7f33eba89000 ---p 00000000 00:00 0 
7f33eba89000-7f33eba8f000 rw-p 00000000 00:00 0 
7f33eba8f000-7f33eba98000 ---p 00000000 00:00 0 
7f33eba98000-7f33eba9b000 r--p 00000000 08:24 57810845                   /usr/lib/x86_64-linux-gnu/libnss_files-2.31.so
7f33eba9b000-7f33ebaa2000 r-xp 00003000 08:24 57810845                   /usr/lib/x86_64-linux-gnu/libnss_files-2.31.so
7f33ebaa2000-7f33ebaa4000 r--p 0000a000 08:24 57810845                   /usr/lib/x86_64-linux-gnu/libnss_files-2.31.so
7f33ebaa4000-7f33ebaa5000 r--p 0000b000 08:24 57810845                   /usr/lib/x86_64-linux-gnu/libnss_files-2.31.so
7f33ebaa5000-7f33ebaa6000 rw-p 0000c000 08:24 57810845                   /usr/lib/x86_64-linux-gnu/libnss_files-2.31.so
7f33ebaa6000-7f33ebaac000 rw-p 00000000 00:00 0 
7f33ebab4000-7f33ebab6000 r--s 0000c000 08:24 58592386                   /usr/share/java/java-atk-wrapper.jar
7f33ebab6000-7f33ebab8000 r--p 00000000 08:24 3283794                    /usr/lib/jvm/java-11-openjdk-amd64/lib/libzip.so
7f33ebab8000-7f33ebabc000 r-xp 00002000 08:24 3283794                    /usr/lib/jvm/java-11-openjdk-amd64/lib/libzip.so
7f33ebabc000-7f33ebabe000 r--p 00006000 08:24 3283794                    /usr/lib/jvm/java-11-openjdk-amd64/lib/libzip.so
7f33ebabe000-7f33ebabf000 r--p 00007000 08:24 3283794                    /usr/lib/jvm/java-11-openjdk-amd64/lib/libzip.so
7f33ebabf000-7f33ebac0000 rw-p 00008000 08:24 3283794                    /usr/lib/jvm/java-11-openjdk-amd64/lib/libzip.so
7f33ebac0000-7f33ebac8000 rw-s 00000000 08:24 5509670                    /tmp/hsperfdata_lianke/2303243
7f33ebac8000-7f33ebac9000 ---p 00000000 00:00 0 
7f33ebac9000-7f33ebaca000 r--p 00000000 00:00 0 
7f33ebaca000-7f33ebad8000 r--p 00000000 08:24 3283774                    /usr/lib/jvm/java-11-openjdk-amd64/lib/libjava.so
7f33ebad8000-7f33ebaee000 r-xp 0000e000 08:24 3283774                    /usr/lib/jvm/java-11-openjdk-amd64/lib/libjava.so
7f33ebaee000-7f33ebaf5000 r--p 00024000 08:24 3283774                    /usr/lib/jvm/java-11-openjdk-amd64/lib/libjava.so
7f33ebaf5000-7f33ebaf6000 r--p 0002a000 08:24 3283774                    /usr/lib/jvm/java-11-openjdk-amd64/lib/libjava.so
7f33ebaf6000-7f33ebaf7000 rw-p 0002b000 08:24 3283774                    /usr/lib/jvm/java-11-openjdk-amd64/lib/libjava.so
7f33ebaf7000-7f33ebaf8000 rw-p 00000000 00:00 0 
7f33ebaf8000-7f33ebafb000 r--p 00000000 08:24 57811047                   /usr/lib/x86_64-linux-gnu/librt-2.31.so
7f33ebafb000-7f33ebaff000 r-xp 00003000 08:24 57811047                   /usr/lib/x86_64-linux-gnu/librt-2.31.so
7f33ebaff000-7f33ebb00000 r--p 00007000 08:24 57811047                   /usr/lib/x86_64-linux-gnu/librt-2.31.so
7f33ebb00000-7f33ebb01000 ---p 00008000 08:24 57811047                   /usr/lib/x86_64-linux-gnu/librt-2.31.so
7f33ebb01000-7f33ebb02000 r--p 00008000 08:24 57811047                   /usr/lib/x86_64-linux-gnu/librt-2.31.so
7f33ebb02000-7f33ebb03000 rw-p 00009000 08:24 57811047                   /usr/lib/x86_64-linux-gnu/librt-2.31.so
7f33ebb03000-7f33ebb07000 ---p 00000000 00:00 0 
7f33ebb07000-7f33ebc04000 rw-p 00000000 00:00 0 
7f33ebc04000-7f33ebc07000 r--p 00000000 08:24 57808048                   /usr/lib/x86_64-linux-gnu/libgcc_s.so.1
7f33ebc07000-7f33ebc19000 r-xp 00003000 08:24 57808048                   /usr/lib/x86_64-linux-gnu/libgcc_s.so.1
7f33ebc19000-7f33ebc1d000 r--p 00015000 08:24 57808048                   /usr/lib/x86_64-linux-gnu/libgcc_s.so.1
7f33ebc1d000-7f33ebc1e000 r--p 00018000 08:24 57808048                   /usr/lib/x86_64-linux-gnu/libgcc_s.so.1
7f33ebc1e000-7f33ebc1f000 rw-p 00019000 08:24 57808048                   /usr/lib/x86_64-linux-gnu/libgcc_s.so.1
7f33ebc1f000-7f33ebc2e000 r--p 00000000 08:24 57810724                   /usr/lib/x86_64-linux-gnu/libm-2.31.so
7f33ebc2e000-7f33ebcd5000 r-xp 0000f000 08:24 57810724                   /usr/lib/x86_64-linux-gnu/libm-2.31.so
7f33ebcd5000-7f33ebd6c000 r--p 000b6000 08:24 57810724                   /usr/lib/x86_64-linux-gnu/libm-2.31.so
7f33ebd6c000-7f33ebd6d000 r--p 0014c000 08:24 57810724                   /usr/lib/x86_64-linux-gnu/libm-2.31.so
7f33ebd6d000-7f33ebd6e000 rw-p 0014d000 08:24 57810724                   /usr/lib/x86_64-linux-gnu/libm-2.31.so
7f33ebd6e000-7f33ebe04000 r--p 00000000 08:24 57803887                   /usr/lib/x86_64-linux-gnu/libstdc++.so.6.0.28
7f33ebe04000-7f33ebef5000 r-xp 00096000 08:24 57803887                   /usr/lib/x86_64-linux-gnu/libstdc++.so.6.0.28
7f33ebef5000-7f33ebf3e000 r--p 00187000 08:24 57803887                   /usr/lib/x86_64-linux-gnu/libstdc++.so.6.0.28
7f33ebf3e000-7f33ebf3f000 ---p 001d0000 08:24 57803887                   /usr/lib/x86_64-linux-gnu/libstdc++.so.6.0.28
7f33ebf3f000-7f33ebf4a000 r--p 001d0000 08:24 57803887                   /usr/lib/x86_64-linux-gnu/libstdc++.so.6.0.28
7f33ebf4a000-7f33ebf4d000 rw-p 001db000 08:24 57803887                   /usr/lib/x86_64-linux-gnu/libstdc++.so.6.0.28
7f33ebf4d000-7f33ebf50000 rw-p 00000000 00:00 0 
7f33ebf50000-7f33ec1d1000 r--p 00000000 08:24 3283961                    /usr/lib/jvm/java-11-openjdk-amd64/lib/server/libjvm.so
7f33ec1d1000-7f33ece51000 r-xp 00281000 08:24 3283961                    /usr/lib/jvm/java-11-openjdk-amd64/lib/server/libjvm.so
7f33ece51000-7f33ed0ac000 r--p 00f01000 08:24 3283961                    /usr/lib/jvm/java-11-openjdk-amd64/lib/server/libjvm.so
7f33ed0ac000-7f33ed170000 r--p 0115b000 08:24 3283961                    /usr/lib/jvm/java-11-openjdk-amd64/lib/server/libjvm.so
7f33ed170000-7f33ed1ab000 rw-p 0121f000 08:24 3283961                    /usr/lib/jvm/java-11-openjdk-amd64/lib/server/libjvm.so
7f33ed1ab000-7f33ed204000 rw-p 00000000 00:00 0 
7f33ed204000-7f33ed20b000 r--p 00000000 08:24 57810986                   /usr/lib/x86_64-linux-gnu/libpthread-2.31.so
7f33ed20b000-7f33ed21c000 r-xp 00007000 08:24 57810986                   /usr/lib/x86_64-linux-gnu/libpthread-2.31.so
7f33ed21c000-7f33ed221000 r--p 00018000 08:24 57810986                   /usr/lib/x86_64-linux-gnu/libpthread-2.31.so
7f33ed221000-7f33ed222000 r--p 0001c000 08:24 57810986                   /usr/lib/x86_64-linux-gnu/libpthread-2.31.so
7f33ed222000-7f33ed223000 rw-p 0001d000 08:24 57810986                   /usr/lib/x86_64-linux-gnu/libpthread-2.31.so
7f33ed223000-7f33ed227000 rw-p 00000000 00:00 0 
7f33ed227000-7f33ed228000 r--p 00000000 08:24 57810219                   /usr/lib/x86_64-linux-gnu/libdl-2.31.so
7f33ed228000-7f33ed22a000 r-xp 00001000 08:24 57810219                   /usr/lib/x86_64-linux-gnu/libdl-2.31.so
7f33ed22a000-7f33ed22b000 r--p 00003000 08:24 57810219                   /usr/lib/x86_64-linux-gnu/libdl-2.31.so
7f33ed22b000-7f33ed22c000 r--p 00003000 08:24 57810219                   /usr/lib/x86_64-linux-gnu/libdl-2.31.so
7f33ed22c000-7f33ed22d000 rw-p 00004000 08:24 57810219                   /usr/lib/x86_64-linux-gnu/libdl-2.31.so
7f33ed22d000-7f33ed22f000 r--p 00000000 08:24 57811400                   /usr/lib/x86_64-linux-gnu/libz.so.1.2.11
7f33ed22f000-7f33ed240000 r-xp 00002000 08:24 57811400                   /usr/lib/x86_64-linux-gnu/libz.so.1.2.11
7f33ed240000-7f33ed246000 r--p 00013000 08:24 57811400                   /usr/lib/x86_64-linux-gnu/libz.so.1.2.11
7f33ed246000-7f33ed247000 ---p 00019000 08:24 57811400                   /usr/lib/x86_64-linux-gnu/libz.so.1.2.11
7f33ed247000-7f33ed248000 r--p 00019000 08:24 57811400                   /usr/lib/x86_64-linux-gnu/libz.so.1.2.11
7f33ed248000-7f33ed249000 rw-p 0001a000 08:24 57811400                   /usr/lib/x86_64-linux-gnu/libz.so.1.2.11
7f33ed249000-7f33ed26e000 r--p 00000000 08:24 57810084                   /usr/lib/x86_64-linux-gnu/libc-2.31.so
7f33ed26e000-7f33ed3e6000 r-xp 00025000 08:24 57810084                   /usr/lib/x86_64-linux-gnu/libc-2.31.so
7f33ed3e6000-7f33ed430000 r--p 0019d000 08:24 57810084                   /usr/lib/x86_64-linux-gnu/libc-2.31.so
7f33ed430000-7f33ed431000 ---p 001e7000 08:24 57810084                   /usr/lib/x86_64-linux-gnu/libc-2.31.so
7f33ed431000-7f33ed434000 r--p 001e7000 08:24 57810084                   /usr/lib/x86_64-linux-gnu/libc-2.31.so
7f33ed434000-7f33ed437000 rw-p 001ea000 08:24 57810084                   /usr/lib/x86_64-linux-gnu/libc-2.31.so
7f33ed437000-7f33ed43b000 rw-p 00000000 00:00 0 
7f33ed43c000-7f33ed43e000 r--p 00000000 08:24 3283777                    /usr/lib/jvm/java-11-openjdk-amd64/lib/libjimage.so
7f33ed43e000-7f33ed441000 r-xp 00002000 08:24 3283777                    /usr/lib/jvm/java-11-openjdk-amd64/lib/libjimage.so
7f33ed441000-7f33ed442000 r--p 00005000 08:24 3283777                    /usr/lib/jvm/java-11-openjdk-amd64/lib/libjimage.so
7f33ed442000-7f33ed443000 ---p 00006000 08:24 3283777                    /usr/lib/jvm/java-11-openjdk-amd64/lib/libjimage.so
7f33ed443000-7f33ed444000 r--p 00006000 08:24 3283777                    /usr/lib/jvm/java-11-openjdk-amd64/lib/libjimage.so
7f33ed444000-7f33ed445000 rw-p 00007000 08:24 3283777                    /usr/lib/jvm/java-11-openjdk-amd64/lib/libjimage.so
7f33ed445000-7f33ed44a000 r--p 00000000 08:24 3283793                    /usr/lib/jvm/java-11-openjdk-amd64/lib/libverify.so
7f33ed44a000-7f33ed451000 r-xp 00005000 08:24 3283793                    /usr/lib/jvm/java-11-openjdk-amd64/lib/libverify.so
7f33ed451000-7f33ed453000 r--p 0000c000 08:24 3283793                    /usr/lib/jvm/java-11-openjdk-amd64/lib/libverify.so
7f33ed453000-7f33ed454000 ---p 0000e000 08:24 3283793                    /usr/lib/jvm/java-11-openjdk-amd64/lib/libverify.so
7f33ed454000-7f33ed456000 r--p 0000e000 08:24 3283793                    /usr/lib/jvm/java-11-openjdk-amd64/lib/libverify.so
7f33ed456000-7f33ed457000 rw-p 00010000 08:24 3283793                    /usr/lib/jvm/java-11-openjdk-amd64/lib/libverify.so
7f33ed457000-7f33ed45a000 r--p 00000000 08:24 3283759                    /usr/lib/jvm/java-11-openjdk-amd64/lib/jli/libjli.so
7f33ed45a000-7f33ed464000 r-xp 00003000 08:24 3283759                    /usr/lib/jvm/java-11-openjdk-amd64/lib/jli/libjli.so
7f33ed464000-7f33ed467000 r--p 0000d000 08:24 3283759                    /usr/lib/jvm/java-11-openjdk-amd64/lib/jli/libjli.so
7f33ed467000-7f33ed468000 ---p 00010000 08:24 3283759                    /usr/lib/jvm/java-11-openjdk-amd64/lib/jli/libjli.so
7f33ed468000-7f33ed469000 r--p 00010000 08:24 3283759                    /usr/lib/jvm/java-11-openjdk-amd64/lib/jli/libjli.so
7f33ed469000-7f33ed46a000 rw-p 00011000 08:24 3283759                    /usr/lib/jvm/java-11-openjdk-amd64/lib/jli/libjli.so
7f33ed46a000-7f33ed46c000 rw-p 00000000 00:00 0 
7f33ed46c000-7f33ed46d000 r--p 00000000 08:24 57809870                   /usr/lib/x86_64-linux-gnu/ld-2.31.so
7f33ed46d000-7f33ed490000 r-xp 00001000 08:24 57809870                   /usr/lib/x86_64-linux-gnu/ld-2.31.so
7f33ed490000-7f33ed498000 r--p 00024000 08:24 57809870                   /usr/lib/x86_64-linux-gnu/ld-2.31.so
7f33ed499000-7f33ed49a000 r--p 0002c000 08:24 57809870                   /usr/lib/x86_64-linux-gnu/ld-2.31.so
7f33ed49a000-7f33ed49b000 rw-p 0002d000 08:24 57809870                   /usr/lib/x86_64-linux-gnu/ld-2.31.so
7f33ed49b000-7f33ed49c000 rw-p 00000000 00:00 0 
7ffd2ce1d000-7ffd2ce3e000 rw-p 00000000 00:00 0                          [stack]
7ffd2ce80000-7ffd2ce84000 r--p 00000000 00:00 0                          [vvar]
7ffd2ce84000-7ffd2ce86000 r-xp 00000000 00:00 0                          [vdso]
ffffffffff600000-ffffffffff601000 --xp 00000000 00:00 0                  [vsyscall]


VM Arguments:
java_command: /home/lianke/GPU-DIZK/target/surefire/surefirebooter11310945267222749458.jar /home/lianke/GPU-DIZK/target/surefire/surefire8776945076394199521tmp /home/lianke/GPU-DIZK/target/surefire/surefire_016774083558692013970tmp
java_class_path (initial): /home/lianke/GPU-DIZK/target/surefire/surefirebooter11310945267222749458.jar
Launcher Type: SUN_STANDARD

[Global flags]
     intx CICompilerCount                          = 12                                        {product} {ergonomic}
     uint ConcGCThreads                            = 3                                         {product} {ergonomic}
     uint G1ConcRefinementThreads                  = 13                                        {product} {ergonomic}
   size_t G1HeapRegionSize                         = 4194304                                   {product} {ergonomic}
    uintx GCDrainStackTargetSize                   = 64                                        {product} {ergonomic}
   size_t InitialHeapSize                          = 1048576000                                {product} {ergonomic}
   size_t MarkStackSize                            = 4194304                                   {product} {ergonomic}
   size_t MaxHeapSize                              = 16768827392                               {product} {ergonomic}
   size_t MaxNewSize                               = 10057940992                               {product} {ergonomic}
   size_t MinHeapDeltaBytes                        = 4194304                                   {product} {ergonomic}
    uintx NonNMethodCodeHeapSize                   = 7594288                                {pd product} {ergonomic}
    uintx NonProfiledCodeHeapSize                  = 122031976                              {pd product} {ergonomic}
    uintx ProfiledCodeHeapSize                     = 122031976                              {pd product} {ergonomic}
    uintx ReservedCodeCacheSize                    = 251658240                              {pd product} {ergonomic}
     bool SegmentedCodeCache                       = true                                      {product} {ergonomic}
     bool UseCompressedClassPointers               = true                                 {lp64_product} {ergonomic}
     bool UseCompressedOops                        = true                                 {lp64_product} {ergonomic}
     bool UseG1GC                                  = true                                      {product} {ergonomic}

Logging:
Log output configuration:
 #0: stdout all=warning uptime,level,tags
 #1: stderr all=off uptime,level,tags

Environment Variables:
PATH=/home/lianke/.vscode-server/bin/899d46d82c4c95423fb7e10e68eba52050e30ba3/bin:/home/lianke/.vscode-server/bin/899d46d82c4c95423fb7e10e68eba52050e30ba3/bin:/usr/local/sbin:/usr/local/bin:/usr/sbin:/usr/bin:/sbin:/bin:/usr/games:/usr/local/games:/snap/bin
SHELL=/bin/bash
LANG=en_US.UTF-8

Signal Handlers:
SIGSEGV: [libjvm.so+0xe8e8d0], sa_mask[0]=11111111011111111101111111111110, sa_flags=SA_RESTART|SA_SIGINFO
SIGBUS: [libjvm.so+0xe8e8d0], sa_mask[0]=11111111011111111101111111111110, sa_flags=SA_RESTART|SA_SIGINFO
SIGFPE: [libjvm.so+0xe8e8d0], sa_mask[0]=11111111011111111101111111111110, sa_flags=SA_RESTART|SA_SIGINFO
SIGPIPE: [libjvm.so+0xbd6910], sa_mask[0]=11111111011111111101111111111110, sa_flags=SA_RESTART|SA_SIGINFO
SIGXFSZ: [libjvm.so+0xbd6910], sa_mask[0]=11111111011111111101111111111110, sa_flags=SA_RESTART|SA_SIGINFO
SIGILL: [libjvm.so+0xe8e8d0], sa_mask[0]=11111111011111111101111111111110, sa_flags=SA_RESTART|SA_SIGINFO
SIGUSR2: [libjvm.so+0xbd67b0], sa_mask[0]=00100000000000000000000000000000, sa_flags=SA_RESTART|SA_SIGINFO
SIGHUP: [libjvm.so+0xbd6c50], sa_mask[0]=11111111011111111101111111111110, sa_flags=SA_RESTART|SA_SIGINFO
SIGINT: [libjvm.so+0xbd6c50], sa_mask[0]=11111111011111111101111111111110, sa_flags=SA_RESTART|SA_SIGINFO
SIGTERM: [libjvm.so+0xbd6c50], sa_mask[0]=11111111011111111101111111111110, sa_flags=SA_RESTART|SA_SIGINFO
SIGQUIT: [libjvm.so+0xbd6c50], sa_mask[0]=11111111011111111101111111111110, sa_flags=SA_RESTART|SA_SIGINFO


---------------  S Y S T E M  ---------------

OS:DISTRIB_ID=Ubuntu
DISTRIB_RELEASE=20.04
DISTRIB_CODENAME=focal
DISTRIB_DESCRIPTION="Ubuntu 20.04.3 LTS"
uname:Linux 5.11.0-40-generic #44~20.04.2-Ubuntu SMP Tue Oct 26 18:07:44 UTC 2021 x86_64
OS uptime: 41 days 2:24 hours
libc:glibc 2.31 NPTL 2.31 
rlimit (soft/hard): STACK 8192k/infinity , CORE 0k/infinity , NPROC 255594/255594 , NOFILE 1048576/1048576 , AS infinity/infinity , CPU infinity/infinity , DATA infinity/infinity , FSIZE infinity/infinity , MEMLOCK 65536k/65536k
load average:0.95 1.43 1.46

/proc/meminfo:
MemTotal:       65497584 kB
MemFree:        15849680 kB
MemAvailable:   53868532 kB
Buffers:          730880 kB
Cached:         36418744 kB
SwapCached:         1196 kB
Active:         18564380 kB
Inactive:       28929700 kB
Active(anon):       3484 kB
Inactive(anon): 10251980 kB
Active(file):   18560896 kB
Inactive(file): 18677720 kB
Unevictable:           0 kB
Mlocked:               0 kB
SwapTotal:       2097148 kB
SwapFree:        2083580 kB
Dirty:                64 kB
Writeback:             0 kB
AnonPages:      10343692 kB
Mapped:           729212 kB
Shmem:              4124 kB
KReclaimable:    1509836 kB
Slab:            1836252 kB
SReclaimable:    1509836 kB
SUnreclaim:       326416 kB
KernelStack:       30464 kB
PageTables:        88576 kB
NFS_Unstable:          0 kB
Bounce:                0 kB
WritebackTmp:          0 kB
CommitLimit:    34845940 kB
Committed_AS:   14508280 kB
VmallocTotal:   34359738367 kB
VmallocUsed:      104204 kB
VmallocChunk:          0 kB
Percpu:            21888 kB
HardwareCorrupted:     0 kB
AnonHugePages:         0 kB
ShmemHugePages:        0 kB
ShmemPmdMapped:        0 kB
FileHugePages:         0 kB
FilePmdMapped:         0 kB
HugePages_Total:       0
HugePages_Free:        0
HugePages_Rsvd:        0
HugePages_Surp:        0
Hugepagesize:       2048 kB
Hugetlb:               0 kB
DirectMap4k:     2253832 kB
DirectMap2M:    59246592 kB
DirectMap1G:     7340032 kB

/sys/kernel/mm/transparent_hugepage/enabled:
always [madvise] never
/sys/kernel/mm/transparent_hugepage/defrag (defrag/compaction efforts parameter):
always defer defer+madvise [madvise] never

Process Memory:
Virtual Size: 20147924K (peak: 28359748K)
Resident Set Size: 120932K (peak: 124336K) (anon: 92048K, file: 28884K, shmem: 0K)
Swapped out: 0K
C-Heap outstanding allocations: 28906K

/proc/sys/kernel/threads-max (system-wide limit on the number of threads):
511188
/proc/sys/vm/max_map_count (maximum number of memory map areas a process may have):
65530
/proc/sys/kernel/pid_max (system-wide limit on number of process identifiers):
4194304

container (cgroup) information:
container_type: cgroupv1
cpu_cpuset_cpus: 0-15
cpu_memory_nodes: 0
active_processor_count: 16
cpu_quota: -1
cpu_period: 100000
cpu_shares: -1
memory_limit_in_bytes: -1
memory_and_swap_limit_in_bytes: -1
memory_soft_limit_in_bytes: -1
memory_usage_in_bytes: 6405644288
memory_max_usage_in_bytes: 28463009792

Steal ticks since vm start: 0
Steal ticks percentage since vm start:  0.000

CPU:total 16 (initial active 16) (8 cores per cpu, 2 threads per core) family 6 model 85 stepping 4 microcode 0x2006b06, cmov, cx8, fxsr, mmx, sse, sse2, sse3, ssse3, sse4.1, sse4.2, popcnt, avx, avx2, aes, clmul, erms, rtm, 3dnowpref, lzcnt, ht, tsc, tscinvbit, bmi1, bmi2, adx, fma
CPU Model and flags from /proc/cpuinfo:
model name	: Intel(R) Xeon(R) Silver 4110 CPU @ 2.10GHz
flags		: fpu vme de pse tsc msr pae mce cx8 apic sep mtrr pge mca cmov pat pse36 clflush dts acpi mmx fxsr sse sse2 ss ht tm pbe syscall nx pdpe1gb rdtscp lm constant_tsc art arch_perfmon pebs bts rep_good nopl xtopology nonstop_tsc cpuid aperfmperf pni pclmulqdq dtes64 monitor ds_cpl vmx smx est tm2 ssse3 sdbg fma cx16 xtpr pdcm pcid dca sse4_1 sse4_2 x2apic movbe popcnt tsc_deadline_timer aes xsave avx f16c rdrand lahf_lm abm 3dnowprefetch cpuid_fault epb cat_l3 cdp_l3 invpcid_single pti intel_ppin ssbd mba ibrs ibpb stibp tpr_shadow vnmi flexpriority ept vpid ept_ad fsgsbase tsc_adjust bmi1 hle avx2 smep bmi2 erms invpcid rtm cqm mpx rdt_a avx512f avx512dq rdseed adx smap clflushopt clwb intel_pt avx512cd avx512bw avx512vl xsaveopt xsavec xgetbv1 xsaves cqm_llc cqm_occup_llc cqm_mbm_total cqm_mbm_local dtherm ida arat pln pts hwp hwp_act_window hwp_epp hwp_pkg_req pku ospke md_clear flush_l1d
Online cpus:
0-15
Offline cpus:

BIOS frequency limitation:
<Not Available>
Frequency switch latency (ns):
0
Available cpu frequencies:
<Not Available>
Current governor:
powersave
Core performance/turbo boost:
<Not Available>

Memory: 4k page, physical 65497584k(15849680k free), swap 2097148k(2083580k free)

vm_info: OpenJDK 64-Bit Server VM (11.0.13+8-Ubuntu-0ubuntu1.20.04) for linux-amd64 JRE (11.0.13+8-Ubuntu-0ubuntu1.20.04), built on Oct 29 2021 09:11:30 by "unknown" with gcc 9.3.0

END.
