#
# A fatal error has been detected by the Java Runtime Environment:
#
#  SIGSEGV (0xb) at pc=0x00007ff963180bb1, pid=21016, tid=0x00007ff9639a0700
#
# JRE version: OpenJDK Runtime Environment (8.0_265-b01) (build 1.8.0_265-8u265-b01-0ubuntu2~18.04-b01)
# Java VM: OpenJDK 64-Bit Server VM (25.265-b01 mixed mode linux-amd64 compressed oops)
# Problematic frame:
# C  [libc.so.6+0x190bb1]
#
# Failed to write core dump. Core dumps have been disabled. To enable core dumping, try "ulimit -c unlimited" before starting Java again
#
# If you would like to submit a bug report, please visit:
#   http://bugreport.java.com/bugreport/crash.jsp
# The crash happened outside the Java Virtual Machine in native code.
# See problematic frame for where to report the bug.
#

---------------  T H R E A D  ---------------

Current thread (0x00007ff95c00b000):  JavaThread "main" [_thread_in_native, id=21020, stack(0x00007ff9638a1000,0x00007ff9639a1000)]

siginfo: si_signo: 11 (SIGSEGV), si_code: 1 (SEGV_MAPERR), si_addr: 0x0000000000000000

Registers:
RAX=0x00007ff96399dd00, RBX=0x0000000000000345, RCX=0x00007ff963180bb1, RDX=0x0000000000000004
RSP=0x00007ff96399db88, RBP=0x00007ff96399dbc0, RSI=0x0000000000000004, RDI=0x00007ff96399dd04
R8 =0x0000000000000000, R9 =0x00007ff9639a0700, R10=0x000000000000000b, R11=0x00007ff9631acc40
R12=0x000000000001ffff, R13=0x00007ff94a8d0168, R14=0x00007ff96399de58, R15=0x00007ff95c00b000
RIP=0x00007ff963180bb1, EFLAGS=0x0000000000010207, CSGSFS=0x00000053002b0033, ERR=0x0000000000000000
  TRAPNO=0x0000000000000000

Top of Stack: (sp=0x00007ff96399db88)
0x00007ff96399db88:   00007ff938f06fb2 00007ff9633d82a0
0x00007ff96399db98:   00007ff96399dd00 000000000001ffff
0x00007ff96399dba8:   00000000619f5e60 0000000000000345
0x00007ff96399dbb8:   b0b23f6fa1db8600 00007ff96399ddb0
0x00007ff96399dbc8:   00007ff938f081e3 0000000000000000
0x00007ff96399dbd8:   00007ff96399de40 00007ff96399de48
0x00007ff96399dbe8:   0000000b00000011 00007ff96399de30
0x00007ff96399dbf8:   00007ff95c00b1e0 00007ff94ce51220
0x00007ff96399dc08:   0000000b00000004 0000000000020000
0x00007ff96399dc18:   000003450000000b 0000000b00000011
0x00007ff96399dc28:   0000000400020000 00000e14f538b338
0x00007ff96399dc38:   00000e14f5388070 3fe370369410c39d
0x00007ff96399dc48:   000000002434eb5c 00007ff95c0a8740
0x00007ff96399dc58:   00007ff95c2b0a60 00007ff95c2b0a68
0x00007ff96399dc68:   00007ff95c278df8 00007ff95d31b4d0
0x00007ff96399dc78:   00007ff95d30491c 00007ff8b5a3dc58
0x00007ff96399dc88:   00007ff8b5a3e0f0 00007ff92263ffcc
0x00007ff96399dc98:   00007ff8b5a3dc60 00007ff95d304850
0x00007ff96399dca8:   00007ff95d304960 00007ff95d304960
0x00007ff96399dcb8:   00007ff9622b4000 00007ff95d3185b0
0x00007ff96399dcc8:   00007ff95d3186b8 00007ff95d3186b8
0x00007ff96399dcd8:   0000000000000000 3fe370369410c39d
0x00007ff96399dce8:   00007ff938ef0010 00007ff938ef0010
0x00007ff96399dcf8:   b0b23f6fa1db8600 0000000000000000
0x00007ff96399dd08:   0000000000000000 0000000000000000
0x00007ff96399dd18:   0000000000000000 0000000000000000
0x00007ff96399dd28:   8c14e992008f202e 9b1f986f63f537aa
0x00007ff96399dd38:   3bd5bb4ec209388f 00007ff900000004
0x00007ff96399dd48:   00007ff962275020 0000000000000000
0x00007ff96399dd58:   0000000000000000 0000000000000000
0x00007ff96399dd68:   0000000000000000 0000000000000000
0x00007ff96399dd78:   8c14e992008f202e 9b1f986f63f537aa 

Instructions: (pc=0x00007ff963180bb1)
0x00007ff963180b91:   0f 85 2c 0a 00 00 31 c0 c3 66 0f 1f 44 00 00 48
0x00007ff963180ba1:   8b 47 f4 48 8b 4e f4 48 39 c1 0f 85 12 0a 00 00
0x00007ff963180bb1:   8b 4e fc 8b 47 fc 39 c1 0f 85 10 0a 00 00 31 c0
0x00007ff963180bc1:   c3 0f 1f 40 00 66 2e 0f 1f 84 00 00 00 00 00 f3 

Register to memory mapping:

RAX=0x00007ff96399dd00 is pointing into the stack for thread: 0x00007ff95c00b000
RBX=0x0000000000000345 is an unknown value
RCX=0x00007ff963180bb1: <offset 0x190bb1> in /lib/x86_64-linux-gnu/libc.so.6 at 0x00007ff962ff0000
RDX=0x0000000000000004 is an unknown value
RSP=0x00007ff96399db88 is pointing into the stack for thread: 0x00007ff95c00b000
RBP=0x00007ff96399dbc0 is pointing into the stack for thread: 0x00007ff95c00b000
RSI=0x0000000000000004 is an unknown value
RDI=0x00007ff96399dd04 is pointing into the stack for thread: 0x00007ff95c00b000
R8 =0x0000000000000000 is an unknown value
R9 =0x00007ff9639a0700 is pointing into the stack for thread: 0x00007ff95c00b000
R10=0x000000000000000b is an unknown value
R11=0x00007ff9631acc40: <offset 0x1bcc40> in /lib/x86_64-linux-gnu/libc.so.6 at 0x00007ff962ff0000
R12=0x000000000001ffff is an unknown value
R13=0x00007ff94a8d0168 is pointing into metadata
R14=0x00007ff96399de58 is pointing into the stack for thread: 0x00007ff95c00b000
R15=0x00007ff95c00b000 is a thread


Stack: [0x00007ff9638a1000,0x00007ff9639a1000],  sp=0x00007ff96399db88,  free space=1010k
Native frames: (J=compiled Java code, j=interpreted, Vv=VM code, C=native code)
C  [libc.so.6+0x190bb1]
C  [libAlgebraMSMFixedBaseMSM.so+0x81e3]  Java_algebra_msm_FixedBaseMSM_batchMSMNativeHelper+0x7fd
j  algebra.msm.FixedBaseMSM.batchMSMNativeHelper(IILjava/util/ArrayList;Ljava/util/ArrayList;)[B+0
j  algebra.msm.FixedBaseMSM.batchMSM(IILjava/util/List;Ljava/util/List;)Ljava/util/List;+383
j  zk_proof_systems.zkSNARK.SerialSetup.generate(Lrelations/r1cs/R1CSRelation;Lalgebra/fields/AbstractFieldElementExpanded;Lalgebra/curves/AbstractG1;Lalgebra/curves/AbstractG2;Lalgebra/curves/AbstractPairing;Lconfiguration/Configuration;)Lzk_proof_systems/zkSNARK/objects/CRS;+774
j  zk_proof_systems.zkSNARK.SerialzkSNARKTest.SerialFakeProofSystemTest()V+106
v  ~StubRoutines::call_stub
V  [libjvm.so+0x680d0a]
V  [libjvm.so+0x97c8f8]
V  [libjvm.so+0x97e2d5]
V  [libjvm.so+0x6d2d68]  JVM_InvokeMethod+0x128
j  sun.reflect.NativeMethodAccessorImpl.invoke0(Ljava/lang/reflect/Method;Ljava/lang/Object;[Ljava/lang/Object;)Ljava/lang/Object;+0
j  sun.reflect.NativeMethodAccessorImpl.invoke(Ljava/lang/Object;[Ljava/lang/Object;)Ljava/lang/Object;+100
j  sun.reflect.DelegatingMethodAccessorImpl.invoke(Ljava/lang/Object;[Ljava/lang/Object;)Ljava/lang/Object;+6
j  java.lang.reflect.Method.invoke(Ljava/lang/Object;[Ljava/lang/Object;)Ljava/lang/Object;+56
j  org.junit.runners.model.FrameworkMethod$1.runReflectiveCall()Ljava/lang/Object;+15
j  org.junit.internal.runners.model.ReflectiveCallable.run()Ljava/lang/Object;+1
j  org.junit.runners.model.FrameworkMethod.invokeExplosively(Ljava/lang/Object;[Ljava/lang/Object;)Ljava/lang/Object;+10
j  org.junit.internal.runners.statements.InvokeMethod.evaluate()V+12
j  org.junit.internal.runners.statements.RunBefores.evaluate()V+49
j  org.junit.runners.ParentRunner.runLeaf(Lorg/junit/runners/model/Statement;Lorg/junit/runner/Description;Lorg/junit/runner/notification/RunNotifier;)V+17
j  org.junit.runners.BlockJUnit4ClassRunner.runChild(Lorg/junit/runners/model/FrameworkMethod;Lorg/junit/runner/notification/RunNotifier;)V+32
j  org.junit.runners.BlockJUnit4ClassRunner.runChild(Ljava/lang/Object;Lorg/junit/runner/notification/RunNotifier;)V+6
j  org.junit.runners.ParentRunner$3.run()V+12
j  org.junit.runners.ParentRunner$1.schedule(Ljava/lang/Runnable;)V+1
j  org.junit.runners.ParentRunner.runChildren(Lorg/junit/runner/notification/RunNotifier;)V+40
j  org.junit.runners.ParentRunner.access$000(Lorg/junit/runners/ParentRunner;Lorg/junit/runner/notification/RunNotifier;)V+2
j  org.junit.runners.ParentRunner$2.evaluate()V+8
j  org.junit.runners.ParentRunner.run(Lorg/junit/runner/notification/RunNotifier;)V+20
j  org.apache.maven.surefire.junit4.JUnit4Provider.execute(Ljava/lang/Class;Lorg/junit/runner/notification/RunNotifier;[Ljava/lang/String;)V+116
j  org.apache.maven.surefire.junit4.JUnit4Provider.executeTestSet(Ljava/lang/Class;Lorg/apache/maven/surefire/report/RunListener;Lorg/junit/runner/notification/RunNotifier;)V+70
j  org.apache.maven.surefire.junit4.JUnit4Provider.invoke(Ljava/lang/Object;)Lorg/apache/maven/surefire/suite/RunResult;+133
v  ~StubRoutines::call_stub
V  [libjvm.so+0x680d0a]
V  [libjvm.so+0x97c8f8]
V  [libjvm.so+0x97e2d5]
V  [libjvm.so+0x6d2d68]  JVM_InvokeMethod+0x128
j  sun.reflect.NativeMethodAccessorImpl.invoke0(Ljava/lang/reflect/Method;Ljava/lang/Object;[Ljava/lang/Object;)Ljava/lang/Object;+0
j  sun.reflect.NativeMethodAccessorImpl.invoke(Ljava/lang/Object;[Ljava/lang/Object;)Ljava/lang/Object;+100
j  sun.reflect.DelegatingMethodAccessorImpl.invoke(Ljava/lang/Object;[Ljava/lang/Object;)Ljava/lang/Object;+6
j  java.lang.reflect.Method.invoke(Ljava/lang/Object;[Ljava/lang/Object;)Ljava/lang/Object;+56
j  org.apache.maven.surefire.util.ReflectionUtils.invokeMethodWithArray(Ljava/lang/Object;Ljava/lang/reflect/Method;[Ljava/lang/Object;)Ljava/lang/Object;+3
j  org.apache.maven.surefire.booter.ProviderFactory$ProviderProxy.invoke(Ljava/lang/Object;)Lorg/apache/maven/surefire/suite/RunResult;+38
j  org.apache.maven.surefire.booter.ProviderFactory.invokeProvider(Ljava/lang/Object;Ljava/lang/ClassLoader;Ljava/lang/ClassLoader;Ljava/lang/Object;Lorg/apache/maven/surefire/booter/ProviderConfiguration;ZLorg/apache/maven/surefire/booter/StartupConfiguration;Z)Lorg/apache/maven/surefire/suite/RunResult;+38
j  org.apache.maven.surefire.booter.ForkedBooter.runSuitesInProcess(Ljava/lang/Object;Ljava/lang/ClassLoader;Lorg/apache/maven/surefire/booter/StartupConfiguration;Lorg/apache/maven/surefire/booter/ProviderConfiguration;Ljava/io/PrintStream;)Lorg/apache/maven/surefire/suite/RunResult;+45
j  org.apache.maven.surefire.booter.ForkedBooter.main([Ljava/lang/String;)V+136
v  ~StubRoutines::call_stub
V  [libjvm.so+0x680d0a]
V  [libjvm.so+0x6a5b57]
V  [libjvm.so+0x6a8613]
C  [libjli.so+0x375a]
C  [libjli.so+0x79bd]
C  [libpthread.so.0+0x76db]  start_thread+0xdb

Java frames: (J=compiled Java code, j=interpreted, Vv=VM code)
j  algebra.msm.FixedBaseMSM.batchMSMNativeHelper(IILjava/util/ArrayList;Ljava/util/ArrayList;)[B+0
j  algebra.msm.FixedBaseMSM.batchMSM(IILjava/util/List;Ljava/util/List;)Ljava/util/List;+383
j  zk_proof_systems.zkSNARK.SerialSetup.generate(Lrelations/r1cs/R1CSRelation;Lalgebra/fields/AbstractFieldElementExpanded;Lalgebra/curves/AbstractG1;Lalgebra/curves/AbstractG2;Lalgebra/curves/AbstractPairing;Lconfiguration/Configuration;)Lzk_proof_systems/zkSNARK/objects/CRS;+774
j  zk_proof_systems.zkSNARK.SerialzkSNARKTest.SerialFakeProofSystemTest()V+106
v  ~StubRoutines::call_stub
j  sun.reflect.NativeMethodAccessorImpl.invoke0(Ljava/lang/reflect/Method;Ljava/lang/Object;[Ljava/lang/Object;)Ljava/lang/Object;+0
j  sun.reflect.NativeMethodAccessorImpl.invoke(Ljava/lang/Object;[Ljava/lang/Object;)Ljava/lang/Object;+100
j  sun.reflect.DelegatingMethodAccessorImpl.invoke(Ljava/lang/Object;[Ljava/lang/Object;)Ljava/lang/Object;+6
j  java.lang.reflect.Method.invoke(Ljava/lang/Object;[Ljava/lang/Object;)Ljava/lang/Object;+56
j  org.junit.runners.model.FrameworkMethod$1.runReflectiveCall()Ljava/lang/Object;+15
j  org.junit.internal.runners.model.ReflectiveCallable.run()Ljava/lang/Object;+1
j  org.junit.runners.model.FrameworkMethod.invokeExplosively(Ljava/lang/Object;[Ljava/lang/Object;)Ljava/lang/Object;+10
j  org.junit.internal.runners.statements.InvokeMethod.evaluate()V+12
j  org.junit.internal.runners.statements.RunBefores.evaluate()V+49
j  org.junit.runners.ParentRunner.runLeaf(Lorg/junit/runners/model/Statement;Lorg/junit/runner/Description;Lorg/junit/runner/notification/RunNotifier;)V+17
j  org.junit.runners.BlockJUnit4ClassRunner.runChild(Lorg/junit/runners/model/FrameworkMethod;Lorg/junit/runner/notification/RunNotifier;)V+32
j  org.junit.runners.BlockJUnit4ClassRunner.runChild(Ljava/lang/Object;Lorg/junit/runner/notification/RunNotifier;)V+6
j  org.junit.runners.ParentRunner$3.run()V+12
j  org.junit.runners.ParentRunner$1.schedule(Ljava/lang/Runnable;)V+1
j  org.junit.runners.ParentRunner.runChildren(Lorg/junit/runner/notification/RunNotifier;)V+40
j  org.junit.runners.ParentRunner.access$000(Lorg/junit/runners/ParentRunner;Lorg/junit/runner/notification/RunNotifier;)V+2
j  org.junit.runners.ParentRunner$2.evaluate()V+8
j  org.junit.runners.ParentRunner.run(Lorg/junit/runner/notification/RunNotifier;)V+20
j  org.apache.maven.surefire.junit4.JUnit4Provider.execute(Ljava/lang/Class;Lorg/junit/runner/notification/RunNotifier;[Ljava/lang/String;)V+116
j  org.apache.maven.surefire.junit4.JUnit4Provider.executeTestSet(Ljava/lang/Class;Lorg/apache/maven/surefire/report/RunListener;Lorg/junit/runner/notification/RunNotifier;)V+70
j  org.apache.maven.surefire.junit4.JUnit4Provider.invoke(Ljava/lang/Object;)Lorg/apache/maven/surefire/suite/RunResult;+133
v  ~StubRoutines::call_stub
j  sun.reflect.NativeMethodAccessorImpl.invoke0(Ljava/lang/reflect/Method;Ljava/lang/Object;[Ljava/lang/Object;)Ljava/lang/Object;+0
j  sun.reflect.NativeMethodAccessorImpl.invoke(Ljava/lang/Object;[Ljava/lang/Object;)Ljava/lang/Object;+100
j  sun.reflect.DelegatingMethodAccessorImpl.invoke(Ljava/lang/Object;[Ljava/lang/Object;)Ljava/lang/Object;+6
j  java.lang.reflect.Method.invoke(Ljava/lang/Object;[Ljava/lang/Object;)Ljava/lang/Object;+56
j  org.apache.maven.surefire.util.ReflectionUtils.invokeMethodWithArray(Ljava/lang/Object;Ljava/lang/reflect/Method;[Ljava/lang/Object;)Ljava/lang/Object;+3
j  org.apache.maven.surefire.booter.ProviderFactory$ProviderProxy.invoke(Ljava/lang/Object;)Lorg/apache/maven/surefire/suite/RunResult;+38
j  org.apache.maven.surefire.booter.ProviderFactory.invokeProvider(Ljava/lang/Object;Ljava/lang/ClassLoader;Ljava/lang/ClassLoader;Ljava/lang/Object;Lorg/apache/maven/surefire/booter/ProviderConfiguration;ZLorg/apache/maven/surefire/booter/StartupConfiguration;Z)Lorg/apache/maven/surefire/suite/RunResult;+38
j  org.apache.maven.surefire.booter.ForkedBooter.runSuitesInProcess(Ljava/lang/Object;Ljava/lang/ClassLoader;Lorg/apache/maven/surefire/booter/StartupConfiguration;Lorg/apache/maven/surefire/booter/ProviderConfiguration;Ljava/io/PrintStream;)Lorg/apache/maven/surefire/suite/RunResult;+45
j  org.apache.maven.surefire.booter.ForkedBooter.main([Ljava/lang/String;)V+136
v  ~StubRoutines::call_stub

---------------  P R O C E S S  ---------------

Java Threads: ( => current thread )
  0x00007ff95c2df800 JavaThread "Service Thread" daemon [_thread_blocked, id=21050, stack(0x00007ff939d20000,0x00007ff939e21000)]
  0x00007ff95c2d4800 JavaThread "C1 CompilerThread11" daemon [_thread_blocked, id=21049, stack(0x00007ff939e31000,0x00007ff939f31000)]
  0x00007ff95c2d2800 JavaThread "C1 CompilerThread10" daemon [_thread_blocked, id=21048, stack(0x00007ff939f41000,0x00007ff93a041000)]
  0x00007ff95c2d0800 JavaThread "C1 CompilerThread9" daemon [_thread_blocked, id=21047, stack(0x00007ff93a051000,0x00007ff93a151000)]
  0x00007ff95c2ce800 JavaThread "C1 CompilerThread8" daemon [_thread_blocked, id=21046, stack(0x00007ff93a161000,0x00007ff93a261000)]
  0x00007ff95c2cc800 JavaThread "C2 CompilerThread7" daemon [_thread_blocked, id=21045, stack(0x00007ff93a271000,0x00007ff93a371000)]
  0x00007ff95c2ca800 JavaThread "C2 CompilerThread6" daemon [_thread_blocked, id=21044, stack(0x00007ff93a381000,0x00007ff93a481000)]
  0x00007ff95c2c8000 JavaThread "C2 CompilerThread5" daemon [_thread_blocked, id=21043, stack(0x00007ff93a491000,0x00007ff93a591000)]
  0x00007ff95c2be000 JavaThread "C2 CompilerThread4" daemon [_thread_blocked, id=21042, stack(0x00007ff93a5a1000,0x00007ff93a6a1000)]
  0x00007ff95c2bc000 JavaThread "C2 CompilerThread3" daemon [_thread_blocked, id=21041, stack(0x00007ff93a6b1000,0x00007ff93a7b1000)]
  0x00007ff95c2b9800 JavaThread "C2 CompilerThread2" daemon [_thread_blocked, id=21040, stack(0x00007ff93a7c1000,0x00007ff93a8c1000)]
  0x00007ff95c2b8000 JavaThread "C2 CompilerThread1" daemon [_thread_blocked, id=21039, stack(0x00007ff93a8d1000,0x00007ff93a9d1000)]
  0x00007ff95c2b5000 JavaThread "C2 CompilerThread0" daemon [_thread_blocked, id=21038, stack(0x00007ff93a9e1000,0x00007ff93aae1000)]
  0x00007ff95c2b1000 JavaThread "Signal Dispatcher" daemon [_thread_blocked, id=21037, stack(0x00007ff93aaf0000,0x00007ff93abf1000)]
  0x00007ff95c280800 JavaThread "Finalizer" daemon [_thread_blocked, id=21036, stack(0x00007ff93af00000,0x00007ff93b001000)]
  0x00007ff95c27c000 JavaThread "Reference Handler" daemon [_thread_blocked, id=21035, stack(0x00007ff93b010000,0x00007ff93b111000)]
=>0x00007ff95c00b000 JavaThread "main" [_thread_in_native, id=21020, stack(0x00007ff9638a1000,0x00007ff9639a1000)]

Other Threads:
  0x00007ff95c272000 VMThread [stack: 0x00007ff93b121000,0x00007ff93b221000] [id=21034]
  0x00007ff95c2e2000 WatcherThread [stack: 0x00007ff939c11000,0x00007ff939d11000] [id=21051]

VM state:not at safepoint (normal execution)

VM Mutex/Monitor currently owned by a thread: None

heap address: 0x00000006c1000000, size: 4080 MB, Compressed Oops mode: Zero based, Oop shift amount: 3
Narrow klass base: 0x0000000000000000, Narrow klass shift: 3
Compressed class space size: 1073741824 Address: 0x00000007c0000000

Heap:
 PSYoungGen      total 538112K, used 500479K [0x000000076b000000, 0x0000000796980000, 0x00000007c0000000)
  eden space 452096K, 91% used [0x000000076b000000,0x00000007844e3f68,0x0000000786980000)
  from space 86016K, 99% used [0x0000000791580000,0x000000079695c070,0x0000000796980000)
  to   space 115712K, 0% used [0x0000000788780000,0x0000000788780000,0x000000078f880000)
 ParOldGen       total 373248K, used 197825K [0x00000006c1000000, 0x00000006d7c80000, 0x000000076b000000)
  object space 373248K, 53% used [0x00000006c1000000,0x00000006cd130778,0x00000006d7c80000)
 Metaspace       used 8945K, capacity 9212K, committed 9472K, reserved 1056768K
  class space    used 1144K, capacity 1234K, committed 1280K, reserved 1048576K

Card table byte_map: [0x00007ff94c230000,0x00007ff94ca29000] byte_map_base: 0x00007ff948c28000

Marking Bits: (ParMarkBitMap*) 0x00007ff962978520
 Begin Bits: [0x00007ff8fc080000, 0x00007ff900040000)
 End Bits:   [0x00007ff900040000, 0x00007ff904000000)

Polling page: 0x00007ff9639c0000

CodeCache: size=245760Kb used=5465Kb max_used=5480Kb free=240294Kb
 bounds [0x00007ff94cdf0000, 0x00007ff94d360000, 0x00007ff95bdf0000]
 total_blobs=1240 nmethods=891 adapters=262
 compilation: enabled

Compilation events (10 events):
Event: 1.878 Thread 0x00007ff95c2b8000  887 %     4       algebra.msm.FixedBaseMSM::batchMSM @ 208 (901 bytes)
Event: 1.881 Thread 0x00007ff95c2d4800  888       3       algebra.msm.FixedBaseMSM::bigIntegerToByteArrayHelper (171 bytes)
Event: 1.881 Thread 0x00007ff95c2d4800 nmethod 888 0x00007ff94d30a150 code [0x00007ff94d30a300, 0x00007ff94d30a8e8]
Event: 1.882 Thread 0x00007ff95c2b8000 nmethod 887% 0x00007ff94d336510 code [0x00007ff94d3366e0, 0x00007ff94d336f18]
Event: 1.882 Thread 0x00007ff95c2c8000  889       4       algebra.msm.FixedBaseMSM::bigIntegerToByteArrayHelper (171 bytes)
Event: 1.887 Thread 0x00007ff95c2c8000 nmethod 889 0x00007ff94d30de10 code [0x00007ff94d30dfc0, 0x00007ff94d30e928]
Event: 1.901 Thread 0x00007ff95c2ce800  890 %     3       algebra.msm.FixedBaseMSM::batchMSM @ 208 (901 bytes)
Event: 1.905 Thread 0x00007ff95c2ce800 nmethod 890% 0x00007ff94d3399d0 code [0x00007ff94d33a680, 0x00007ff94d343bf8]
Event: 1.910 Thread 0x00007ff95c2cc800  891 %     4       algebra.msm.FixedBaseMSM::batchMSM @ 208 (901 bytes)
Event: 1.919 Thread 0x00007ff95c2cc800 nmethod 891% 0x00007ff94d34e350 code [0x00007ff94d34e580, 0x00007ff94d34f570]

GC Heap History (10 events):
Event: 0.792 GC heap before
{Heap before GC invocations=3 (full 0):
 PSYoungGen      total 141824K, used 141802K [0x000000076b000000, 0x0000000774500000, 0x00000007c0000000)
  eden space 131072K, 100% used [0x000000076b000000,0x0000000773000000,0x0000000773000000)
  from space 10752K, 99% used [0x0000000773a80000,0x00000007744fabe8,0x0000000774500000)
  to   space 10752K, 0% used [0x0000000773000000,0x0000000773000000,0x0000000773a80000)
 ParOldGen       total 175104K, used 24854K [0x00000006c1000000, 0x00000006cbb00000, 0x000000076b000000)
  object space 175104K, 14% used [0x00000006c1000000,0x00000006c2845910,0x00000006cbb00000)
 Metaspace       used 8937K, capacity 9212K, committed 9472K, reserved 1056768K
  class space    used 1144K, capacity 1234K, committed 1280K, reserved 1048576K
Event: 0.876 GC heap after
Heap after GC invocations=3 (full 0):
 PSYoungGen      total 141824K, used 10746K [0x000000076b000000, 0x000000077c500000, 0x00000007c0000000)
  eden space 131072K, 0% used [0x000000076b000000,0x000000076b000000,0x0000000773000000)
  from space 10752K, 99% used [0x0000000773000000,0x0000000773a7ebe8,0x0000000773a80000)
  to   space 10752K, 0% used [0x000000077ba80000,0x000000077ba80000,0x000000077c500000)
 ParOldGen       total 175104K, used 66470K [0x00000006c1000000, 0x00000006cbb00000, 0x000000076b000000)
  object space 175104K, 37% used [0x00000006c1000000,0x00000006c50e9910,0x00000006cbb00000)
 Metaspace       used 8937K, capacity 9212K, committed 9472K, reserved 1056768K
  class space    used 1144K, capacity 1234K, committed 1280K, reserved 1048576K
}
Event: 0.912 GC heap before
{Heap before GC invocations=4 (full 0):
 PSYoungGen      total 141824K, used 141818K [0x000000076b000000, 0x000000077c500000, 0x00000007c0000000)
  eden space 131072K, 100% used [0x000000076b000000,0x0000000773000000,0x0000000773000000)
  from space 10752K, 99% used [0x0000000773000000,0x0000000773a7ebe8,0x0000000773a80000)
  to   space 10752K, 0% used [0x000000077ba80000,0x000000077ba80000,0x000000077c500000)
 ParOldGen       total 175104K, used 66470K [0x00000006c1000000, 0x00000006cbb00000, 0x000000076b000000)
  object space 175104K, 37% used [0x00000006c1000000,0x00000006c50e9910,0x00000006cbb00000)
 Metaspace       used 8937K, capacity 9212K, committed 9472K, reserved 1056768K
  class space    used 1144K, capacity 1234K, committed 1280K, reserved 1048576K
Event: 1.000 GC heap after
Heap after GC invocations=4 (full 0):
 PSYoungGen      total 272896K, used 10738K [0x000000076b000000, 0x000000077c500000, 0x00000007c0000000)
  eden space 262144K, 0% used [0x000000076b000000,0x000000076b000000,0x000000077b000000)
  from space 10752K, 99% used [0x000000077ba80000,0x000000077c4fca90,0x000000077c500000)
  to   space 10752K, 0% used [0x000000077b000000,0x000000077b000000,0x000000077ba80000)
 ParOldGen       total 175104K, used 107718K [0x00000006c1000000, 0x00000006cbb00000, 0x000000076b000000)
  object space 175104K, 61% used [0x00000006c1000000,0x00000006c7931910,0x00000006cbb00000)
 Metaspace       used 8937K, capacity 9212K, committed 9472K, reserved 1056768K
  class space    used 1144K, capacity 1234K, committed 1280K, reserved 1048576K
}
Event: 1.161 GC heap before
{Heap before GC invocations=5 (full 0):
 PSYoungGen      total 272896K, used 272882K [0x000000076b000000, 0x000000077c500000, 0x00000007c0000000)
  eden space 262144K, 100% used [0x000000076b000000,0x000000077b000000,0x000000077b000000)
  from space 10752K, 99% used [0x000000077ba80000,0x000000077c4fca90,0x000000077c500000)
  to   space 10752K, 0% used [0x000000077b000000,0x000000077b000000,0x000000077ba80000)
 ParOldGen       total 175104K, used 107718K [0x00000006c1000000, 0x00000006cbb00000, 0x000000076b000000)
  object space 175104K, 61% used [0x00000006c1000000,0x00000006c7931910,0x00000006cbb00000)
 Metaspace       used 8939K, capacity 9212K, committed 9472K, reserved 1056768K
  class space    used 1144K, capacity 1234K, committed 1280K, reserved 1048576K
Event: 1.320 GC heap after
Heap after GC invocations=5 (full 0):
 PSYoungGen      total 272896K, used 10747K [0x000000076b000000, 0x0000000797b00000, 0x00000007c0000000)
  eden space 262144K, 0% used [0x000000076b000000,0x000000076b000000,0x000000077b000000)
  from space 10752K, 99% used [0x000000077b000000,0x000000077ba7ec78,0x000000077ba80000)
  to   space 103936K, 0% used [0x0000000791580000,0x0000000791580000,0x0000000797b00000)
 ParOldGen       total 198144K, used 194214K [0x00000006c1000000, 0x00000006cd180000, 0x000000076b000000)
  object space 198144K, 98% used [0x00000006c1000000,0x00000006ccda9910,0x00000006cd180000)
 Metaspace       used 8939K, capacity 9212K, committed 9472K, reserved 1056768K
  class space    used 1144K, capacity 1234K, committed 1280K, reserved 1048576K
}
Event: 1.320 GC heap before
{Heap before GC invocations=6 (full 1):
 PSYoungGen      total 272896K, used 10747K [0x000000076b000000, 0x0000000797b00000, 0x00000007c0000000)
  eden space 262144K, 0% used [0x000000076b000000,0x000000076b000000,0x000000077b000000)
  from space 10752K, 99% used [0x000000077b000000,0x000000077ba7ec78,0x000000077ba80000)
  to   space 103936K, 0% used [0x0000000791580000,0x0000000791580000,0x0000000797b00000)
 ParOldGen       total 198144K, used 194214K [0x00000006c1000000, 0x00000006cd180000, 0x000000076b000000)
  object space 198144K, 98% used [0x00000006c1000000,0x00000006ccda9910,0x00000006cd180000)
 Metaspace       used 8939K, capacity 9212K, committed 9472K, reserved 1056768K
  class space    used 1144K, capacity 1234K, committed 1280K, reserved 1048576K
Event: 1.574 GC heap after
Heap after GC invocations=6 (full 1):
 PSYoungGen      total 272896K, used 3117K [0x000000076b000000, 0x0000000797b00000, 0x00000007c0000000)
  eden space 262144K, 0% used [0x000000076b000000,0x000000076b000000,0x000000077b000000)
  from space 10752K, 28% used [0x000000077b000000,0x000000077b30b640,0x000000077ba80000)
  to   space 103936K, 0% used [0x0000000791580000,0x0000000791580000,0x0000000797b00000)
 ParOldGen       total 373248K, used 197825K [0x00000006c1000000, 0x00000006d7c80000, 0x000000076b000000)
  object space 373248K, 53% used [0x00000006c1000000,0x00000006cd130778,0x00000006d7c80000)
 Metaspace       used 8939K, capacity 9212K, committed 9472K, reserved 1056768K
  class space    used 1144K, capacity 1234K, committed 1280K, reserved 1048576K
}
Event: 1.658 GC heap before
{Heap before GC invocations=7 (full 1):
 PSYoungGen      total 272896K, used 265261K [0x000000076b000000, 0x0000000797b00000, 0x00000007c0000000)
  eden space 262144K, 100% used [0x000000076b000000,0x000000077b000000,0x000000077b000000)
  from space 10752K, 28% used [0x000000077b000000,0x000000077b30b640,0x000000077ba80000)
  to   space 103936K, 0% used [0x0000000791580000,0x0000000791580000,0x0000000797b00000)
 ParOldGen       total 373248K, used 197825K [0x00000006c1000000, 0x00000006d7c80000, 0x000000076b000000)
  object space 373248K, 53% used [0x00000006c1000000,0x00000006cd130778,0x00000006d7c80000)
 Metaspace       used 8939K, capacity 9212K, committed 9472K, reserved 1056768K
  class space    used 1144K, capacity 1234K, committed 1280K, reserved 1048576K
Event: 1.774 GC heap after
Heap after GC invocations=7 (full 1):
 PSYoungGen      total 538112K, used 85872K [0x000000076b000000, 0x0000000796980000, 0x00000007c0000000)
  eden space 452096K, 0% used [0x000000076b000000,0x000000076b000000,0x0000000786980000)
  from space 86016K, 99% used [0x0000000791580000,0x000000079695c070,0x0000000796980000)
  to   space 115712K, 0% used [0x0000000788780000,0x0000000788780000,0x000000078f880000)
 ParOldGen       total 373248K, used 197825K [0x00000006c1000000, 0x00000006d7c80000, 0x000000076b000000)
  object space 373248K, 53% used [0x00000006c1000000,0x00000006cd130778,0x00000006d7c80000)
 Metaspace       used 8939K, capacity 9212K, committed 9472K, reserved 1056768K
  class space    used 1144K, capacity 1234K, committed 1280K, reserved 1048576K
}

Deoptimization events (10 events):
Event: 1.116 Thread 0x00007ff95c00b000 Uncommon trap: reason=class_check action=maybe_recompile pc=0x00007ff94d2df7f8 method=algebra.msm.FixedBaseMSM.getWindowTable(Lalgebra/groups/AbstractGroup;II)Ljava/util/List; @ 122
Event: 1.597 Thread 0x00007ff95c00b000 Uncommon trap: reason=class_check action=maybe_recompile pc=0x00007ff94d2ef22c method=algebra.msm.FixedBaseMSM.getWindowTable(Lalgebra/groups/AbstractGroup;II)Ljava/util/List; @ 144
Event: 1.613 Thread 0x00007ff95c00b000 Uncommon trap: reason=class_check action=maybe_recompile pc=0x00007ff94d2ef22c method=algebra.msm.FixedBaseMSM.getWindowTable(Lalgebra/groups/AbstractGroup;II)Ljava/util/List; @ 144
Event: 1.853 Thread 0x00007ff95c00b000 Uncommon trap: reason=unstable_if action=reinterpret pc=0x00007ff94d2ec9bc method=java.math.BigInteger.add([I[I)[I @ 116
Event: 1.853 Thread 0x00007ff95c00b000 Uncommon trap: reason=unstable_if action=reinterpret pc=0x00007ff94d2f19e4 method=java.math.BigInteger.add([I[I)[I @ 116
Event: 1.853 Thread 0x00007ff95c00b000 Uncommon trap: reason=unstable_if action=reinterpret pc=0x00007ff94d2e4988 method=java.math.BigInteger.add([I[I)[I @ 116
Event: 1.853 Thread 0x00007ff95c00b000 Uncommon trap: reason=unstable_if action=reinterpret pc=0x00007ff94d2fb03c method=java.math.BigInteger.add([I[I)[I @ 116
Event: 1.881 Thread 0x00007ff95c00b000 Uncommon trap: reason=unstable_if action=reinterpret pc=0x00007ff94d30c930 method=java.math.BigInteger.bitLength()I @ 9
Event: 1.901 Thread 0x00007ff95c00b000 Uncommon trap: reason=unstable_if action=reinterpret pc=0x00007ff94d336c30 method=algebra.msm.FixedBaseMSM.batchMSM(IILjava/util/List;Ljava/util/List;)Ljava/util/List; @ 212
Event: 2.080 Thread 0x00007ff95c00b000 Uncommon trap: reason=unloaded action=reinterpret pc=0x00007ff94d34ec2c method=algebra.msm.FixedBaseMSM.batchMSM(IILjava/util/List;Ljava/util/List;)Ljava/util/List; @ 296

Classes redefined (0 events):
No events

Internal exceptions (10 events):
Event: 0.072 Thread 0x00007ff95c00b000 Exception <a 'java/security/PrivilegedActionException'> (0x000000076b1b2188) thrown at [/build/openjdk-8-nxKaDu/openjdk-8-8u265-b01/src/hotspot/src/share/vm/prims/jvm.cpp, line 1512]
Event: 0.072 Thread 0x00007ff95c00b000 Exception <a 'java/security/PrivilegedActionException'> (0x000000076b1b2398) thrown at [/build/openjdk-8-nxKaDu/openjdk-8-8u265-b01/src/hotspot/src/share/vm/prims/jvm.cpp, line 1512]
Event: 0.271 Thread 0x00007ff95c00b000 Exception <a 'java/security/PrivilegedActionException'> (0x000000076c2f6ac0) thrown at [/build/openjdk-8-nxKaDu/openjdk-8-8u265-b01/src/hotspot/src/share/vm/prims/jvm.cpp, line 1512]
Event: 0.271 Thread 0x00007ff95c00b000 Exception <a 'java/security/PrivilegedActionException'> (0x000000076c2f6eb8) thrown at [/build/openjdk-8-nxKaDu/openjdk-8-8u265-b01/src/hotspot/src/share/vm/prims/jvm.cpp, line 1512]
Event: 0.271 Thread 0x00007ff95c00b000 Exception <a 'java/security/PrivilegedActionException'> (0x000000076c2f9310) thrown at [/build/openjdk-8-nxKaDu/openjdk-8-8u265-b01/src/hotspot/src/share/vm/prims/jvm.cpp, line 1512]
Event: 0.271 Thread 0x00007ff95c00b000 Exception <a 'java/security/PrivilegedActionException'> (0x000000076c2f9708) thrown at [/build/openjdk-8-nxKaDu/openjdk-8-8u265-b01/src/hotspot/src/share/vm/prims/jvm.cpp, line 1512]
Event: 0.271 Thread 0x00007ff95c00b000 Exception <a 'java/security/PrivilegedActionException'> (0x000000076c2fa5b0) thrown at [/build/openjdk-8-nxKaDu/openjdk-8-8u265-b01/src/hotspot/src/share/vm/prims/jvm.cpp, line 1512]
Event: 0.271 Thread 0x00007ff95c00b000 Exception <a 'java/security/PrivilegedActionException'> (0x000000076c2fa9a8) thrown at [/build/openjdk-8-nxKaDu/openjdk-8-8u265-b01/src/hotspot/src/share/vm/prims/jvm.cpp, line 1512]
Event: 0.417 Thread 0x00007ff95c00b000 Exception <a 'java/lang/NoSuchFieldError': method resolution failed> (0x000000076cb6d640) thrown at [/build/openjdk-8-nxKaDu/openjdk-8-8u265-b01/src/hotspot/src/share/vm/prims/methodHandles.cpp, line 1169]
Event: 0.418 Thread 0x00007ff95c00b000 Exception <a 'java/lang/NoSuchFieldError': method resolution failed> (0x000000076cb7b0d0) thrown at [/build/openjdk-8-nxKaDu/openjdk-8-8u265-b01/src/hotspot/src/share/vm/prims/methodHandles.cpp, line 1169]

Events (10 events):
Event: 1.882 Thread 0x00007ff95c00b000 DEOPT PACKING pc=0x00007ff94d31979c sp=0x00007ff96399dc10
Event: 1.882 Thread 0x00007ff95c00b000 DEOPT UNPACKING pc=0x00007ff94ce370c4 sp=0x00007ff96399dbc0 mode 0
Event: 1.901 Thread 0x00007ff95c00b000 Uncommon trap: trap_request=0xffffff65 fr.pc=0x00007ff94d336c30
Event: 1.901 Thread 0x00007ff95c00b000 DEOPT PACKING pc=0x00007ff94d336c30 sp=0x00007ff96399ded0
Event: 1.901 Thread 0x00007ff95c00b000 DEOPT UNPACKING pc=0x00007ff94ce3547a sp=0x00007ff96399de40 mode 2
Event: 1.919 Thread 0x00007ff95c00b000 DEOPT PACKING pc=0x00007ff94d342c74 sp=0x00007ff96399dc10
Event: 1.919 Thread 0x00007ff95c00b000 DEOPT UNPACKING pc=0x00007ff94ce370c4 sp=0x00007ff96399dbc0 mode 0
Event: 2.080 Thread 0x00007ff95c00b000 Uncommon trap: trap_request=0x000000da fr.pc=0x00007ff94d34ec2c
Event: 2.080 Thread 0x00007ff95c00b000 DEOPT PACKING pc=0x00007ff94d34ec2c sp=0x00007ff96399dec0
Event: 2.080 Thread 0x00007ff95c00b000 DEOPT UNPACKING pc=0x00007ff94ce3547a sp=0x00007ff96399de48 mode 2


Dynamic libraries:
6c1000000-6d7c80000 rw-p 00000000 00:00 0
6d7c80000-76b000000 ---p 00000000 00:00 0
76b000000-796980000 rw-p 00000000 00:00 0
796980000-7c0000000 ---p 00000000 00:00 0
7c0000000-7c0140000 rw-p 00000000 00:00 0
7c0140000-800000000 ---p 00000000 00:00 0
7ff8b0000000-7ff8b0021000 rw-p 00000000 00:00 0
7ff8b0021000-7ff8b4000000 ---p 00000000 00:00 0
7ff8b4000000-7ff8b5a69000 rw-p 00000000 00:00 0
7ff8b5a69000-7ff8b8000000 ---p 00000000 00:00 0
7ff8b8000000-7ff8b8074000 rw-p 00000000 00:00 0
7ff8b8074000-7ff8bc000000 ---p 00000000 00:00 0
7ff8bc000000-7ff8bc021000 rw-p 00000000 00:00 0
7ff8bc021000-7ff8c0000000 ---p 00000000 00:00 0
7ff8c0000000-7ff8c011d000 rw-p 00000000 00:00 0
7ff8c011d000-7ff8c4000000 ---p 00000000 00:00 0
7ff8c4000000-7ff8c412f000 rw-p 00000000 00:00 0
7ff8c412f000-7ff8c8000000 ---p 00000000 00:00 0
7ff8c8000000-7ff8c80e9000 rw-p 00000000 00:00 0
7ff8c80e9000-7ff8cc000000 ---p 00000000 00:00 0
7ff8cc000000-7ff8cc09d000 rw-p 00000000 00:00 0
7ff8cc09d000-7ff8d0000000 ---p 00000000 00:00 0
7ff8d0000000-7ff8d0154000 rw-p 00000000 00:00 0
7ff8d0154000-7ff8d4000000 ---p 00000000 00:00 0
7ff8d4000000-7ff8d40dc000 rw-p 00000000 00:00 0
7ff8d40dc000-7ff8d8000000 ---p 00000000 00:00 0
7ff8d8000000-7ff8d811e000 rw-p 00000000 00:00 0
7ff8d811e000-7ff8dc000000 ---p 00000000 00:00 0
7ff8dc000000-7ff8dc134000 rw-p 00000000 00:00 0
7ff8dc134000-7ff8e0000000 ---p 00000000 00:00 0
7ff8e0000000-7ff8e02c0000 rw-p 00000000 00:00 0
7ff8e02c0000-7ff8e4000000 ---p 00000000 00:00 0
7ff8e4000000-7ff8e4147000 rw-p 00000000 00:00 0
7ff8e4147000-7ff8e8000000 ---p 00000000 00:00 0
7ff8e8000000-7ff8e8021000 rw-p 00000000 00:00 0
7ff8e8021000-7ff8ec000000 ---p 00000000 00:00 0
7ff8ec000000-7ff8ec162000 rw-p 00000000 00:00 0
7ff8ec162000-7ff8f0000000 ---p 00000000 00:00 0
7ff8f0000000-7ff8f0021000 rw-p 00000000 00:00 0
7ff8f0021000-7ff8f4000000 ---p 00000000 00:00 0
7ff8f4000000-7ff8f4021000 rw-p 00000000 00:00 0
7ff8f4021000-7ff8f8000000 ---p 00000000 00:00 0
7ff8f8000000-7ff8f8021000 rw-p 00000000 00:00 0
7ff8f8021000-7ff8fc000000 ---p 00000000 00:00 0
7ff8fc080000-7ff904021000 rw-p 00000000 00:00 0
7ff904021000-7ff908000000 ---p 00000000 00:00 0
7ff90c000000-7ff90c021000 rw-p 00000000 00:00 0
7ff90c021000-7ff910000000 ---p 00000000 00:00 0
7ff910000000-7ff910021000 rw-p 00000000 00:00 0
7ff910021000-7ff914000000 ---p 00000000 00:00 0
7ff914000000-7ff914021000 rw-p 00000000 00:00 0
7ff914021000-7ff918000000 ---p 00000000 00:00 0
7ff918000000-7ff918021000 rw-p 00000000 00:00 0
7ff918021000-7ff91c000000 ---p 00000000 00:00 0
7ff91c000000-7ff91c021000 rw-p 00000000 00:00 0
7ff91c021000-7ff920000000 ---p 00000000 00:00 0
7ff921dc0000-7ff922641000 rw-p 00000000 00:00 0
7ff922650000-7ff922ed1000 rw-p 00000000 00:00 0
7ff922ee0000-7ff923761000 rw-p 00000000 00:00 0
7ff923770000-7ff923ff1000 rw-p 00000000 00:00 0
7ff924000000-7ff924021000 rw-p 00000000 00:00 0
7ff924021000-7ff928000000 ---p 00000000 00:00 0
7ff928000000-7ff928021000 rw-p 00000000 00:00 0
7ff928021000-7ff92c000000 ---p 00000000 00:00 0
7ff92c000000-7ff92c021000 rw-p 00000000 00:00 0
7ff92c021000-7ff930000000 ---p 00000000 00:00 0
7ff930410000-7ff930c91000 rw-p 00000000 00:00 0
7ff930ca0000-7ff931521000 rw-p 00000000 00:00 0
7ff931530000-7ff931db1000 rw-p 00000000 00:00 0
7ff931dc0000-7ff932641000 rw-p 00000000 00:00 0
7ff932650000-7ff932ed1000 rw-p 00000000 00:00 0
7ff932ee0000-7ff933761000 rw-p 00000000 00:00 0
7ff933770000-7ff933ff1000 rw-p 00000000 00:00 0
7ff934000000-7ff934021000 rw-p 00000000 00:00 0
7ff934021000-7ff938000000 ---p 00000000 00:00 0
7ff938f00000-7ff938f0d000 r-xp 00000000 00:00 614631             /usr/lib/libAlgebraMSMFixedBaseMSM.so
7ff938f0d000-7ff938f13000 ---p 0000d000 00:00 614631             /usr/lib/libAlgebraMSMFixedBaseMSM.so
7ff938f13000-7ff93910c000 ---p 00013000 00:00 614631             /usr/lib/libAlgebraMSMFixedBaseMSM.so
7ff93910c000-7ff93910d000 r--p 0000c000 00:00 614631             /usr/lib/libAlgebraMSMFixedBaseMSM.so
7ff93910d000-7ff93910e000 rw-p 0000d000 00:00 614631             /usr/lib/libAlgebraMSMFixedBaseMSM.so
7ff939115000-7ff939140000 r--s 0028e000 00:00 1718378            /home/liankeqin/.m2/repository/com/google/errorprone/javac-shaded/9+181-r4173-1/javac-shaded-9+181-r4173-1.jar
7ff939140000-7ff939170000 r--s 00245000 00:00 1718334            /home/liankeqin/.m2/repository/com/google/guava/guava/22.0/guava-22.0.jar
7ff939170000-7ff93918c000 r--s 001af000 00:00 1718316            /home/liankeqin/.m2/repository/org/apache/parquet/parquet-jackson/1.12.1/parquet-jackson-1.12.1.jar
7ff93918c000-7ff9391b3000 r--s 001c0000 00:00 1718283            /home/liankeqin/.m2/repository/org/apache/parquet/parquet-column/1.12.1/parquet-column-1.12.1.jar
7ff9391b3000-7ff9391c6000 r--s 0018f000 00:00 1718199            /home/liankeqin/.m2/repository/org/apache/arrow/arrow-vector/2.0.0/arrow-vector-2.0.0.jar
7ff9391c6000-7ff939239000 r--s 00aa4000 00:00 1718157            /home/liankeqin/.m2/repository/org/apache/spark/spark-catalyst_2.12/3.2.0/spark-catalyst_2.12-3.2.0.jar
7ff939239000-7ff939284000 r--s 007a7000 00:00 1718130            /home/liankeqin/.m2/repository/org/apache/spark/spark-sql_2.12/3.2.0/spark-sql_2.12-3.2.0.jar
7ff939284000-7ff93929a000 r--s 00141000 00:00 1718092            /home/liankeqin/.m2/repository/org/apache/ivy/ivy/2.5.0/ivy-2.5.0.jar
7ff93929a000-7ff9392b1000 r--s 0015c000 00:00 1718042            /home/liankeqin/.m2/repository/com/fasterxml/jackson/core/jackson-databind/2.12.3/jackson-databind-2.12.3.jar
7ff9392b1000-7ff9392fd000 r--s 00403000 00:00 1718003            /home/liankeqin/.m2/repository/io/netty/netty-all/4.1.68.Final/netty-all-4.1.68.Final.jar
7ff9392fd000-7ff939311000 r--s 000d4000 00:00 1717932            /home/liankeqin/.m2/repository/org/glassfish/jersey/core/jersey-server/2.34/jersey-server-2.34.jar
7ff939311000-7ff93932a000 r--s 00109000 00:00 1717914            /home/liankeqin/.m2/repository/org/glassfish/jersey/core/jersey-common/2.34/jersey-common-2.34.jar
7ff93932a000-7ff93934e000 r--s 0035e000 00:00 1717854            /home/liankeqin/.m2/repository/org/scala-lang/scala-reflect/2.12.15/scala-reflect-2.12.15.jar
7ff93934e000-7ff939387000 r--s 004f8000 00:00 1717850            /home/liankeqin/.m2/repository/org/scala-lang/scala-library/2.12.15/scala-library-2.12.15.jar
7ff939387000-7ff9393ab000 r--s 001cd000 00:00 1717734            /home/liankeqin/.m2/repository/org/apache/commons/commons-math3/3.4.1/commons-math3-3.4.1.jar
7ff9393ab000-7ff9393e2000 r--s 00219000 00:00 1717687            /home/liankeqin/.m2/repository/org/apache/curator/curator-client/2.13.0/curator-client-2.13.0.jar
7ff9393e2000-7ff939410000 r--s 0021f000 00:00 1717630            /home/liankeqin/.m2/repository/org/apache/spark/spark-network-common_2.12/3.2.0/spark-network-common_2.12-3.2.0.jar
7ff939410000-7ff93945d000 rw-p 00000000 00:00 0
7ff939464000-7ff9396cb000 r--s 01bd9000 00:00 1717601            /home/liankeqin/.m2/repository/org/apache/hadoop/hadoop-client-runtime/3.3.1/hadoop-client-runtime-3.3.1.jar
7ff9396cb000-7ff9397d0000 r--s 0117d000 00:00 1717598            /home/liankeqin/.m2/repository/org/apache/hadoop/hadoop-client-api/3.3.1/hadoop-client-api-3.3.1.jar
7ff9397d0000-7ff9397e7000 r-xp 00000000 00:00 1366439            /usr/lib/jvm/java-8-openjdk-amd64/jre/lib/amd64/libnet.so
7ff9397e7000-7ff9397e9000 ---p 00017000 00:00 1366439            /usr/lib/jvm/java-8-openjdk-amd64/jre/lib/amd64/libnet.so
7ff9397e9000-7ff9399e7000 ---p 00019000 00:00 1366439            /usr/lib/jvm/java-8-openjdk-amd64/jre/lib/amd64/libnet.so
7ff9399e7000-7ff9399e8000 r--p 00017000 00:00 1366439            /usr/lib/jvm/java-8-openjdk-amd64/jre/lib/amd64/libnet.so
7ff9399e8000-7ff9399e9000 rw-p 00018000 00:00 1366439            /usr/lib/jvm/java-8-openjdk-amd64/jre/lib/amd64/libnet.so
7ff9399f0000-7ff939a02000 r-xp 00000000 00:00 1366440            /usr/lib/jvm/java-8-openjdk-amd64/jre/lib/amd64/libnio.so
7ff939a02000-7ff939a03000 ---p 00012000 00:00 1366440            /usr/lib/jvm/java-8-openjdk-amd64/jre/lib/amd64/libnio.so
7ff939a03000-7ff939c01000 ---p 00013000 00:00 1366440            /usr/lib/jvm/java-8-openjdk-amd64/jre/lib/amd64/libnio.so
7ff939c01000-7ff939c02000 r--p 00011000 00:00 1366440            /usr/lib/jvm/java-8-openjdk-amd64/jre/lib/amd64/libnio.so
7ff939c02000-7ff939c03000 rw-p 00012000 00:00 1366440            /usr/lib/jvm/java-8-openjdk-amd64/jre/lib/amd64/libnio.so
7ff939c10000-7ff939c11000 ---p 00000000 00:00 0
7ff939c11000-7ff939d11000 rw-p 00000000 00:00 0
7ff939d20000-7ff939d23000 ---p 00000000 00:00 0
7ff939d23000-7ff939e21000 rw-p 00000000 00:00 0
7ff939e30000-7ff939e34000 ---p 00000000 00:00 0
7ff939e34000-7ff939f31000 rw-p 00000000 00:00 0
7ff939f40000-7ff939f44000 ---p 00000000 00:00 0
7ff939f44000-7ff93a041000 rw-p 00000000 00:00 0
7ff93a050000-7ff93a054000 ---p 00000000 00:00 0
7ff93a054000-7ff93a151000 rw-p 00000000 00:00 0
7ff93a160000-7ff93a164000 ---p 00000000 00:00 0
7ff93a164000-7ff93a261000 rw-p 00000000 00:00 0
7ff93a270000-7ff93a274000 ---p 00000000 00:00 0
7ff93a274000-7ff93a371000 rw-p 00000000 00:00 0
7ff93a380000-7ff93a384000 ---p 00000000 00:00 0
7ff93a384000-7ff93a481000 rw-p 00000000 00:00 0
7ff93a490000-7ff93a494000 ---p 00000000 00:00 0
7ff93a494000-7ff93a591000 rw-p 00000000 00:00 0
7ff93a5a0000-7ff93a5a4000 ---p 00000000 00:00 0
7ff93a5a4000-7ff93a6a1000 rw-p 00000000 00:00 0
7ff93a6b0000-7ff93a6b4000 ---p 00000000 00:00 0
7ff93a6b4000-7ff93a7b1000 rw-p 00000000 00:00 0
7ff93a7c0000-7ff93a7c4000 ---p 00000000 00:00 0
7ff93a7c4000-7ff93a8c1000 rw-p 00000000 00:00 0
7ff93a8d0000-7ff93a8d4000 ---p 00000000 00:00 0
7ff93a8d4000-7ff93a9d1000 rw-p 00000000 00:00 0
7ff93a9e0000-7ff93a9e4000 ---p 00000000 00:00 0
7ff93a9e4000-7ff93aae1000 rw-p 00000000 00:00 0
7ff93aaf0000-7ff93aaf3000 ---p 00000000 00:00 0
7ff93aaf3000-7ff93abf1000 rw-p 00000000 00:00 0
7ff93abf2000-7ff93ad65000 r--p 00000000 00:00 724189             /usr/lib/locale/C.UTF-8/LC_COLLATE
7ff93ad65000-7ff93af00000 r--p 00000000 00:00 724201             /usr/lib/locale/locale-archive
7ff93af00000-7ff93af03000 ---p 00000000 00:00 0
7ff93af03000-7ff93b001000 rw-p 00000000 00:00 0
7ff93b010000-7ff93b013000 ---p 00000000 00:00 0
7ff93b013000-7ff93b111000 rw-p 00000000 00:00 0
7ff93b120000-7ff93b121000 ---p 00000000 00:00 0
7ff93b121000-7ff93b221000 rw-p 00000000 00:00 0
7ff93b230000-7ff93b331000 rw-p 00000000 00:00 0
7ff93b340000-7ff93b441000 rw-p 00000000 00:00 0
7ff93b450000-7ff93b551000 rw-p 00000000 00:00 0
7ff93b560000-7ff93b661000 rw-p 00000000 00:00 0
7ff93b670000-7ff93b771000 rw-p 00000000 00:00 0
7ff93b780000-7ff93b881000 rw-p 00000000 00:00 0
7ff93b890000-7ff93b991000 rw-p 00000000 00:00 0
7ff93b9a0000-7ff93baa1000 rw-p 00000000 00:00 0
7ff93bab0000-7ff93bbb1000 rw-p 00000000 00:00 0
7ff93bbc0000-7ff93bcc1000 rw-p 00000000 00:00 0
7ff93bcd0000-7ff93bdd1000 rw-p 00000000 00:00 0
7ff93bde0000-7ff93bee1000 rw-p 00000000 00:00 0
7ff93bef0000-7ff93bff1000 rw-p 00000000 00:00 0
7ff93c000000-7ff93c021000 rw-p 00000000 00:00 0
7ff93c021000-7ff940000000 ---p 00000000 00:00 0
7ff940000000-7ff940021000 rw-p 00000000 00:00 0
7ff940021000-7ff944000000 ---p 00000000 00:00 0
7ff944000000-7ff944021000 rw-p 00000000 00:00 0
7ff944021000-7ff948000000 ---p 00000000 00:00 0
7ff948006000-7ff948018000 r--s 0011f000 00:00 1717690            /home/liankeqin/.m2/repository/org/apache/zookeeper/zookeeper/3.6.2/zookeeper-3.6.2.jar
7ff948018000-7ff94802a000 r--s 00132000 00:00 1717635            /home/liankeqin/.m2/repository/com/google/crypto/tink/tink/1.6.0/tink-1.6.0.jar
7ff94802a000-7ff948090000 r--s 009ef000 00:00 1717515            /home/liankeqin/.m2/repository/org/apache/spark/spark-core_2.12/3.2.0/spark-core_2.12-3.2.0.jar
7ff948090000-7ff948191000 rw-p 00000000 00:00 0
7ff9481a0000-7ff9482a1000 rw-p 00000000 00:00 0
7ff9482b0000-7ff9483b1000 rw-p 00000000 00:00 0
7ff9483c0000-7ff9484c1000 rw-p 00000000 00:00 0
7ff9484d0000-7ff9485d1000 rw-p 00000000 00:00 0
7ff9485e0000-7ff9486e1000 rw-p 00000000 00:00 0
7ff9486f0000-7ff9487f1000 rw-p 00000000 00:00 0
7ff948800000-7ff948901000 rw-p 00000000 00:00 0
7ff948910000-7ff948a11000 rw-p 00000000 00:00 0
7ff948a20000-7ff948b21000 rw-p 00000000 00:00 0
7ff948b30000-7ff948c31000 rw-p 00000000 00:00 0
7ff948c40000-7ff948d41000 rw-p 00000000 00:00 0
7ff948d50000-7ff948e51000 rw-p 00000000 00:00 0
7ff948e60000-7ff948f61000 rw-p 00000000 00:00 0
7ff948f70000-7ff949071000 rw-p 00000000 00:00 0
7ff949080000-7ff949181000 rw-p 00000000 00:00 0
7ff949190000-7ff949291000 rw-p 00000000 00:00 0
7ff9492a0000-7ff9493a1000 rw-p 00000000 00:00 0
7ff9493b0000-7ff9494b1000 rw-p 00000000 00:00 0
7ff9494c0000-7ff9495c1000 rw-p 00000000 00:00 0
7ff9495d0000-7ff9496d1000 rw-p 00000000 00:00 0
7ff9496e0000-7ff9497e1000 rw-p 00000000 00:00 0
7ff9497f0000-7ff9498f1000 rw-p 00000000 00:00 0
7ff949900000-7ff949a01000 rw-p 00000000 00:00 0
7ff949a10000-7ff949b11000 rw-p 00000000 00:00 0
7ff949b20000-7ff949c21000 rw-p 00000000 00:00 0
7ff949c2a000-7ff949c30000 r--s 00036000 00:00 2445814            /home/liankeqin/.m2/repository/junit/junit/4.11/junit-4.11.jar
7ff949c30000-7ff949d31000 rw-p 00000000 00:00 0
7ff949d31000-7ff949d34000 r--s 00007000 00:00 2445951            /home/liankeqin/.m2/repository/org/apache/maven/surefire/surefire-junit4/2.12.4/surefire-junit4-2.12.4.jar
7ff949d34000-7ff949d40000 r--s 000a1000 00:00 1717967            /home/liankeqin/.m2/repository/org/apache/parquet/parquet-format-structures/1.12.1/parquet-format-structures-1.12.1.jar
7ff949d40000-7ff949e41000 rw-p 00000000 00:00 0
7ff949e41000-7ff949e50000 r--s 000e0000 00:00 1718311            /home/liankeqin/.m2/repository/org/apache/parquet/parquet-hadoop/1.12.1/parquet-hadoop-1.12.1.jar
7ff949e50000-7ff949f51000 rw-p 00000000 00:00 0
7ff949f52000-7ff949f53000 r--s 00000000 00:00 1718374            /home/liankeqin/.m2/repository/org/codehaus/mojo/animal-sniffer-annotations/1.14/animal-sniffer-annotations-1.14.jar
7ff949f53000-7ff949f5e000 r--s 000c5000 00:00 1718295            /home/liankeqin/.m2/repository/org/apache/parquet/parquet-encoding/1.12.1/parquet-encoding-1.12.1.jar
7ff949f5e000-7ff94a130000 r--s 03ca8000 00:00 1366490            /usr/lib/jvm/java-8-openjdk-amd64/jre/lib/rt.jar
7ff94a130000-7ff94b128000 rw-p 00000000 00:00 0
7ff94b128000-7ff94b12c000 r--s 00033000 00:00 1718325            /home/liankeqin/.m2/repository/com/google/googlejavaformat/google-java-format/1.6/google-java-format-1.6.jar
7ff94b12c000-7ff94b130000 r--s 00036000 00:00 1718273            /home/liankeqin/.m2/repository/org/apache/hive/hive-storage-api/2.7.2/hive-storage-api-2.7.2.jar
7ff94b130000-7ff94b131000 ---p 00000000 00:00 0
7ff94b131000-7ff94b231000 rw-p 00000000 00:00 0
7ff94b231000-7ff94b233000 r--s 00001000 00:00 1718360            /home/liankeqin/.m2/repository/com/google/j2objc/j2objc-annotations/1.1/j2objc-annotations-1.1.jar
7ff94b233000-7ff94b234000 r--s 00002000 00:00 1718351            /home/liankeqin/.m2/repository/com/google/errorprone/error_prone_annotations/2.0.18/error_prone_annotations-2.0.18.jar
7ff94b234000-7ff94b238000 r--s 00036000 00:00 1718268            /home/liankeqin/.m2/repository/org/threeten/threeten-extra/1.5.0/threeten-extra-1.5.0.jar
7ff94b238000-7ff94b240000 r--s 0007b000 00:00 1718249            /home/liankeqin/.m2/repository/com/google/protobuf/protobuf-java/2.5.0/protobuf-java-2.5.0.jar
7ff94b240000-7ff94b241000 ---p 00000000 00:00 0
7ff94b241000-7ff94b341000 rw-p 00000000 00:00 0
7ff94b341000-7ff94b344000 r--s 00015000 00:00 1718285            /home/liankeqin/.m2/repository/org/apache/parquet/parquet-common/1.12.1/parquet-common-1.12.1.jar
7ff94b344000-7ff94b350000 r--s 000eb000 00:00 1718228            /home/liankeqin/.m2/repository/org/apache/orc/orc-core/1.6.11/orc-core-1.6.11.jar
7ff94b350000-7ff94b351000 ---p 00000000 00:00 0
7ff94b351000-7ff94b451000 rw-p 00000000 00:00 0
7ff94b451000-7ff94b453000 r--s 00009000 00:00 2445813            /home/liankeqin/.m2/repository/org/hamcrest/hamcrest-core/1.3/hamcrest-core-1.3.jar
7ff94b453000-7ff94b455000 r--s 00003000 00:00 1718256            /home/liankeqin/.m2/repository/org/jetbrains/annotations/17.0.0/annotations-17.0.0.jar
7ff94b455000-7ff94b458000 r--s 0002a000 00:00 1718254            /home/liankeqin/.m2/repository/io/airlift/aircompressor/0.21/aircompressor-0.21.jar
7ff94b458000-7ff94b45a000 r--s 00006000 00:00 1718238            /home/liankeqin/.m2/repository/org/apache/orc/orc-shims/1.6.11/orc-shims-1.6.11.jar
7ff94b45a000-7ff94b45d000 r--s 00016000 00:00 1718212            /home/liankeqin/.m2/repository/org/apache/arrow/arrow-memory-core/2.0.0/arrow-memory-core-2.0.0.jar
7ff94b45d000-7ff94b460000 r--s 00016000 00:00 1718195            /home/liankeqin/.m2/repository/javax/xml/bind/jaxb-api/2.2.11/jaxb-api-2.2.11.jar
7ff94b460000-7ff94b461000 ---p 00000000 00:00 0
7ff94b461000-7ff94b561000 rw-p 00000000 00:00 0
7ff94b561000-7ff94b562000 r--s 0000b000 00:00 1718271            /home/liankeqin/.m2/repository/org/apache/orc/orc-mapreduce/1.6.11/orc-mapreduce-1.6.11.jar
7ff94b562000-7ff94b570000 r--s 000d5000 00:00 1718169            /home/liankeqin/.m2/repository/org/codehaus/janino/janino/3.0.16/janino-3.0.16.jar
7ff94b570000-7ff94b571000 ---p 00000000 00:00 0
7ff94b571000-7ff94b671000 rw-p 00000000 00:00 0
7ff94b671000-7ff94b673000 r--s 00010000 00:00 1718201            /home/liankeqin/.m2/repository/org/apache/arrow/arrow-format/2.0.0/arrow-format-2.0.0.jar
7ff94b673000-7ff94b679000 r--s 0004d000 00:00 1718185            /home/liankeqin/.m2/repository/org/antlr/antlr4-runtime/4.8/antlr4-runtime-4.8.jar
7ff94b679000-7ff94b67c000 r--s 0000f000 00:00 1718176            /home/liankeqin/.m2/repository/org/codehaus/janino/commons-compiler/3.0.16/commons-compiler-3.0.16.jar
7ff94b67c000-7ff94b680000 r--s 00033000 00:00 1718160            /home/liankeqin/.m2/repository/org/scala-lang/modules/scala-parser-combinators_2.12/1.1.2/scala-parser-combinators_2.12-1.1.2.jar
7ff94b680000-7ff94b681000 ---p 00000000 00:00 0
7ff94b681000-7ff94b781000 rw-p 00000000 00:00 0
7ff94b781000-7ff94b78a000 r--s 00065000 00:00 1718149            /home/liankeqin/.m2/repository/com/univocity/univocity-parsers/2.9.1/univocity-parsers-2.9.1.jar
7ff94b78a000-7ff94b790000 r--s 02264000 00:00 1718138            /home/liankeqin/.m2/repository/org/rocksdb/rocksdbjni/6.20.3/rocksdbjni-6.20.3.jar
7ff94b790000-7ff94b791000 ---p 00000000 00:00 0
7ff94b791000-7ff94b891000 rw-p 00000000 00:00 0
7ff94b891000-7ff94b893000 r--s 00006000 00:00 1718150            /home/liankeqin/.m2/repository/org/apache/spark/spark-sketch_2.12/3.2.0/spark-sketch_2.12-3.2.0.jar
7ff94b893000-7ff94b896000 r--s 00026000 00:00 1717511            /home/liankeqin/.m2/repository/org/apache/commons/commons-crypto/1.1.0/commons-crypto-1.1.0.jar
7ff94b896000-7ff94b899000 r--s 0001c000 00:00 1717526            /home/liankeqin/.m2/repository/net/sf/py4j/py4j/0.10.9.2/py4j-0.10.9.2.jar
7ff94b899000-7ff94b8a0000 r--s 0005d000 00:00 1718057            /home/liankeqin/.m2/repository/com/fasterxml/jackson/module/jackson-module-scala_2.12/2.12.3/jackson-module-scala_2.12-2.12.3.jar
7ff94b8a0000-7ff94b8a1000 ---p 00000000 00:00 0
7ff94b8a1000-7ff94b9a1000 rw-p 00000000 00:00 0
7ff94b9a1000-7ff94b9a3000 r--s 00017000 00:00 1718096            /home/liankeqin/.m2/repository/net/razorvine/pyrolite/4.30/pyrolite-4.30.jar
7ff94b9a3000-7ff94b9a5000 r--s 0000e000 00:00 1718094            /home/liankeqin/.m2/repository/oro/oro/2.0.8/oro-2.0.8.jar
7ff94b9a5000-7ff94b9a7000 r--s 00007000 00:00 1718073            /home/liankeqin/.m2/repository/com/thoughtworks/paranamer/paranamer/2.8/paranamer-2.8.jar
7ff94b9a7000-7ff94b9a9000 r--s 00004000 00:00 1718038            /home/liankeqin/.m2/repository/io/dropwizard/metrics/metrics-jmx/4.2.0/metrics-jmx-4.2.0.jar
7ff94b9a9000-7ff94b9ac000 r--s 0001c000 00:00 1718013            /home/liankeqin/.m2/repository/io/dropwizard/metrics/metrics-core/4.2.0/metrics-core-4.2.0.jar
7ff94b9ac000-7ff94b9b0000 r--s 00028000 00:00 1718006            /home/liankeqin/.m2/repository/com/clearspring/analytics/stream/2.9.6/stream-2.9.6.jar
7ff94b9b0000-7ff94b9b1000 ---p 00000000 00:00 0
7ff94b9b1000-7ff94bab1000 rw-p 00000000 00:00 0
7ff94bab1000-7ff94babc000 r--s 000b4000 00:00 1717992            /home/liankeqin/.m2/repository/org/javassist/javassist/3.25.0-GA/javassist-3.25.0-GA.jar
7ff94babc000-7ff94bac0000 r--s 0001d000 00:00 1717983            /home/liankeqin/.m2/repository/org/glassfish/hk2/hk2-utils/2.6.1/hk2-utils-2.6.1.jar
7ff94bac0000-7ff94bac1000 ---p 00000000 00:00 0
7ff94bac1000-7ff94bbc1000 rw-p 00000000 00:00 0
7ff94bbc1000-7ff94bbc3000 r--s 00003000 00:00 1718021            /home/liankeqin/.m2/repository/io/dropwizard/metrics/metrics-json/4.2.0/metrics-json-4.2.0.jar
7ff94bbc3000-7ff94bbc8000 r--s 0002c000 00:00 1717979            /home/liankeqin/.m2/repository/org/glassfish/hk2/hk2-api/2.6.1/hk2-api-2.6.1.jar
7ff94bbc8000-7ff94bbca000 r--s 00005000 00:00 1717970            /home/liankeqin/.m2/repository/org/glassfish/hk2/external/aopalliance-repackaged/2.6.1/aopalliance-repackaged-2.6.1.jar
7ff94bbca000-7ff94bbce000 r--s 0002e000 00:00 1717610            /home/liankeqin/.m2/repository/org/glassfish/hk2/hk2-locator/2.6.1/hk2-locator-2.6.1.jar
7ff94bbce000-7ff94bbd0000 r--s 00011000 00:00 1717961            /home/liankeqin/.m2/repository/org/glassfish/jersey/inject/jersey-hk2/2.34/jersey-hk2-2.34.jar
7ff94bbd0000-7ff94bbd1000 ---p 00000000 00:00 0
7ff94bbd1000-7ff94bcd1000 rw-p 00000000 00:00 0
7ff94bcd1000-7ff94bcd6000 r--s 00012000 00:00 1717940            /home/liankeqin/.m2/repository/jakarta/validation/jakarta.validation-api/2.0.2/jakarta.validation-api-2.0.2.jar
7ff94bcd6000-7ff94bcda000 r--s 0001f000 00:00 1717895            /home/liankeqin/.m2/repository/jakarta/ws/rs/jakarta.ws.rs-api/2.1.6/jakarta.ws.rs-api-2.1.6.jar
7ff94bcda000-7ff94bce0000 r--s 0003a000 00:00 1717892            /home/liankeqin/.m2/repository/org/glassfish/jersey/core/jersey-client/2.34/jersey-client-2.34.jar
7ff94bce0000-7ff94bd97000 rw-p 00000000 00:00 0
7ff94bd97000-7ff94c230000 ---p 00000000 00:00 0
7ff94c230000-7ff94c2e7000 rw-p 00000000 00:00 0
7ff94c2e7000-7ff94c780000 ---p 00000000 00:00 0
7ff94c780000-7ff94c8dd000 rw-p 00000000 00:00 0
7ff94c8dd000-7ff94ca28000 ---p 00000000 00:00 0
7ff94ca28000-7ff94ca29000 rw-p 00000000 00:00 0
7ff94ca29000-7ff94ca2b000 r--s 00010000 00:00 1717948            /home/liankeqin/.m2/repository/org/glassfish/jersey/containers/jersey-container-servlet-core/2.34/jersey-container-servlet-core-2.34.jar
7ff94ca2b000-7ff94ca30000 r--s 00051000 00:00 1717887            /home/liankeqin/.m2/repository/org/json4s/json4s-scalap_2.12/3.7.0-M11/json4s-scalap_2.12-3.7.0-M11.jar
7ff94ca30000-7ff94ca46000 rw-p 00000000 00:00 0
7ff94ca46000-7ff94cdf0000 ---p 00000000 00:00 0
7ff94cdf0000-7ff94d360000 rwxp 00000000 00:00 0
7ff94d360000-7ff95bdf0000 ---p 00000000 00:00 0
7ff95bdf0000-7ff95bdf8000 r-xp 00000000 00:00 1366447            /usr/lib/jvm/java-8-openjdk-amd64/jre/lib/amd64/libzip.so
7ff95bdf8000-7ff95bdf9000 ---p 00008000 00:00 1366447            /usr/lib/jvm/java-8-openjdk-amd64/jre/lib/amd64/libzip.so
7ff95bdf9000-7ff95bff7000 ---p 00009000 00:00 1366447            /usr/lib/jvm/java-8-openjdk-amd64/jre/lib/amd64/libzip.so
7ff95bff7000-7ff95bff8000 r--p 00007000 00:00 1366447            /usr/lib/jvm/java-8-openjdk-amd64/jre/lib/amd64/libzip.so
7ff95bff8000-7ff95bff9000 rw-p 00008000 00:00 1366447            /usr/lib/jvm/java-8-openjdk-amd64/jre/lib/amd64/libzip.so
7ff95bff9000-7ff95bffa000 r--s 00009000 00:00 1718225            /home/liankeqin/.m2/repository/org/apache/arrow/arrow-memory-netty/2.0.0/arrow-memory-netty-2.0.0.jar
7ff95bffa000-7ff95c000000 r--s 0007b000 00:00 1717872            /home/liankeqin/.m2/repository/org/json4s/json4s-core_2.12/3.7.0-M11/json4s-core_2.12-3.7.0-M11.jar
7ff95c000000-7ff960000000 rw-p 00000000 00:00 0
7ff960000000-7ff960005000 r--s 00083000 00:00 1717842            /home/liankeqin/.m2/repository/org/scala-lang/modules/scala-xml_2.12/1.2.0/scala-xml_2.12-1.2.0.jar
7ff960005000-7ff96000a000 r--s 0003e000 00:00 1717836            /home/liankeqin/.m2/repository/commons-net/commons-net/3.1/commons-net-3.1.jar
7ff96000a000-7ff96000f000 r--s 0005a000 00:00 1717831            /home/liankeqin/.m2/repository/org/roaringbitmap/RoaringBitmap/0.9.0/RoaringBitmap-0.9.0.jar
7ff96000f000-7ff960029000 r--s 00155000 00:00 2445811            /home/liankeqin/.m2/repository/org/apache/htrace/htrace-core4/4.1.0-incubating/htrace-core4-4.1.0-incubating.jar
7ff960029000-7ff960044000 r--s 001d6000 00:00 1366466            /usr/lib/jvm/java-8-openjdk-amd64/jre/lib/ext/nashorn.jar
7ff960044000-7ff96005f000 r--s 00394000 00:00 1366461            /usr/lib/jvm/java-8-openjdk-amd64/jre/lib/ext/cldrdata.jar
7ff96005f000-7ff960090000 r--p 00000000 00:00 724190             /usr/lib/locale/C.UTF-8/LC_CTYPE
7ff960090000-7ff9600de000 rw-p 00000000 00:00 0
7ff9600de000-7ff9600e0000 r--s 00005000 00:00 1717917            /home/liankeqin/.m2/repository/jakarta/annotation/jakarta.annotation-api/1.3.5/jakarta.annotation-api-1.3.5.jar
7ff9600e0000-7ff9600e1000 ---p 00000000 00:00 0
7ff9600e1000-7ff9601e1000 rw-p 00000000 00:00 0
7ff9601e1000-7ff9601e3000 r--s 00014000 00:00 1717874            /home/liankeqin/.m2/repository/org/json4s/json4s-ast_2.12/3.7.0-M11/json4s-ast_2.12-3.7.0-M11.jar
7ff9601e3000-7ff9601e5000 r--s 00008000 00:00 1717862            /home/liankeqin/.m2/repository/org/json4s/json4s-jackson_2.12/3.7.0-M11/json4s-jackson_2.12-3.7.0-M11.jar
7ff9601e5000-7ff9601e7000 r--s 00673000 00:00 1717817            /home/liankeqin/.m2/repository/com/github/luben/zstd-jni/1.5.0-4/zstd-jni-1.5.0-4.jar
7ff9601e7000-7ff9601f0000 r--s 0006f000 00:00 1717790            /home/liankeqin/.m2/repository/log4j/log4j/1.2.17/log4j-1.2.17.jar
7ff9601f0000-7ff9601fb000 r-xp 00000000 00:00 721985             /lib/x86_64-linux-gnu/libnss_files-2.27.so
7ff9601fb000-7ff9601fc000 ---p 0000b000 00:00 721985             /lib/x86_64-linux-gnu/libnss_files-2.27.so
7ff9601fc000-7ff9603fa000 ---p 0000c000 00:00 721985             /lib/x86_64-linux-gnu/libnss_files-2.27.so
7ff9603fa000-7ff9603fb000 r--p 0000a000 00:00 721985             /lib/x86_64-linux-gnu/libnss_files-2.27.so
7ff9603fb000-7ff9603fc000 rw-p 0000b000 00:00 721985             /lib/x86_64-linux-gnu/libnss_files-2.27.so
7ff9603fc000-7ff960402000 rw-p 00000000 00:00 0
7ff960402000-7ff960403000 r--s 00004000 00:00 1718216            /home/liankeqin/.m2/repository/com/google/flatbuffers/flatbuffers-java/1.9.0/flatbuffers-java-1.9.0.jar
7ff960403000-7ff960410000 r--s 00083000 00:00 1717758            /home/liankeqin/.m2/repository/commons-collections/commons-collections/3.2.2/commons-collections-3.2.2.jar
7ff960410000-7ff960427000 r-xp 00000000 00:00 721979             /lib/x86_64-linux-gnu/libnsl-2.27.so
7ff960427000-7ff960428000 ---p 00017000 00:00 721979             /lib/x86_64-linux-gnu/libnsl-2.27.so
7ff960428000-7ff960626000 ---p 00018000 00:00 721979             /lib/x86_64-linux-gnu/libnsl-2.27.so
7ff960626000-7ff960627000 r--p 00016000 00:00 721979             /lib/x86_64-linux-gnu/libnsl-2.27.so
7ff960627000-7ff960628000 rw-p 00017000 00:00 721979             /lib/x86_64-linux-gnu/libnsl-2.27.so
7ff960628000-7ff96062a000 rw-p 00000000 00:00 0
7ff96062a000-7ff960630000 r--s 00040000 00:00 1717750            /home/liankeqin/.m2/repository/commons-io/commons-io/2.8.0/commons-io-2.8.0.jar
7ff960630000-7ff96063b000 r-xp 00000000 00:00 721989             /lib/x86_64-linux-gnu/libnss_nis-2.27.so
7ff96063b000-7ff96063c000 ---p 0000b000 00:00 721989             /lib/x86_64-linux-gnu/libnss_nis-2.27.so
7ff96063c000-7ff96083a000 ---p 0000c000 00:00 721989             /lib/x86_64-linux-gnu/libnss_nis-2.27.so
7ff96083a000-7ff96083b000 r--p 0000a000 00:00 721989             /lib/x86_64-linux-gnu/libnss_nis-2.27.so
7ff96083b000-7ff96083c000 rw-p 0000b000 00:00 721989             /lib/x86_64-linux-gnu/libnss_nis-2.27.so
7ff96083c000-7ff96083d000 r--s 00000000 00:00 1718127            /home/liankeqin/.m2/repository/org/spark-project/spark/unused/1.0.0/unused-1.0.0.jar
7ff96083d000-7ff960840000 r--s 0009c000 00:00 1717815            /home/liankeqin/.m2/repository/org/lz4/lz4-java/1.7.1/lz4-java-1.7.1.jar
7ff960840000-7ff960848000 r-xp 00000000 00:00 721981             /lib/x86_64-linux-gnu/libnss_compat-2.27.so
7ff960848000-7ff96084a000 ---p 00008000 00:00 721981             /lib/x86_64-linux-gnu/libnss_compat-2.27.so
7ff96084a000-7ff960a48000 ---p 0000a000 00:00 721981             /lib/x86_64-linux-gnu/libnss_compat-2.27.so
7ff960a48000-7ff960a49000 r--p 00008000 00:00 721981             /lib/x86_64-linux-gnu/libnss_compat-2.27.so
7ff960a49000-7ff960a4a000 rw-p 00009000 00:00 721981             /lib/x86_64-linux-gnu/libnss_compat-2.27.so
7ff960a4a000-7ff960a4b000 r--s 00003000 00:00 1718106            /home/liankeqin/.m2/repository/org/apache/spark/spark-tags_2.12/3.2.0/spark-tags_2.12-3.2.0.jar
7ff960a4b000-7ff960a50000 r--s 0002c000 00:00 1717738            /home/liankeqin/.m2/repository/org/apache/commons/commons-text/1.6/commons-text-1.6.jar
7ff960a50000-7ff960a7a000 r-xp 00000000 00:00 1366428            /usr/lib/jvm/java-8-openjdk-amd64/jre/lib/amd64/libjava.so
7ff960a7a000-7ff960a7c000 ---p 0002a000 00:00 1366428            /usr/lib/jvm/java-8-openjdk-amd64/jre/lib/amd64/libjava.so
7ff960a7c000-7ff960c79000 ---p 0002c000 00:00 1366428            /usr/lib/jvm/java-8-openjdk-amd64/jre/lib/amd64/libjava.so
7ff960c79000-7ff960c7a000 r--p 00029000 00:00 1366428            /usr/lib/jvm/java-8-openjdk-amd64/jre/lib/amd64/libjava.so
7ff960c7a000-7ff960c7c000 rw-p 0002a000 00:00 1366428            /usr/lib/jvm/java-8-openjdk-amd64/jre/lib/amd64/libjava.so
7ff960c7c000-7ff960c80000 r--s 001de000 00:00 1717811            /home/liankeqin/.m2/repository/org/xerial/snappy/snappy-java/1.1.8.4/snappy-java-1.1.8.4.jar
7ff960c80000-7ff960c90000 r-xp 00000000 00:00 1366446            /usr/lib/jvm/java-8-openjdk-amd64/jre/lib/amd64/libverify.so
7ff960c90000-7ff960c92000 ---p 00010000 00:00 1366446            /usr/lib/jvm/java-8-openjdk-amd64/jre/lib/amd64/libverify.so
7ff960c92000-7ff960e8f000 ---p 00012000 00:00 1366446            /usr/lib/jvm/java-8-openjdk-amd64/jre/lib/amd64/libverify.so
7ff960e8f000-7ff960e91000 r--p 0000f000 00:00 1366446            /usr/lib/jvm/java-8-openjdk-amd64/jre/lib/amd64/libverify.so
7ff960e91000-7ff960e92000 rw-p 00011000 00:00 1366446            /usr/lib/jvm/java-8-openjdk-amd64/jre/lib/amd64/libverify.so
7ff960e92000-7ff960e94000 r--s 00012000 00:00 1717796            /home/liankeqin/.m2/repository/com/ning/compress-lzf/1.0.3/compress-lzf-1.0.3.jar
7ff960e94000-7ff960e96000 r--s 00003000 00:00 1717782            /home/liankeqin/.m2/repository/org/slf4j/jcl-over-slf4j/1.7.30/jcl-over-slf4j-1.7.30.jar
7ff960e96000-7ff960ea0000 r--s 00086000 00:00 1717733            /home/liankeqin/.m2/repository/org/apache/commons/commons-lang3/3.12.0/commons-lang3-3.12.0.jar
7ff960ea0000-7ff960ea7000 r-xp 00000000 00:00 722027             /lib/x86_64-linux-gnu/librt-2.27.so
7ff960ea7000-7ff960ea8000 ---p 00007000 00:00 722027             /lib/x86_64-linux-gnu/librt-2.27.so
7ff960ea8000-7ff9610a6000 ---p 00008000 00:00 722027             /lib/x86_64-linux-gnu/librt-2.27.so
7ff9610a6000-7ff9610a7000 r--p 00006000 00:00 722027             /lib/x86_64-linux-gnu/librt-2.27.so
7ff9610a7000-7ff9610a8000 rw-p 00007000 00:00 722027             /lib/x86_64-linux-gnu/librt-2.27.so
7ff9610a8000-7ff9610a9000 r--s 00005000 00:00 1718033            /home/liankeqin/.m2/repository/io/dropwizard/metrics/metrics-graphite/4.2.0/metrics-graphite-4.2.0.jar
7ff9610a9000-7ff9610b0000 r--s 00050000 00:00 1717729            /home/liankeqin/.m2/repository/commons-codec/commons-codec/1.15/commons-codec-1.15.jar
7ff9610b0000-7ff9610c7000 r-xp 00000000 00:00 762349             /lib/x86_64-linux-gnu/libgcc_s.so.1
7ff9610c7000-7ff9610c8000 ---p 00017000 00:00 762349             /lib/x86_64-linux-gnu/libgcc_s.so.1
7ff9610c8000-7ff9612c6000 ---p 00018000 00:00 762349             /lib/x86_64-linux-gnu/libgcc_s.so.1
7ff9612c6000-7ff9612c7000 r--p 00016000 00:00 762349             /lib/x86_64-linux-gnu/libgcc_s.so.1
7ff9612c7000-7ff9612c8000 rw-p 00017000 00:00 762349             /lib/x86_64-linux-gnu/libgcc_s.so.1
7ff9612c8000-7ff9612cc000 r--s 00011000 00:00 1717718            /home/liankeqin/.m2/repository/jakarta/servlet/jakarta.servlet-api/4.0.3/jakarta.servlet-api-4.0.3.jar
7ff9612cc000-7ff9612d0000 r--s 0003a000 00:00 1717706            /home/liankeqin/.m2/repository/org/apache/zookeeper/zookeeper-jute/3.6.2/zookeeper-jute-3.6.2.jar
7ff9612d0000-7ff96146d000 r-xp 00000000 00:00 721962             /lib/x86_64-linux-gnu/libm-2.27.so
7ff96146d000-7ff961470000 ---p 0019d000 00:00 721962             /lib/x86_64-linux-gnu/libm-2.27.so
7ff961470000-7ff96166c000 ---p 001a0000 00:00 721962             /lib/x86_64-linux-gnu/libm-2.27.so
7ff96166c000-7ff96166d000 r--p 0019c000 00:00 721962             /lib/x86_64-linux-gnu/libm-2.27.so
7ff96166d000-7ff96166e000 rw-p 0019d000 00:00 721962             /lib/x86_64-linux-gnu/libm-2.27.so
7ff96166e000-7ff961670000 r--s 00000000 00:00 1717775            /home/liankeqin/.m2/repository/org/slf4j/jul-to-slf4j/1.7.30/jul-to-slf4j-1.7.30.jar
7ff961670000-7ff9617e9000 r-xp 00000000 00:00 766086             /usr/lib/x86_64-linux-gnu/libstdc++.so.6.0.25
7ff9617e9000-7ff9617f6000 ---p 00179000 00:00 766086             /usr/lib/x86_64-linux-gnu/libstdc++.so.6.0.25
7ff9617f6000-7ff9619e9000 ---p 00186000 00:00 766086             /usr/lib/x86_64-linux-gnu/libstdc++.so.6.0.25
7ff9619e9000-7ff9619f3000 r--p 00179000 00:00 766086             /usr/lib/x86_64-linux-gnu/libstdc++.so.6.0.25
7ff9619f3000-7ff9619f5000 rw-p 00183000 00:00 766086             /usr/lib/x86_64-linux-gnu/libstdc++.so.6.0.25
7ff9619f5000-7ff9619f9000 rw-p 00000000 00:00 0
7ff9619f9000-7ff9619fb000 r--s 00009000 00:00 1717769            /home/liankeqin/.m2/repository/org/slf4j/slf4j-api/1.7.30/slf4j-api-1.7.30.jar
7ff9619fb000-7ff961a00000 r--s 00041000 00:00 1717699            /home/liankeqin/.m2/repository/commons-lang/commons-lang/2.6/commons-lang-2.6.jar
7ff961a00000-7ff9626a8000 r-xp 00000000 00:00 1366450            /usr/lib/jvm/java-8-openjdk-amd64/jre/lib/amd64/server/libjvm.so
7ff9626a8000-7ff962773000 ---p 00ca8000 00:00 1366450            /usr/lib/jvm/java-8-openjdk-amd64/jre/lib/amd64/server/libjvm.so
7ff962773000-7ff9628a8000 ---p 00d73000 00:00 1366450            /usr/lib/jvm/java-8-openjdk-amd64/jre/lib/amd64/server/libjvm.so
7ff9628a8000-7ff96293c000 r--p 00ca8000 00:00 1366450            /usr/lib/jvm/java-8-openjdk-amd64/jre/lib/amd64/server/libjvm.so
7ff96293c000-7ff962965000 rw-p 00d3c000 00:00 1366450            /usr/lib/jvm/java-8-openjdk-amd64/jre/lib/amd64/server/libjvm.so
7ff962965000-7ff962995000 rw-p 00000000 00:00 0
7ff962995000-7ff962998000 r--s 00006000 00:00 1717765            /home/liankeqin/.m2/repository/com/google/code/findbugs/jsr305/3.0.0/jsr305-3.0.0.jar
7ff962998000-7ff9629a0000 r--s 0003e000 00:00 1717672            /home/liankeqin/.m2/repository/org/apache/curator/curator-recipes/2.13.0/curator-recipes-2.13.0.jar
7ff9629a0000-7ff9629ba000 r-xp 00000000 00:00 722019             /lib/x86_64-linux-gnu/libpthread-2.27.so
7ff9629ba000-7ff9629c4000 ---p 0001a000 00:00 722019             /lib/x86_64-linux-gnu/libpthread-2.27.so
7ff9629c4000-7ff962bb9000 ---p 00024000 00:00 722019             /lib/x86_64-linux-gnu/libpthread-2.27.so
7ff962bb9000-7ff962bba000 r--p 00019000 00:00 722019             /lib/x86_64-linux-gnu/libpthread-2.27.so
7ff962bba000-7ff962bbb000 rw-p 0001a000 00:00 722019             /lib/x86_64-linux-gnu/libpthread-2.27.so
7ff962bbb000-7ff962bbf000 rw-p 00000000 00:00 0
7ff962bbf000-7ff962bc0000 r--s 00005000 00:00 1718018            /home/liankeqin/.m2/repository/io/dropwizard/metrics/metrics-jvm/4.2.0/metrics-jvm-4.2.0.jar
7ff962bc0000-7ff962bc3000 r-xp 00000000 00:00 721922             /lib/x86_64-linux-gnu/libdl-2.27.so
7ff962bc3000-7ff962bc4000 ---p 00003000 00:00 721922             /lib/x86_64-linux-gnu/libdl-2.27.so
7ff962bc4000-7ff962dc2000 ---p 00004000 00:00 721922             /lib/x86_64-linux-gnu/libdl-2.27.so
7ff962dc2000-7ff962dc3000 r--p 00002000 00:00 721922             /lib/x86_64-linux-gnu/libdl-2.27.so
7ff962dc3000-7ff962dc4000 rw-p 00003000 00:00 721922             /lib/x86_64-linux-gnu/libdl-2.27.so
7ff962dc4000-7ff962dca000 r--s 0002c000 00:00 1717675            /home/liankeqin/.m2/repository/org/apache/curator/curator-framework/2.13.0/curator-framework-2.13.0.jar
7ff962dca000-7ff962dcc000 r--s 0000f000 00:00 1717661            /home/liankeqin/.m2/repository/javax/activation/activation/1.1.1/activation-1.1.1.jar
7ff962dcc000-7ff962dd0000 r--s 00024000 00:00 1717650            /home/liankeqin/.m2/repository/org/apache/spark/spark-network-shuffle_2.12/3.2.0/spark-network-shuffle_2.12-3.2.0.jar
7ff962dd0000-7ff962dec000 r-xp 00000000 00:00 722058             /lib/x86_64-linux-gnu/libz.so.1.2.11
7ff962dec000-7ff962ded000 ---p 0001c000 00:00 722058             /lib/x86_64-linux-gnu/libz.so.1.2.11
7ff962ded000-7ff962feb000 ---p 0001d000 00:00 722058             /lib/x86_64-linux-gnu/libz.so.1.2.11
7ff962feb000-7ff962fec000 r--p 0001b000 00:00 722058             /lib/x86_64-linux-gnu/libz.so.1.2.11
7ff962fec000-7ff962fed000 rw-p 0001c000 00:00 722058             /lib/x86_64-linux-gnu/libz.so.1.2.11
7ff962fed000-7ff962fee000 r--s 00007000 00:00 1717942            /home/liankeqin/.m2/repository/org/glassfish/jersey/containers/jersey-container-servlet/2.34/jersey-container-servlet-2.34.jar
7ff962fee000-7ff962ff0000 r--s 0000b000 00:00 1717657            /home/liankeqin/.m2/repository/org/apache/spark/spark-unsafe_2.12/3.2.0/spark-unsafe_2.12-3.2.0.jar
7ff962ff0000-7ff9631d7000 r-xp 00000000 00:00 721868             /lib/x86_64-linux-gnu/libc-2.27.so
7ff9631d7000-7ff9631e0000 ---p 001e7000 00:00 721868             /lib/x86_64-linux-gnu/libc-2.27.so
7ff9631e0000-7ff9633d7000 ---p 001f0000 00:00 721868             /lib/x86_64-linux-gnu/libc-2.27.so
7ff9633d7000-7ff9633db000 r--p 001e7000 00:00 721868             /lib/x86_64-linux-gnu/libc-2.27.so
7ff9633db000-7ff9633dd000 rw-p 001eb000 00:00 721868             /lib/x86_64-linux-gnu/libc-2.27.so
7ff9633dd000-7ff9633e1000 rw-p 00000000 00:00 0
7ff9633e1000-7ff9633e2000 r--s 00004000 00:00 1717927            /home/liankeqin/.m2/repository/org/glassfish/hk2/osgi-resource-locator/1.0.3/osgi-resource-locator-1.0.3.jar
7ff9633e2000-7ff9633e7000 r--s 00036000 00:00 1717641            /home/liankeqin/.m2/repository/com/google/code/gson/gson/2.8.6/gson-2.8.6.jar
7ff9633e7000-7ff9633ea000 r--s 00010000 00:00 1717620            /home/liankeqin/.m2/repository/com/fasterxml/jackson/core/jackson-annotations/2.12.3/jackson-annotations-2.12.3.jar
7ff9633ea000-7ff9633ed000 r--s 000fd000 00:00 1717614            /home/liankeqin/.m2/repository/org/fusesource/leveldbjni/leveldbjni-all/1.8/leveldbjni-all-1.8.jar
7ff9633ed000-7ff9633f0000 r--s 0000d000 00:00 1717509            /home/liankeqin/.m2/repository/org/apache/spark/spark-kvstore_2.12/3.2.0/spark-kvstore_2.12-3.2.0.jar
7ff9633f0000-7ff9633fe000 r-xp 00000000 00:00 1366414            /usr/lib/jvm/java-8-openjdk-amd64/jre/lib/amd64/jli/libjli.so
7ff9633fe000-7ff9633ff000 ---p 0000e000 00:00 1366414            /usr/lib/jvm/java-8-openjdk-amd64/jre/lib/amd64/jli/libjli.so
7ff9633ff000-7ff9635fd000 ---p 0000f000 00:00 1366414            /usr/lib/jvm/java-8-openjdk-amd64/jre/lib/amd64/jli/libjli.so
7ff9635fd000-7ff9635fe000 r--p 0000d000 00:00 1366414            /usr/lib/jvm/java-8-openjdk-amd64/jre/lib/amd64/jli/libjli.so
7ff9635fe000-7ff9635ff000 rw-p 0000e000 00:00 1366414            /usr/lib/jvm/java-8-openjdk-amd64/jre/lib/amd64/jli/libjli.so
7ff9635ff000-7ff963600000 r--s 00004000 00:00 1717910            /home/liankeqin/.m2/repository/org/glassfish/hk2/external/jakarta.inject/2.6.1/jakarta.inject-2.6.1.jar
7ff963600000-7ff963626000 r-xp 00000000 00:00 721796             /lib/x86_64-linux-gnu/ld-2.27.so
7ff963626000-7ff963627000 r-xp 00026000 00:00 721796             /lib/x86_64-linux-gnu/ld-2.27.so
7ff963627000-7ff963628000 r--s 00000000 00:00 2445810            /home/liankeqin/.m2/repository/org/roaringbitmap/shims/0.9.0/shims-0.9.0.jar
7ff963628000-7ff96362a000 r--s 00011000 00:00 1717603            /home/liankeqin/.m2/repository/org/apache/spark/spark-launcher_2.12/3.2.0/spark-launcher_2.12-3.2.0.jar
7ff96362a000-7ff96362c000 r--s 0000e000 00:00 2445808            /home/liankeqin/.m2/repository/commons-logging/commons-logging/1.1.3/commons-logging-1.1.3.jar
7ff96362c000-7ff963634000 r--s 0005d000 00:00 1717568            /home/liankeqin/.m2/repository/com/esotericsoftware/kryo-shaded/4.0.2/kryo-shaded-4.0.2.jar
7ff963634000-7ff963640000 r--s 0008f000 00:00 1717531            /home/liankeqin/.m2/repository/org/apache/commons/commons-compress/1.20/commons-compress-1.20.jar
7ff963640000-7ff9636b6000 rw-p 00000000 00:00 0
7ff9636b6000-7ff9636ba000 r--s 00044000 00:00 1717596            /home/liankeqin/.m2/repository/org/apache/xbean/xbean-asm9-shaded/4.20/xbean-asm9-shaded-4.20.jar
7ff9636ba000-7ff9636bd000 r--s 0000b000 00:00 1717583            /home/liankeqin/.m2/repository/org/objenesis/objenesis/2.5.1/objenesis-2.5.1.jar
7ff9636bd000-7ff9636c0000 r--s 00031000 00:00 1717564            /home/liankeqin/.m2/repository/com/twitter/chill_2.12/0.10.0/chill_2.12-0.10.0.jar
7ff9636c0000-7ff96371b000 rw-p 00000000 00:00 0
7ff96371b000-7ff96371c000 r--s 00002000 00:00 1717793            /home/liankeqin/.m2/repository/org/slf4j/slf4j-log4j12/1.7.30/slf4j-log4j12-1.7.30.jar
7ff96371c000-7ff963720000 r--s 00017000 00:00 1717547            /home/liankeqin/.m2/repository/org/tukaani/xz/1.8/xz-1.8.jar
7ff963720000-7ff963721000 ---p 00000000 00:00 0
7ff963721000-7ff963821000 rw-p 00000000 00:00 0
7ff963821000-7ff963823000 r--s 0000d000 00:00 1717587            /home/liankeqin/.m2/repository/com/twitter/chill-java/0.10.0/chill-java-0.10.0.jar
7ff963823000-7ff963827000 r--s 0002a000 00:00 1717534            /home/liankeqin/.m2/repository/org/apache/avro/avro-mapred/1.10.2/avro-mapred-1.10.2.jar
7ff963827000-7ff963828000 r--p 00027000 00:00 721796             /lib/x86_64-linux-gnu/ld-2.27.so
7ff963828000-7ff963829000 rw-p 00028000 00:00 721796             /lib/x86_64-linux-gnu/ld-2.27.so
7ff963829000-7ff96382a000 rw-p 00000000 00:00 0
7ff96382a000-7ff96382b000 r--s 00004000 00:00 1717711            /home/liankeqin/.m2/repository/org/apache/yetus/audience-annotations/0.5.0/audience-annotations-0.5.0.jar
7ff96382b000-7ff96382c000 r--s 00001000 00:00 1717571            /home/liankeqin/.m2/repository/com/esotericsoftware/minlog/1.3.0/minlog-1.3.0.jar
7ff96382c000-7ff963831000 r--s 00055000 00:00 1717528            /home/liankeqin/.m2/repository/com/fasterxml/jackson/core/jackson-core/2.12.2/jackson-core-2.12.2.jar
7ff963831000-7ff96383c000 r--s 00086000 00:00 1717522            /home/liankeqin/.m2/repository/org/apache/avro/avro/1.10.2/avro-1.10.2.jar
7ff96383c000-7ff963840000 r--s 00019000 00:00 2445926            /home/liankeqin/.m2/repository/org/apache/maven/surefire/surefire-api/2.12.4/surefire-api-2.12.4.jar
7ff963840000-7ff963891000 rw-p 00000000 00:00 0
7ff963891000-7ff963894000 r--s 0002b000 00:00 1717543            /home/liankeqin/.m2/repository/org/apache/avro/avro-ipc/1.10.2/avro-ipc-1.10.2.jar
7ff963894000-7ff963896000 r--s 00007000 00:00 2445925            /home/liankeqin/.m2/repository/org/apache/maven/surefire/surefire-booter/2.12.4/surefire-booter-2.12.4.jar
7ff963896000-7ff96389a000 r--s 0003a000 00:00 1366469            /usr/lib/jvm/java-8-openjdk-amd64/jre/lib/ext/sunpkcs11.jar
7ff96389a000-7ff9638a0000 r--s 0003d000 00:00 1366468            /usr/lib/jvm/java-8-openjdk-amd64/jre/lib/ext/sunjce_provider.jar
7ff9638a0000-7ff9638a4000 ---p 00000000 00:00 0
7ff9638a4000-7ff9639a1000 rw-p 00000000 00:00 0
7ff9639a1000-7ff9639a2000 r--s 00003000 00:00 198881             /home/liankeqin/GPU-DIZK/target/surefire/surefirebooter7120698582958368890.jar
7ff9639a2000-7ff9639a3000 r--s 00010000 00:00 1366470            /usr/lib/jvm/java-8-openjdk-amd64/jre/lib/ext/zipfs.jar
7ff9639a3000-7ff9639a4000 r--s 0000d000 00:00 1366467            /usr/lib/jvm/java-8-openjdk-amd64/jre/lib/ext/sunec.jar
7ff9639a4000-7ff9639ae000 r--s 00117000 00:00 1366465            /usr/lib/jvm/java-8-openjdk-amd64/jre/lib/ext/localedata.jar
7ff9639ae000-7ff9639b0000 r--s 00007000 00:00 1551683            /usr/share/java/java-atk-wrapper.jar
7ff9639b0000-7ff9639b2000 rw-p 00000000 00:00 0
7ff9639b2000-7ff9639b3000 r--s 0000a000 00:00 1366464            /usr/lib/jvm/java-8-openjdk-amd64/jre/lib/ext/jaccess.jar
7ff9639b3000-7ff9639b6000 r--s 0000f000 00:00 1366463            /usr/lib/jvm/java-8-openjdk-amd64/jre/lib/ext/icedtea-sound.jar
7ff9639b6000-7ff9639b8000 r--s 00001000 00:00 1366462            /usr/lib/jvm/java-8-openjdk-amd64/jre/lib/ext/dnsns.jar
7ff9639b8000-7ff9639b9000 r--p 00000000 00:00 724197             /usr/lib/locale/C.UTF-8/LC_NUMERIC
7ff9639b9000-7ff9639ba000 r--p 00000000 00:00 724200             /usr/lib/locale/C.UTF-8/LC_TIME
7ff9639ba000-7ff9639bb000 r--p 00000000 00:00 724195             /usr/lib/locale/C.UTF-8/LC_MONETARY
7ff9639bb000-7ff9639bc000 r--p 00000000 00:00 724194             /usr/lib/locale/C.UTF-8/LC_MESSAGES/SYS_LC_MESSAGES
7ff9639bc000-7ff9639bd000 r--p 00000000 00:00 724198             /usr/lib/locale/C.UTF-8/LC_PAPER
7ff9639bd000-7ff9639be000 r--p 00000000 00:00 724196             /usr/lib/locale/C.UTF-8/LC_NAME
7ff9639be000-7ff9639bf000 r--p 00000000 00:00 724188             /usr/lib/locale/C.UTF-8/LC_ADDRESS
7ff9639bf000-7ff9639c0000 r--p 00000000 00:00 724199             /usr/lib/locale/C.UTF-8/LC_TELEPHONE
7ff9639c0000-7ff9639c1000 r--p 00000000 00:00 0
7ff9639c1000-7ff9639c8000 r--s 00000000 00:00 734791             /usr/lib/x86_64-linux-gnu/gconv/gconv-modules.cache
7ff9639c8000-7ff9639d0000 rw-s 00000000 00:00 221230             /tmp/hsperfdata_liankeqin/21016
7ff9639d0000-7ff9639d2000 rw-p 00000000 00:00 0
7ff9639d2000-7ff9639d3000 r--p 00000000 00:00 724192             /usr/lib/locale/C.UTF-8/LC_MEASUREMENT
7ff9639d3000-7ff9639d4000 r--p 00000000 00:00 724191             /usr/lib/locale/C.UTF-8/LC_IDENTIFICATION
7ff963a00000-7ff963a01000 r-xp 00000000 00:00 1366401            /usr/lib/jvm/java-8-openjdk-amd64/jre/bin/java
7ff963c00000-7ff963c01000 r--p 00000000 00:00 1366401            /usr/lib/jvm/java-8-openjdk-amd64/jre/bin/java
7ff963c01000-7ff963c02000 rw-p 00001000 00:00 1366401            /usr/lib/jvm/java-8-openjdk-amd64/jre/bin/java
7ffff1a9e000-7ffff1abf000 rw-p 00000000 00:00 0                  [heap]
7ffff8b44000-7ffff9344000 rw-p 00000000 00:00 0                  [stack]
7ffff9852000-7ffff9853000 r-xp 00000000 00:00 0                  [vdso]

VM Arguments:
java_command: /home/liankeqin/GPU-DIZK/target/surefire/surefirebooter7120698582958368890.jar /home/liankeqin/GPU-DIZK/target/surefire/surefire8818203835079800149tmp /home/liankeqin/GPU-DIZK/target/surefire/surefire_01262511033847861777tmp
java_class_path (initial): /home/liankeqin/GPU-DIZK/target/surefire/surefirebooter7120698582958368890.jar
Launcher Type: SUN_STANDARD

Environment Variables:
PATH=/home/liankeqin/.vscode-server/bin/7db1a2b88f7557e0a43fec75b6ba7e50b3e9f77e/bin:/home/liankeqin/.local/bin:/home/liankeqin/.cargo/bin:/usr/local/sbin:/usr/local/bin:/usr/sbin:/usr/bin:/sbin:/bin:/usr/games:/usr/local/games:/mnt/c/WINDOWS/system32:/mnt/c/WINDOWS:/mnt/c/WINDOWS/System32/Wbem:/mnt/c/WINDOWS/System32/WindowsPowerShell/v1.0/:/mnt/c/WINDOWS/System32/OpenSSH/:/mnt/c/Program Files/CMake/bin:/mnt/c/Program Files (x86)/mingw-w64/i686-8.1.0-posix-dwarf-rt_v6-rev0/mingw32/bin:/mnt/c/Program Files/Docker/Docker/resources/bin:/mnt/c/ProgramData/DockerDesktop/version-bin:/mnt/c/Program Files/Git/cmd:/mnt/c/Users/Lianke Qin/.cargo/bin:/mnt/c/Users/Lianke Qin/AppData/Local/Microsoft/WindowsApps:/mnt/c/Users/Lianke Qin/AppData/Local/GitHubDesktop/bin:/mnt/c/Users/Lianke Qin/AppData/Local/Programs/Microsoft VS Code/bin:/mnt/c/Modeltech_pe_edu_10.4a/win32pe_edu:/mnt/c/Users/Lianke Qin/AppData/Local/Microsoft/WindowsApps:/mnt/c/Users/Lianke Qin/AppData/Roaming/Microsoft/Windows/Start Menu/Programs/Python 3.7:/mnt/c/Program Files/JetBrains/CLion 2019.3.2/bin:/snap/bin
SHELL=/bin/bash
HOSTTYPE=x86_64

Signal Handlers:
SIGSEGV: [libjvm.so+0xabb430], sa_mask[0]=11111111111111111111111111111110, sa_flags=SA_RESTART|SA_SIGINFO
SIGBUS: [libjvm.so+0xabb430], sa_mask[0]=11111111111111111111111111111110, sa_flags=SA_RESTART|SA_SIGINFO
SIGFPE: [libjvm.so+0x8eb5b0], sa_mask[0]=11111111111111111111111111111110, sa_flags=SA_RESTART|SA_SIGINFO
SIGPIPE: [libjvm.so+0x8eb5b0], sa_mask[0]=11111111111111111111111111111110, sa_flags=SA_RESTART|SA_SIGINFO
SIGXFSZ: [libjvm.so+0x8eb5b0], sa_mask[0]=11111111111111111111111111111110, sa_flags=SA_RESTART|SA_SIGINFO
SIGILL: [libjvm.so+0x8eb5b0], sa_mask[0]=11111111111111111111111111111110, sa_flags=SA_RESTART|SA_SIGINFO
SIGUSR1: SIG_DFL, sa_mask[0]=00000000000000000000000000000000, sa_flags=none
SIGUSR2: [libjvm.so+0x8eb460], sa_mask[0]=00100000000000000000000000000000, sa_flags=SA_RESTART|SA_SIGINFO
SIGHUP: [libjvm.so+0x8ebad0], sa_mask[0]=11111111111111111111111111111110, sa_flags=SA_RESTART|SA_SIGINFO
SIGINT: [libjvm.so+0x8ebad0], sa_mask[0]=11111111111111111111111111111110, sa_flags=SA_RESTART|SA_SIGINFO
SIGTERM: [libjvm.so+0x8ebad0], sa_mask[0]=11111111111111111111111111111110, sa_flags=SA_RESTART|SA_SIGINFO
SIGQUIT: [libjvm.so+0x8ebad0], sa_mask[0]=11111111111111111111111111111110, sa_flags=SA_RESTART|SA_SIGINFO


---------------  S Y S T E M  ---------------

OS:DISTRIB_ID=Ubuntu
DISTRIB_RELEASE=18.04
DISTRIB_CODENAME=bionic
DISTRIB_DESCRIPTION="Ubuntu 18.04.2 LTS"

uname:Linux 4.4.0-19041-Microsoft #1237-Microsoft Sat Sep 11 14:32:00 PST 2021 x86_64
libc:glibc 2.27 NPTL 2.27 
rlimit: STACK 8192k, CORE 0k, NPROC 7823, NOFILE 65536, AS infinity
load average:0.52 0.58 0.59

/proc/meminfo:
MemTotal:       16703776 kB
MemFree:         2659656 kB
Buffers:           34032 kB
Cached:           188576 kB
SwapCached:            0 kB
Active:           167556 kB
Inactive:         157876 kB
Active(anon):     103104 kB
Inactive(anon):    17440 kB
Active(file):      64452 kB
Inactive(file):   140436 kB
Unevictable:           0 kB
Mlocked:               0 kB
SwapTotal:      50331648 kB
SwapFree:       48700108 kB
Dirty:                 0 kB
Writeback:             0 kB
AnonPages:        102824 kB
Mapped:            71404 kB
Shmem:             17720 kB
Slab:              13868 kB
SReclaimable:       6744 kB
SUnreclaim:         7124 kB
KernelStack:        2848 kB
PageTables:         2524 kB
NFS_Unstable:          0 kB
Bounce:                0 kB
WritebackTmp:          0 kB
CommitLimit:      515524 kB
Committed_AS:    3450064 kB
VmallocTotal:     122880 kB
VmallocUsed:       21296 kB
VmallocChunk:      66044 kB
HardwareCorrupted:     0 kB
AnonHugePages:      2048 kB
HugePages_Total:       0
HugePages_Free:        0
HugePages_Rsvd:        0
HugePages_Surp:        0
Hugepagesize:       2048 kB
DirectMap4k:       12280 kB
DirectMap4M:      897024 kB


CPU:total 16 (initial active 16) (16 cores per cpu, 1 threads per core) family 23 model 113 stepping 0, cmov, cx8, fxsr, mmx, sse, sse2, sse3, ssse3, sse4.1, sse4.2, popcnt, avx, avx2, aes, clmul, mmxext, 3dnowpref, lzcnt, sse4a, tsc, tscinvbit, tscinv, bmi1

/proc/cpuinfo:
processor	: 0
vendor_id	: AuthenticAMD
cpu family	: 23
model		: 113
model name	: AMD Ryzen 7 3700X 8-Core Processor             
stepping	: 0
microcode	: 0xffffffff
cpu MHz		: 3593.000
cache size	: 512 KB
physical id	: 0
siblings	: 16
core id		: 0
cpu cores	: 8
apicid		: 0
initial apicid	: 0
fpu		: yes
fpu_exception	: yes
cpuid level	: 23
wp		: yes
flags		: fpu vme de pse tsc msr pae mce cx8 apic sep mtrr pge mca cmov pat pse36 clflush mmx fxsr sse sse2 ht syscall nx mmxext fxsr_opt pdpe1gb rdtscp lm pni pclmulqdq ssse3 fma cx16 sse4_1 sse4_2 movbe popcnt aes xsave osxsave avx f16c rdrand hypervisor lahf_lm cmp_legacy cr8_legacy abm sse4a misalignsse 3dnowprefetch osvw wdt topoext fsgsbase bmi1 avx2 smep bmi2 cqm rdt_a rdseed adx smap clflushopt clwb sha_ni umip rdpid
bogomips	: 7186.00
clflush size	: 64
cache_alignment	: 64
address sizes	: 36 bits physical, 48 bits virtual
power management:

processor	: 1
vendor_id	: AuthenticAMD
cpu family	: 23
model		: 113
model name	: AMD Ryzen 7 3700X 8-Core Processor             
stepping	: 0
microcode	: 0xffffffff
cpu MHz		: 3593.000
cache size	: 512 KB
physical id	: 0
siblings	: 16
core id		: 0
cpu cores	: 8
apicid		: 0
initial apicid	: 0
fpu		: yes
fpu_exception	: yes
cpuid level	: 23
wp		: yes
flags		: fpu vme de pse tsc msr pae mce cx8 apic sep mtrr pge mca cmov pat pse36 clflush mmx fxsr sse sse2 ht syscall nx mmxext fxsr_opt pdpe1gb rdtscp lm pni pclmulqdq ssse3 fma cx16 sse4_1 sse4_2 movbe popcnt aes xsave osxsave avx f16c rdrand hypervisor lahf_lm cmp_legacy cr8_legacy abm sse4a misalignsse 3dnowprefetch osvw wdt topoext fsgsbase bmi1 avx2 smep bmi2 cqm rdt_a rdseed adx smap clflushopt clwb sha_ni umip rdpid
bogomips	: 7186.00
clflush size	: 64
cache_alignment	: 64
address sizes	: 36 bits physical, 48 bits virtual
power management:

processor	: 2
vendor_id	: AuthenticAMD
cpu family	: 23
model		: 113
model name	: AMD Ryzen 7 3700X 8-Core Processor             
stepping	: 0
microcode	: 0xffffffff
cpu MHz		: 3593.000
cache size	: 512 KB
physical id	: 0
siblings	: 16
core id		: 1
cpu cores	: 8
apicid		: 0
initial apicid	: 0
fpu		: yes
fpu_exception	: yes
cpuid level	: 23
wp		: yes
flags		: fpu vme de pse tsc msr pae mce cx8 apic sep mtrr pge mca cmov pat pse36 clflush mmx fxsr sse sse2 ht syscall nx mmxext fxsr_opt pdpe1gb rdtscp lm pni pclmulqdq ssse3 fma cx16 sse4_1 sse4_2 movbe popcnt aes xsave osxsave avx f16c rdrand hypervisor lahf_lm cmp_legacy cr8_legacy abm sse4a misalignsse 3dnowprefetch osvw wdt topoext fsgsbase bmi1 avx2 smep bmi2 cqm rdt_a rdseed adx smap clflushopt clwb sha_ni umip rdpid
bogomips	: 7186.00
clflush size	: 64
cache_alignment	: 64
address sizes	: 36 bits physical, 48 bits virtual
power management:

processor	: 3
vendor_id	: AuthenticAMD
cpu family	: 23
model		: 113
model name	: AMD Ryzen 7 3700X 8-Core Processor             
stepping	: 0
microcode	: 0xffffffff
cpu MHz		: 3593.000
cache size	: 512 KB
physical id	: 0
siblings	: 16
core id		: 1
cpu cores	: 8
apicid		: 0
initial apicid	: 0
fpu		: yes
fpu_exception	: yes
cpuid level	: 23
wp		: yes
flags		: fpu vme de pse tsc msr pae mce cx8 apic sep mtrr pge mca cmov pat pse36 clflush mmx fxsr sse sse2 ht syscall nx mmxext fxsr_opt pdpe1gb rdtscp lm pni pclmulqdq ssse3 fma cx16 sse4_1 sse4_2 movbe popcnt aes xsave osxsave avx f16c rdrand hypervisor lahf_lm cmp_legacy cr8_legacy abm sse4a misalignsse 3dnowprefetch osvw wdt topoext fsgsbase bmi1 avx2 smep bmi2 cqm rdt_a rdseed adx smap clflushopt clwb sha_ni umip rdpid
bogomips	: 7186.00
clflush size	: 64
cache_alignment	: 64
address sizes	: 36 bits physical, 48 bits virtual
power management:

processor	: 4
vendor_id	: AuthenticAMD
cpu family	: 23
model		: 113
model name	: AMD Ryzen 7 3700X 8-Core Processor             
stepping	: 0
microcode	: 0xffffffff
cpu MHz		: 3593.000
cache size	: 512 KB
physical id	: 0
siblings	: 16
core id		: 2
cpu cores	: 8
apicid		: 0
initial apicid	: 0
fpu		: yes
fpu_exception	: yes
cpuid level	: 23
wp		: yes
flags		: fpu vme de pse tsc msr pae mce cx8 apic sep mtrr pge mca cmov pat pse36 clflush mmx fxsr sse sse2 ht syscall nx mmxext fxsr_opt pdpe1gb rdtscp lm pni pclmulqdq ssse3 fma cx16 sse4_1 sse4_2 movbe popcnt aes xsave osxsave avx f16c rdrand hypervisor lahf_lm cmp_legacy cr8_legacy abm sse4a misalignsse 3dnowprefetch osvw wdt topoext fsgsbase bmi1 avx2 smep bmi2 cqm rdt_a rdseed adx smap clflushopt clwb sha_ni umip rdpid
bogomips	: 7186.00
clflush size	: 64
cache_alignment	: 64
address sizes	: 36 bits physical, 48 bits virtual
power management:

processor	: 5
vendor_id	: AuthenticAMD
cpu family	: 23
model		: 113
model name	: AMD Ryzen 7 3700X 8-Core Processor             
stepping	: 0
microcode	: 0xffffffff
cpu MHz		: 3593.000
cache size	: 512 KB
physical id	: 0
siblings	: 16
core id		: 2
cpu cores	: 8
apicid		: 0
initial apicid	: 0
fpu		: yes
fpu_exception	: yes
cpuid level	: 23
wp		: yes
flags		: fpu vme de pse tsc msr pae mce cx8 apic sep mtrr pge mca cmov pat pse36 clflush mmx fxsr sse sse2 ht syscall nx mmxext fxsr_opt pdpe1gb rdtscp lm pni pclmulqdq ssse3 fma cx16 sse4_1 sse4_2 movbe popcnt aes xsave osxsave avx f16c rdrand hypervisor lahf_lm cmp_legacy cr8_legacy abm sse4a misalignsse 3dnowprefetch osvw wdt topoext fsgsbase bmi1 avx2 smep bmi2 cqm rdt_a rdseed adx smap clflushopt clwb sha_ni umip rdpid
bogomips	: 7186.00
clflush size	: 64
cache_alignment	: 64
address sizes	: 36 bits physical, 48 bits virtual
power management:

processor	: 6
vendor_id	: AuthenticAMD
cpu family	: 23
model		: 113
model name	: AMD Ryzen 7 3700X 8-Core Processor             
stepping	: 0
microcode	: 0xffffffff
cpu MHz		: 3593.000
cache size	: 512 KB
physical id	: 0
siblings	: 16
core id		: 3
cpu cores	: 8
apicid		: 0
initial apicid	: 0
fpu		: yes
fpu_exception	: yes
cpuid level	: 23
wp		: yes
flags		: fpu vme de pse tsc msr pae mce cx8 apic sep mtrr pge mca cmov pat pse36 clflush mmx fxsr sse sse2 ht syscall nx mmxext fxsr_opt pdpe1gb rdtscp lm pni pclmulqdq ssse3 fma cx16 sse4_1 sse4_2 movbe popcnt aes xsave osxsave avx f16c rdrand hypervisor lahf_lm cmp_legacy cr8_legacy abm sse4a misalignsse 3dnowprefetch osvw wdt topoext fsgsbase bmi1 avx2 smep bmi2 cqm rdt_a rdseed adx smap clflushopt clwb sha_ni umip rdpid
bogomips	: 7186.00
clflush size	: 64
cache_alignment	: 64
address sizes	: 36 bits physical, 48 bits virtual
power management:

processor	: 7
vendor_id	: AuthenticAMD
cpu family	: 23
model		: 113
model name	: AMD Ryzen 7 3700X 8-Core Processor             
stepping	: 0
microcode	: 0xffffffff
cpu MHz		: 3593.000
cache size	: 512 KB
physical id	: 0
siblings	: 16
core id		: 3
cpu cores	: 8
apicid		: 0
initial apicid	: 0
fpu		: yes
fpu_exception	: yes
cpuid level	: 23
wp		: yes
flags		: fpu vme de pse tsc msr pae mce cx8 apic sep mtrr pge mca cmov pat pse36 clflush mmx fxsr sse sse2 ht syscall nx mmxext fxsr_opt pdpe1gb rdtscp lm pni pclmulqdq ssse3 fma cx16 sse4_1 sse4_2 movbe popcnt aes xsave osxsave avx f16c rdrand hypervisor lahf_lm cmp_legacy cr8_legacy abm sse4a misalignsse 3dnowprefetch osvw wdt topoext fsgsbase bmi1 avx2 smep bmi2 cqm rdt_a rdseed adx smap clflushopt clwb sha_ni umip rdpid
bogomips	: 7186.00
clflush size	: 64
cache_alignment	: 64
address sizes	: 36 bits physical, 48 bits virtual
power management:

processor	: 8
vendor_id	: AuthenticAMD
cpu family	: 23
model		: 113
model name	: AMD Ryzen 7 3700X 8-Core Processor             
stepping	: 0
microcode	: 0xffffffff
cpu MHz		: 3593.000
cache size	: 512 KB
physical id	: 0
siblings	: 16
core id		: 4
cpu cores	: 8
apicid		: 0
initial apicid	: 0
fpu		: yes
fpu_exception	: yes
cpuid level	: 23
wp		: yes
flags		: fpu vme de pse tsc msr pae mce cx8 apic sep mtrr pge mca cmov pat pse36 clflush mmx fxsr sse sse2 ht syscall nx mmxext fxsr_opt pdpe1gb rdtscp lm pni pclmulqdq ssse3 fma cx16 sse4_1 sse4_2 movbe popcnt aes xsave osxsave avx f16c rdrand hypervisor lahf_lm cmp_legacy cr8_legacy abm sse4a misalignsse 3dnowprefetch osvw wdt topoext fsgsbase bmi1 avx2 smep bmi2 cqm rdt_a rdseed adx smap clflushopt clwb sha_ni umip rdpid
bogomips	: 7186.00
clflush size	: 64
cache_alignment	: 64
address sizes	: 36 bits physical, 48 bits virtual
power management:

processor	: 9
vendor_id	: AuthenticAMD
cpu family	: 23
model		: 113
model name	: AMD Ryzen 7 3700X 8-Core Processor             
stepping	: 0
microcode	: 0xffffffff
cpu MHz		: 3593.000
cache size	: 512 KB
physical id	: 0
siblings	: 16
core id		: 4
cpu cores	: 8
apicid		: 0
initial apicid	: 0
fpu		: yes
fpu_exception	: yes
cpuid level	: 23
wp		: yes
flags		: fpu vme de pse tsc msr pae mce cx8 apic sep mtrr pge mca cmov pat pse36 clflush mmx fxsr sse sse2 ht syscall nx mmxext fxsr_opt pdpe1gb rdtscp lm pni pclmulqdq ssse3 fma cx16 sse4_1 sse4_2 movbe popcnt aes xsave osxsave avx f16c rdrand hypervisor lahf_lm cmp_legacy cr8_legacy abm sse4a misalignsse 3dnowprefetch osvw wdt topoext fsgsbase bmi1 avx2 smep bmi2 cqm rdt_a rdseed adx smap clflushopt clwb sha_ni umip rdpid
bogomips	: 7186.00
clflush size	: 64
cache_alignment	: 64
address sizes	: 36 bits physical, 48 bits virtual
power management:

processor	: 10
vendor_id	: AuthenticAMD
cpu family	: 23
model		: 113
model name	: AMD Ryzen 7 3700X 8-Core Processor             
stepping	: 0
microcode	: 0xffffffff
cpu MHz		: 3593.000
cache size	: 512 KB
physical id	: 0
siblings	: 16
core id		: 5
cpu cores	: 8
apicid		: 0
initial apicid	: 0
fpu		: yes
fpu_exception	: yes
cpuid level	: 23
wp		: yes
flags		: fpu vme de pse tsc msr pae mce cx8 apic sep mtrr pge mca cmov pat pse36 clflush mmx fxsr sse sse2 ht syscall nx mmxext fxsr_opt pdpe1gb rdtscp lm pni pclmulqdq ssse3 fma cx16 sse4_1 sse4_2 movbe popcnt aes xsave osxsave avx f16c rdrand hypervisor lahf_lm cmp_legacy cr8_legacy abm sse4a misalignsse 3dnowprefetch osvw wdt topoext fsgsbase bmi1 avx2 smep bmi2 cqm rdt_a rdseed adx smap clflushopt clwb sha_ni umip rdpid
bogomips	: 7186.00
clflush size	: 64
cache_alignment	: 64
address sizes	: 36 bits physical, 48 bits virtual
power management:

processor	: 11
vendor_id	: AuthenticAMD
cpu family	: 23
model		: 113
model name	: AMD Ryzen 7 3700X 8-Core Processor             
stepping	: 0
microcode	: 0xffffffff
cpu MHz		: 3593.000
cache size	: 512 KB
physical id	: 0
siblings	: 16
core id		: 5
cpu cores	: 8
apicid		: 0
initial apicid	: 0
fpu		: yes
fpu_exception	: yes
cpuid level	: 23
wp		: yes
flags		: fpu vme de pse tsc msr pae mce cx8 apic sep mtrr pge mca cmov pat pse36 clflush mmx fxsr sse sse2 ht syscall nx mmxext fxsr_opt pdpe1gb rdtscp lm pni pclmulqdq ssse3 fma cx16 sse4_1 sse4_2 movbe popcnt aes xsave osxsave avx f16c rdrand hypervisor lahf_lm cmp_legacy cr8_legacy abm sse4a misalignsse 3dnowprefetch osvw wdt topoext fsgsbase bmi1 avx2 smep bmi2 cqm rdt_a rdseed adx smap clflushopt clwb sha_ni umip rdpid
bogomips	: 7186.00
clflush size	: 64
cache_alignment	: 64
address sizes	: 36 bits physical, 48 bits virtual
power management:

processor	: 12
vendor_id	: AuthenticAMD
cpu family	: 23
model		: 113
model name	: AMD Ryzen 7 3700X 8-Core Processor             
stepping	: 0
microcode	: 0xffffffff
cpu MHz		: 3593.000
cache size	: 512 KB
physical id	: 0
siblings	: 16
core id		: 6
cpu cores	: 8
apicid		: 0
initial apicid	: 0
fpu		: yes
fpu_exception	: yes
cpuid level	: 23
wp		: yes
flags		: fpu vme de pse tsc msr pae mce cx8 apic sep mtrr pge mca cmov pat pse36 clflush mmx fxsr sse sse2 ht syscall nx mmxext fxsr_opt pdpe1gb rdtscp lm pni pclmulqdq ssse3 fma cx16 sse4_1 sse4_2 movbe popcnt aes xsave osxsave avx f16c rdrand hypervisor lahf_lm cmp_legacy cr8_legacy abm sse4a misalignsse 3dnowprefetch osvw wdt topoext fsgsbase bmi1 avx2 smep bmi2 cqm rdt_a rdseed adx smap clflushopt clwb sha_ni umip rdpid
bogomips	: 7186.00
clflush size	: 64
cache_alignment	: 64
address sizes	: 36 bits physical, 48 bits virtual
power management:

processor	: 13
vendor_id	: AuthenticAMD
cpu family	: 23
model		: 113
model name	: AMD Ryzen 7 3700X 8-Core Processor             
stepping	: 0
microcode	: 0xffffffff
cpu MHz		: 3593.000
cache size	: 512 KB
physical id	: 0
siblings	: 16
core id		: 6
cpu cores	: 8
apicid		: 0
initial apicid	: 0
fpu		: yes
fpu_exception	: yes
cpuid level	: 23
wp		: yes
flags		: fpu vme de pse tsc msr pae mce cx8 apic sep mtrr pge mca cmov pat pse36 clflush mmx fxsr sse sse2 ht syscall nx mmxext fxsr_opt pdpe1gb rdtscp lm pni pclmulqdq ssse3 fma cx16 sse4_1 sse4_2 movbe popcnt aes xsave osxsave avx f16c rdrand hypervisor lahf_lm cmp_legacy cr8_legacy abm sse4a misalignsse 3dnowprefetch osvw wdt topoext fsgsbase bmi1 avx2 smep bmi2 cqm rdt_a rdseed adx smap clflushopt clwb sha_ni umip rdpid
bogomips	: 7186.00
clflush size	: 64
cache_alignment	: 64
address sizes	: 36 bits physical, 48 bits virtual
power management:

processor	: 14
vendor_id	: AuthenticAMD
cpu family	: 23
model		: 113
model name	: AMD Ryzen 7 3700X 8-Core Processor             
stepping	: 0
microcode	: 0xffffffff
cpu MHz		: 3593.000
cache size	: 512 KB
physical id	: 0
siblings	: 16
core id		: 7
cpu cores	: 8
apicid		: 0
initial apicid	: 0
fpu		: yes
fpu_exception	: yes
cpuid level	: 23
wp		: yes
flags		: fpu vme de pse tsc msr pae mce cx8 apic sep mtrr pge mca cmov pat pse36 clflush mmx fxsr sse sse2 ht syscall nx mmxext fxsr_opt pdpe1gb rdtscp lm pni pclmulqdq ssse3 fma cx16 sse4_1 sse4_2 movbe popcnt aes xsave osxsave avx f16c rdrand hypervisor lahf_lm cmp_legacy cr8_legacy abm sse4a misalignsse 3dnowprefetch osvw wdt topoext fsgsbase bmi1 avx2 smep bmi2 cqm rdt_a rdseed adx smap clflushopt clwb sha_ni umip rdpid
bogomips	: 7186.00
clflush size	: 64
cache_alignment	: 64
address sizes	: 36 bits physical, 48 bits virtual
power management:

processor	: 15
vendor_id	: AuthenticAMD
cpu family	: 23
model		: 113
model name	: AMD Ryzen 7 3700X 8-Core Processor             
stepping	: 0
microcode	: 0xffffffff
cpu MHz		: 3593.000
cache size	: 512 KB
physical id	: 0
siblings	: 16
core id		: 7
cpu cores	: 8
apicid		: 0
initial apicid	: 0
fpu		: yes
fpu_exception	: yes
cpuid level	: 23
wp		: yes
flags		: fpu vme de pse tsc msr pae mce cx8 apic sep mtrr pge mca cmov pat pse36 clflush mmx fxsr sse sse2 ht syscall nx mmxext fxsr_opt pdpe1gb rdtscp lm pni pclmulqdq ssse3 fma cx16 sse4_1 sse4_2 movbe popcnt aes xsave osxsave avx f16c rdrand hypervisor lahf_lm cmp_legacy cr8_legacy abm sse4a misalignsse 3dnowprefetch osvw wdt topoext fsgsbase bmi1 avx2 smep bmi2 cqm rdt_a rdseed adx smap clflushopt clwb sha_ni umip rdpid
bogomips	: 7186.00
clflush size	: 64
cache_alignment	: 64
address sizes	: 36 bits physical, 48 bits virtual
power management:



Memory: 4k page, physical 16703776k(2659872k free), swap 50331648k(48700108k free)

vm_info: OpenJDK 64-Bit Server VM (25.265-b01) for linux-amd64 JRE (1.8.0_265-8u265-b01-0ubuntu2~18.04-b01), built on Aug  3 2020 01:16:56 by "buildd" with gcc 7.5.0

time: Mon Dec 13 14:53:22 2021
timezone: PST
elapsed time: 2 seconds (0d 0h 0m 2s)

