
[Profiler] - Start Distributed SparkZKSNARK - 8 executors - 8 partitions - 1048576 size



Starting : Setup-8exec-1cpu-64mem-8partitions [6.690030764 seconds elapsed]

	
Starting : Finished random R1CS generation for benchmark purpose. benchmark data generation is not counted into the setup and proving time. [6.690257574 seconds elapsed]
	QAP - primary input size: 1023
	QAP - total input size: 1048579
	QAP - pre degree: 1048576
	QAP - degree: 2097152

		
Starting : Computing deltaABC and gammaABC for R1CS proving key and verification key [6.973522772 seconds elapsed]
		Ending   : Computing deltaABC and gammaABC for R1CS proving key and verification key [58.092566819 seconds elapsed] - 51.118 seconds


		
Starting : Generating G1 MSM Window Table [58.092963362 seconds elapsed]
AlgebraMSMFixedBaseMSM loaded
		Ending   : Generating G1 MSM Window Table [58.120433008 seconds elapsed] - 27.266163 milliseconds


		
Starting : Generating G2 MSM Window Table [58.120511495 seconds elapsed]
		Ending   : Generating G2 MSM Window Table [58.158489165 seconds elapsed] - 37.817538 milliseconds


		
Starting : Generating R1CS proving key [58.158568424 seconds elapsed]

			
Starting : Encoding deltaABC for R1CS proving key [58.218837323 seconds elapsed]
data transfer preparation time elapsed: 84 ms
data transfer preparation time elapsed: 90 ms
data transfer preparation time elapsed: 105 ms
data transfer preparation time elapsed: 102 ms
data transfer preparation time elapsed: 63 ms
data transfer preparation time elapsed: 76 ms
data transfer preparation time elapsed: 86 ms
data transfer preparation time elapsed: 47 ms
CUDA Devices number: 1, input_field size: 64, input_field count: 130944
CUDA Devices number: 1, input_field size: 64, input_field count: 130944
FixedBatchMSM taskID=FixedBatchMSM taskID=347scheduled to GPU 0350scheduled to GPU 
0
CUDA Devices number: 1, input_field size: 64, input_field count: 130944
FixedBatchMSM taskID=349scheduled to GPU 0
CUDA Devices number: 1, input_field size: 64, input_field count: 130945
FixedBatchMSM taskID=351scheduled to GPU 0
CUDA Devices number: 1, input_field size: 64, input_field count: 130945
FixedBatchMSM taskID=CUDA Devices number: 1, input_field size: 64, input_field count: 130944
FixedBatchMSM taskID=346348scheduled to GPU 0
scheduled to GPU 0
CUDA Devices number: 1, input_field size: 64, input_field count: 130945
FixedBatchMSM taskID=344scheduled to GPU 0
CUDA Devices number: 1, input_field size: 64, input_field count: 130945
FixedBatchMSM taskID=345scheduled to GPU 0
data receive transformation time elapsed: 167 ms
partition processing time elapsed: 1327 ms
data receive transformation time elapsed: 124 ms
partition processing time elapsed: 1355 ms
data receive transformation time elapsed: 185 ms
partition processing time elapsed: 1398 ms
data receive transformation time elapsed: 170 ms
partition processing time elapsed: 1423 ms
data receive transformation time elapsed: 192 ms
partition processing time elapsed: 1423 ms
data receive transformation time elapsed: 166 ms
partition processing time elapsed: 1366 ms
data receive transformation time elapsed: 95 ms
partition processing time elapsed: 1464 ms
data receive transformation time elapsed: 137 ms
partition processing time elapsed: 1519 ms
			Ending   : Encoding deltaABC for R1CS proving key [60.499276808 seconds elapsed] - 2.28 seconds


			
Starting : Computing query A [60.499507628 seconds elapsed]
data transfer preparation time elapsed: 33 ms
data transfer preparation time elapsed: 34 ms
data transfer preparation time elapsed: 33 ms
data transfer preparation time elapsed: 33 ms
fixMSM batch GPU compute time: 0.0213723s
fixMSM batch GPU compute time: 0.0218238s
fixMSM batch GPU compute time: 0.0277773s
fixMSM batch GPU compute time: 0.03095s
fixMSM batch GPU compute time: 0.0217645s
fixMSM batch GPU compute time: 0.0189946s
fixMSM batch GPU compute time: 0.0224649s
fixMSM batch GPU compute time: 0.020849s
CUDA Devices number: 1, input_field size: 64, input_field count: 131073
FixedBatchMSM taskID=353scheduled to GPU 0
CUDA Devices number: 1, input_field size: 64, input_field count: 131072
FixedBatchMSM taskID=358scheduled to GPU 0
data transfer preparation time elapsed: 67 ms
CUDA Devices number: 1, input_field size: 64, input_field count: 131073
FixedBatchMSM taskID=352scheduled to GPU 0
CUDA Devices number: 1, input_field size: 64, input_field count: 131072
FixedBatchMSM taskID=356scheduled to GPU 0
data transfer preparation time elapsed: 73 ms
data transfer preparation time elapsed: 79 ms
data transfer preparation time elapsed: 69 ms
CUDA Devices number: 1, input_field size: 64, input_field count: 131072
FixedBatchMSM taskID=359scheduled to GPU 0
CUDA Devices number: 1, input_field size: 64, input_field count: 131072
FixedBatchMSM taskID=354scheduled to GPU 0
CUDA Devices number: 1, input_field size: 64, input_field count: 131072
FixedBatchMSM taskID=357scheduled to GPU 0
CUDA Devices number: 1, input_field size: 64, input_field count: 131072
FixedBatchMSM taskID=355scheduled to GPU 0
data receive transformation time elapsed: 77 ms
partition processing time elapsed: 682 ms
data receive transformation time elapsed: 78 ms
partition processing time elapsed: 695 ms
data receive transformation time elapsed: 80 ms
partition processing time elapsed: 873 ms
data receive transformation time elapsed: 75 ms
partition processing time elapsed: 1065 ms
data receive transformation time elapsed: 100 ms
partition processing time elapsed: 1215 ms
data receive transformation time elapsed: 87 ms
partition processing time elapsed: 1093 ms
data receive transformation time elapsed: 120 ms
partition processing time elapsed: 1189 ms
data receive transformation time elapsed: 86 ms
partition processing time elapsed: 1131 ms
			Ending   : Computing query A [62.406623646 seconds elapsed] - 1.906 seconds


			
Starting : Computing query B [62.406735539 seconds elapsed]
JAVA side prepare data time elapsed: 78 ms
JAVA side prepare data time elapsed: 83 ms
JAVA side prepare data time elapsed: 80 ms
JAVA side prepare data time elapsed: 73 ms
fixMSM batch GPU compute time: 0.0205187s
fixMSM batch GPU compute time: 0.02166s
fixMSM batch GPU compute time: 0.0218059s
fixMSM batch GPU compute time: 0.0221113s
fixMSM batch GPU compute time: 0.0205339s
fixMSM batch GPU compute time: 0.0244803s
fixMSM batch GPU compute time: 0.0201485s
fixMSM batch GPU compute time: 0.0197707s
CUDA Devices number: 1, input_field size: 64, input_field count: 131072
FixedDoubleBatchMSM taskID=365scheduled to GPU 0
CUDA Devices number: 1, input_field size: 64, input_field count: 131072
FixedDoubleBatchMSM taskID=363scheduled to GPU 0
CUDA Devices number: 1, input_field size: 64, input_field count: 131072
FixedDoubleBatchMSM taskID=367scheduled to GPU 0
CUDA Devices number: 1, input_field size: 64, input_field count: 131073
FixedDoubleBatchMSM taskID=361scheduled to GPU 0
JAVA side prepare data time elapsed: 67 ms
JAVA side prepare data time elapsed: 68 ms
JAVA side prepare data time elapsed: 69 ms
JAVA side prepare data time elapsed: 70 ms
CUDA Devices number: 1, input_field size: 64, input_field count: 131073
FixedDoubleBatchMSM taskID=360scheduled to GPU 0
CUDA Devices number: 1, input_field size: 64, input_field count: 131072
FixedDoubleBatchMSM taskID=362scheduled to GPU 0
CUDA Devices number: 1, input_field size: 64, input_field count: 131072
FixedDoubleBatchMSM taskID=366scheduled to GPU 0
CUDA Devices number: 1, input_field size: 64, input_field count: 131072
FixedDoubleBatchMSM taskID=364scheduled to GPU 0
data receive transformation time elapsed: 197 ms
data receive transformation time elapsed: 211 ms
data receive transformation time elapsed: 216 ms
data receive transformation time elapsed: 215 ms
data receive transformation time elapsed: 219 ms
data receive transformation time elapsed: 242 ms
data receive transformation time elapsed: 230 ms
data receive transformation time elapsed: 191 ms
			Ending   : Computing query B [70.106969485 seconds elapsed] - 7.699 seconds


			
Starting : Computing query H [70.107153063 seconds elapsed]
fixMSM doubleBatch GPU compute time: 3.02871s
fixMSM doubleBatch GPU compute time: 4.54273s
fixMSM doubleBatch GPU compute time: 2.85187s
fixMSM doubleBatch GPU compute time: 4.5991s
fixMSM doubleBatch GPU compute time: 2.92232s
fixMSM doubleBatch GPU compute time: 5.36348s
fixMSM doubleBatch GPU compute time: 3.67058s
fixMSM doubleBatch GPU compute time: 4.52133s
fieldMSM taskID=368scheduled to GPU 0
data transfer preparation time elapsed: 68 ms
CUDA Devices number: 1, input_field size: 64, input_field count: 262144
FixedBatchMSM taskID=368scheduled to GPU 0
fieldMSM taskID=369scheduled to GPU 0
data transfer preparation time elapsed: 66 ms
data receive transformation time elapsed: 145 ms
partition processing time elapsed: 510 ms
fixMSM batch GPU compute time: 0.0367746s
CUDA Devices number: 1, input_field size: 64, input_field count: 262144
FixedBatchMSM taskID=369scheduled to GPU 0
fieldMSM taskID=370scheduled to GPU 0
fixMSM batch GPU compute time: 0.03694s
fieldMSM taskID=372scheduled to GPU 0
fieldMSM taskID=371scheduled to GPU 0
data transfer preparation time elapsed: 218 ms
data transfer preparation time elapsed: 218 ms
fieldMSM taskID=374scheduled to GPU 0
data transfer preparation time elapsed: 51 ms
data receive transformation time elapsed: 418 ms
partition processing time elapsed: 767 ms
CUDA Devices number: 1, input_field size: 64, input_field count: 262144
FixedBatchMSM taskID=370scheduled to GPU 0
CUDA Devices number: 1, input_field size: 64, input_field count: 262144
FixedBatchMSM taskID=372scheduled to GPU 0
CUDA Devices number: 1, input_field size: 64, input_field count: 262144
FixedBatchMSM taskID=371scheduled to GPU 0
data transfer preparation time elapsed: 86 ms
CUDA Devices number: 1, input_field size: 64, input_field count: 262144
FixedBatchMSM taskID=374scheduled to GPU 0
fieldMSM taskID=373scheduled to GPU 0
fieldMSM taskID=375scheduled to GPU 0
data receive transformation time elapsed: 137 ms
partition processing time elapsed: 1109 ms
data receive transformation time elapsed: 145 ms
partition processing time elapsed: 822 ms
data receive transformation time elapsed: 148 ms
partition processing time elapsed: 1148 ms
data receive transformation time elapsed: 142 ms
partition processing time elapsed: 928 ms
data transfer preparation time elapsed: 74 ms
data transfer preparation time elapsed: 91 ms
fixMSM batch GPU compute time: 0.0375159s
fixMSM batch GPU compute time: 0.0435188s
fixMSM batch GPU compute time: 0.0416557s
fixMSM batch GPU compute time: 0.0361878s
CUDA Devices number: 1, input_field size: 64, input_field count: 262145
FixedBatchMSM taskID=375scheduled to GPU 0
CUDA Devices number: 1, input_field size: 64, input_field count: 262144
FixedBatchMSM taskID=373scheduled to GPU 0
data receive transformation time elapsed: 125 ms
partition processing time elapsed: 634 ms
data receive transformation time elapsed: 124 ms
partition processing time elapsed: 647 ms
			Ending   : Computing query H [82.469773537 seconds elapsed] - 12.362 seconds


		Ending   : Generating R1CS proving key [82.470769368 seconds elapsed] - 24.312 seconds


		
Starting : Computing gammaABC for R1CS verification key [82.471096276 seconds elapsed]
data transfer preparation time elapsed: 0 ms
data transfer preparation time elapsed: 0 ms
data transfer preparation time elapsed: 0 ms
data transfer preparation time elapsed: 0 ms
data transfer preparation time elapsed: 0 ms
data transfer preparation time elapsed: 0 ms
data transfer preparation time elapsed: 0 ms
data transfer preparation time elapsed: 0 ms
fixMSM batch GPU compute time: 0.0388095s
fixMSM batch GPU compute time: 0.033321s
CUDA Devices number: 1, input_field size: 64, input_field count: 128
FixedBatchMSM taskID=379scheduled to GPU 0
CUDA Devices number: 1, input_field size: 64, input_field count: 128
FixedBatchMSM taskID=377scheduled to GPU 0
CUDA Devices number: 1, input_field size: 64, input_field count: 128
FixedBatchMSM taskID=381scheduled to GPU 0
CUDA Devices number: 1, input_field size: 64, input_field count: 127
FixedBatchMSM taskID=383scheduled to GPU 0
CUDA Devices number: 1, input_field size: 64, input_field count: 128
FixedBatchMSM taskID=380scheduled to GPU 0
CUDA Devices number: 1, input_field size: 64, input_field count: 128
FixedBatchMSM taskID=378scheduled to GPU 0
CUDA Devices number: 1, input_field size: 64, input_field count: 128
FixedBatchMSM taskID=376scheduled to GPU 0
CUDA Devices number: 1, input_field size: 64, input_field count: 128
FixedBatchMSM taskID=382scheduled to GPU 0
data receive transformation time elapsed: 0 ms
partition processing time elapsed: 481 ms
data receive transformation time elapsed: 0 ms
partition processing time elapsed: 493 ms
data receive transformation time elapsed: 0 ms
partition processing time elapsed: 493 ms
data receive transformation time elapsed: 0 ms
partition processing time elapsed: 510 ms
data receive transformation time elapsed: 0 ms
partition processing time elapsed: 519 ms
data receive transformation time elapsed: 0 ms
partition processing time elapsed: 757 ms
data receive transformation time elapsed: 0 ms
partition processing time elapsed: 761 ms
data receive transformation time elapsed: 0 ms
partition processing time elapsed: 763 ms
		Ending   : Computing gammaABC for R1CS verification key [83.424786494 seconds elapsed] - 953.489441 milliseconds


	Ending   : Setup-8exec-1cpu-64mem-8partitions [83.426307948 seconds elapsed] - 76.736 seconds


	
Starting : Prover-8exec-1cpu-64mem-8partitions [83.428007689 seconds elapsed]

		
Starting : Computing witness polynomial [83.429065081 seconds elapsed]

			
Starting : Account for the additional constraints input_i * 0 = 0. [83.42916438 seconds elapsed]
			Ending   : Account for the additional constraints input_i * 0 = 0. [83.430298455 seconds elapsed] - 1.040551 milliseconds


			
Starting : Compute evaluation of polynomials A, B, and C, on set S. [83.430355602 seconds elapsed]
			Ending   : Compute evaluation of polynomials A, B, and C, on set S. [83.498700603 seconds elapsed] - 68.241759 milliseconds


			
Starting : Perform radix-2 inverse FFT to determine the coefficients of A, B, and C. [83.498754934 seconds elapsed]
AlgebraFFTAuxiliary loaded
			Ending   : Perform radix-2 inverse FFT to determine the coefficients of A, B, and C. [83.536303469 seconds elapsed] - 37.445686 milliseconds


			
Starting : Compute evaluation of polynomials A, B, and C on set T. [83.536361449 seconds elapsed]
			Ending   : Compute evaluation of polynomials A, B, and C on set T. [83.568210712 seconds elapsed] - 31.733803 milliseconds


			
Starting : Compute the evaluation, (A * B) - C, for polynomial H on a set T. [83.568262707 seconds elapsed]
			Ending   : Compute the evaluation, (A * B) - C, for polynomial H on a set T. [83.578588747 seconds elapsed] - 10.219445 milliseconds


			
Starting : Divide by Z on set T. [83.578634554 seconds elapsed]
			Ending   : Divide by Z on set T. [83.580439578 seconds elapsed] - 1.714428 milliseconds


			
Starting : Compute coefficients of polynomial H. [83.580486586 seconds elapsed]
			Ending   : Compute coefficients of polynomial H. [83.596259814 seconds elapsed] - 15.652184 milliseconds


		Ending   : Computing witness polynomial [83.596479859 seconds elapsed] - 167.32356 milliseconds


		
Starting : Computing evaluation to query A: summation of variable_i*A_i(t) [83.60912006 seconds elapsed]
queryA len=1048578
queryB len=1048578
deltaABCG1 len=1047556
queryH len=2097153
oneFullAssignment len=1048579
Spark join queryA and oneFullAssignment took: 3960 ms
AlgebraMSMVariableBaseMSM loaded
varMSM prepare data took: 390 ms
varMSM prepare data took: 354 ms
varMSM prepare data took: 378 ms
varMSM prepare data took: 375 ms
varMSM prepare data took: 393 ms
varMSM prepare data took: 382 ms
fixMSM batch GPU compute time: 1.1642e-05s
fixMSM batch GPU compute time: 1.2162e-05s
fixMSM batch GPU compute time: 1.0471e-05s
fixMSM batch GPU compute time: 1.1714e-05s
fixMSM batch GPU compute time: 1.2008e-05s
fixMSM batch GPU compute time: 1.2366e-05s
fixMSM batch GPU compute time: 1.2838e-05s
fixMSM batch GPU compute time: 1.0325e-05s
CUDA Devices number: 1, input_field size: 64, input_field count: 131073
VarBatchMSM taskID=472  scheduled to GPU 0
CUDA Devices number: 1, input_field size: 64, input_field count: 131072
VarBatchMSM taskID=478  scheduled to GPU 0
CUDA Devices number: 1, input_field size: 64, input_field count: 131072
VarBatchMSM taskID=475  scheduled to GPU 0
varMSM prepare data took: 386 ms
CUDA Devices number: 1, input_field size: 64, input_field count: 131073
VarBatchMSM taskID=473  scheduled to GPU 0
varMSM prepare data took: 416 ms
CUDA Devices number: 1, input_field size: 64, input_field count: 131072
VarBatchMSM taskID=476  scheduled to GPU 0
CUDA Devices number: 1, input_field size: 64, input_field count: 131072
VarBatchMSM taskID=479  scheduled to GPU 0
CUDA Devices number: 1, input_field size: 64, input_field count: 131072
VarBatchMSM taskID=477  scheduled to GPU 0
CUDA Devices number: 1, input_field size: 64, input_field count: 131072
VarBatchMSM taskID=474  scheduled to GPU 0
VarBatchMSM taskID=473  finish copy data to GPU
VarBatchMSM taskID=474  finish copy data to GPU
VarBatchMSM taskID=478  finish copy data to GPU
VarBatchMSM taskID=479  finish copy data to GPU
VarBatchMSM taskID=472  finish copy data to GPU
VarBatchMSM taskID=476  finish copy data to GPU
VarBatchMSM taskID=475  finish copy data to GPU
VarBatchMSM taskID=477  finish copy data to GPU
k=21 elapsed time: 28.5213s
k=21 elapsed time: 32.5769s
k=21 elapsed time: 32.5805s
k=21 elapsed time: 24.4215s
k=21 elapsed time: 32.5876s
k=21 elapsed time: 20.3741s
k=21 elapsed time: 28.5163s
k=21 elapsed time: 20.3758s
k=20 elapsed time: 0.0474474s
k=20 elapsed time: 4.11391s
k=20 elapsed time: 0.0907867s
k=20 elapsed time: 0.102032s
k=20 elapsed time: 0.119099s
k=20 elapsed time: 0.121707s
k=20 elapsed time: 0.110764s
k=19 elapsed time: 0.105648s
k=20 elapsed time: 0.121315s
k=19 elapsed time: 0.105888s
k=19 elapsed time: 0.0867216s
k=19 elapsed time: 0.0919398s
k=19 elapsed time: 0.0987161s
k=19 elapsed time: 0.0968922s
k=19 elapsed time: 0.111853s
k=18 elapsed time: 0.102075s
k=18 elapsed time: 0.0956261s
k=18 elapsed time: 0.12885s
k=19 elapsed time: 0.122284s
k=18 elapsed time: 0.0709231s
k=18 elapsed time: 0.098852s
k=18 elapsed time: 0.100019s
k=18 elapsed time: 0.0969734s
k=17 elapsed time: 0.101304s
k=18 elapsed time: 0.107934s
k=17 elapsed time: 0.116737s
k=17 elapsed time: 0.130839s
k=17 elapsed time: 0.100359s
k=17 elapsed time: 0.0927119s
k=17 elapsed time: 0.0933905s
k=17 elapsed time: 0.108173s
k=17 elapsed time: 0.0982269s
k=16 elapsed time: 0.10103s
k=16 elapsed time: 0.10042s
k=16 elapsed time: 0.0991137s
k=16 elapsed time: 0.120164s
k=16 elapsed time: 0.0970727s
k=16 elapsed time: 0.0935932s
k=16 elapsed time: 0.10162s
k=15 elapsed time: 0.092884s
k=16 elapsed time: 0.103739s
k=15 elapsed time: 0.0988503s
k=15 elapsed time: 0.106101s
k=15 elapsed time: 0.0989491s
k=15 elapsed time: 0.0919122s
k=15 elapsed time: 0.0924844s
k=15 elapsed time: 0.0995564s
k=14 elapsed time: 0.0760765s
k=14 elapsed time: 0.100187s
k=14 elapsed time: 0.102493s
k=14 elapsed time: 0.10913s
k=15 elapsed time: 0.118795s
k=14 elapsed time: 0.0872699s
k=14 elapsed time: 0.079844s
k=14 elapsed time: 0.113573s
k=13 elapsed time: 0.0952394s
k=13 elapsed time: 0.106381s
k=13 elapsed time: 0.0994899s
k=14 elapsed time: 0.101684s
k=13 elapsed time: 0.114144s
k=13 elapsed time: 0.108689s
k=13 elapsed time: 0.0912797s
k=13 elapsed time: 0.109868s
k=12 elapsed time: 0.0973209s
k=12 elapsed time: 0.0958004s
k=13 elapsed time: 0.0987523s
k=12 elapsed time: 0.104628s
k=12 elapsed time: 0.101089s
k=12 elapsed time: 0.101255s
k=12 elapsed time: 0.0941769s
k=12 elapsed time: 0.103843s
k=11 elapsed time: 0.0987553s
k=11 elapsed time: 0.0692102s
k=11 elapsed time: 0.0961933s
k=12 elapsed time: 0.107414s
k=11 elapsed time: 0.105645s
k=10 elapsed time: 0.0795412s
k=11 elapsed time: 0.11022s
k=11 elapsed time: 0.123715s
k=11 elapsed time: 0.124544s
k=10 elapsed time: 0.0960223s
k=10 elapsed time: 0.0936927s
k=10 elapsed time: 0.108178s
k=11 elapsed time: 0.102541s
k=10 elapsed time: 0.102095s
k=10 elapsed time: 0.0992181s
k=10 elapsed time: 0.104579s
k=9 elapsed time: 0.0983321s
k=9 elapsed time: 0.131482s
k=9 elapsed time: 0.0913268s
k=10 elapsed time: 0.097038s
k=9 elapsed time: 0.10612s
k=9 elapsed time: 0.0990538s
k=9 elapsed time: 0.100314s
k=8 elapsed time: 0.100819s
k=9 elapsed time: 0.107571s
k=8 elapsed time: 0.106358s
k=8 elapsed time: 0.0829861s
k=9 elapsed time: 0.0862935s
k=8 elapsed time: 0.0992525s
k=8 elapsed time: 0.0981946s
k=8 elapsed time: 0.0926805s
k=7 elapsed time: 0.110102s
k=8 elapsed time: 0.117575s
k=7 elapsed time: 0.118643s
k=7 elapsed time: 0.101937s
k=8 elapsed time: 0.0972852s
k=7 elapsed time: 0.0956338s
k=7 elapsed time: 0.0876508s
k=7 elapsed time: 0.0998481s
k=6 elapsed time: 0.108957s
k=6 elapsed time: 0.10205s
k=6 elapsed time: 0.100362s
k=7 elapsed time: 0.109918s
k=6 elapsed time: 0.0865519s
k=7 elapsed time: 0.10244s
k=6 elapsed time: 0.100907s
k=6 elapsed time: 0.100897s
k=5 elapsed time: 0.0981154s
k=5 elapsed time: 0.106121s
k=5 elapsed time: 0.101784s
k=6 elapsed time: 0.102204s
k=5 elapsed time: 0.108213s
k=6 elapsed time: 0.108931s
k=5 elapsed time: 0.103608s
k=5 elapsed time: 0.101853s
k=4 elapsed time: 0.0806878s
k=4 elapsed time: 0.103558s
k=5 elapsed time: 0.0994785s
k=4 elapsed time: 0.110642s
k=5 elapsed time: 0.100568s
k=4 elapsed time: 0.104538s
k=4 elapsed time: 0.0987427s
k=4 elapsed time:eval At=4921948705098718767445069322878636303278536979838745481366303982526956947834, 2916625214885770721661232669114462051595163506249866647539733128854832518423, 11761351409711955229692164077086978745015848274885369109476046239718194083558
		Ending   : Computing evaluation to query A: summation of variable_i*A_i(t) [125.231038407 seconds elapsed] - 41.621 seconds


		
Starting : Computing evaluation to query B: summation of variable_i*B_i(t) [125.231106989 seconds elapsed]
Spark join queryB and oneFullAssignment took: 7009 ms
varMSM prepare data took: 888 ms
varMSM prepare data took: 914 ms
varMSM prepare data took: 921 ms
varMSM prepare data took: 869 ms
varMSM prepare data took: 877 ms
varMSM prepare data took: 915 ms
 0.100715s
k=3 elapsed time: 0.0967786s
k=4 elapsed time: 0.108693s
k=3 elapsed time: 0.113563s
k=3 elapsed time: 0.105702s
k=3 elapsed time: 0.102054s
k=4 elapsed time: 0.106609s
k=3 elapsed time: 0.0825884s
k=3 elapsed time: 0.0877018s
k=2 elapsed time: 0.0969304s
k=2 elapsed time: 0.0959615s
k=3 elapsed time: 0.0975692s
k=3 elapsed time: 0.111637s
k=2 elapsed time: 0.102599s
k=2 elapsed time: 0.113166s
k=2 elapsed time: 0.0999355s
k=2 elapsed time: 0.110201s
k=1 elapsed time: 0.0737644s
k=1 elapsed time: 0.0884657s
k=2 elapsed time: 0.096605s
k=1 elapsed time: 0.0966047s
k=1 elapsed time: 0.106429s
k=1 elapsed time: 0.0988173s
k=1 elapsed time: 0.101295s
k=0 elapsed time: 0.112025s
varMSM GPU computation elapsed time: 34.7059s
k=2 elapsed time: 0.135603s
k=0 elapsed time: 0.0770941s
varMSM GPU computation elapsed time: 34.7529s
k=0 elapsed time: 0.0836402s
k=1 elapsed time: 0.0878126s
varMSM GPU computation elapsed time: 34.7692s
k=0 elapsed time: 0.0770965s
k=0 elapsed time: 0.0767629s
varMSM GPU computation elapsed time: 34.7695s
varMSM GPU computation elapsed time: 34.768s
k=0 elapsed time: 0.0768555s
varMSM GPU computation elapsed time: 34.7846s
k=1 elapsed time: 0.0689s
k=0 elapsed time: 0.034129s
varMSM GPU computation elapsed time: 34.7683s
k=0 elapsed time: 0.0184015s
varMSM GPU computation elapsed time: 34.775s
CUDA Devices number: 1, input_field size: 64, input_field count: 131072
VarBatchMSM taskID=506  scheduled to GPU 0
VarBatchMSM taskID=506  finish copy data to GPU
CUDA Devices number: 1, input_field size: 64, input_field count: 131072
VarBatchMSM taskID=507  scheduled to GPU 0
CUDA Devices number: 1, input_field size: 64, input_field count: 131073
VarBatchMSM taskID=504  scheduled to GPU 0
varMSM prepare data took: 850 ms
CUDA Devices number: 1, input_field size: 64, input_field count: 131072
VarBatchMSM taskID=510  scheduled to GPU 0
CUDA Devices number: 1, input_field size: 64, input_field count: 131072
VarBatchMSM taskID=509  scheduled to GPU 0
varMSM prepare data took: 910 ms
CUDA Devices number: 1, input_field size: 64, input_field count: 131072
VarBatchMSM taskID=508  scheduled to GPU 0
CUDA Devices number: 1, input_field size: 64, input_field count: 131073
VarBatchMSM taskID=505  scheduled to GPU 0
CUDA Devices number: 1, input_field size: 64, input_field count: 131072
VarBatchMSM taskID=511  scheduled to GPU 0
VarBatchMSM taskID=507  finish copy data to GPU
VarBatchMSM taskID=511  finish copy data to GPU
VarBatchMSM taskID=509  finish copy data to GPU
VarBatchMSM taskID=510  finish copy data to GPU
k=21 elapsed time: 4.12257s
VarBatchMSM taskID=508  finish copy data to GPU
VarBatchMSM taskID=505  finish copy data to GPU
k=21 elapsed time: 12.1836s
VarBatchMSM taskID=504  finish copy data to GPU
k=21 elapsed time: 20.3464s
k=21 elapsed time: 20.3681s
k=21 elapsed time: 20.4309s
k=21 elapsed time: 20.422s
k=20 elapsed time: 28.5434s
k=20 elapsed time: 16.3736s
k=21 elapsed time: 8.21604s
k=20 elapsed time: 8.23775s
k=21 elapsed time: 8.24486s
k=20 elapsed time: 8.25004s
k=20 elapsed time: 0.101234s
k=19 elapsed time: 0.102504s
k=20 elapsed time: 0.108061s
k=19 elapsed time: 0.102809s
k=20 elapsed time: 0.104616s
k=19 elapsed time: 0.109314s
k=19 elapsed time: 0.104283s
k=20 elapsed time: 0.115185s
k=19 elapsed time: 0.10632s
k=18 elapsed time: 0.107715s
k=18 elapsed time: 0.114806s
k=19 elapsed time: 0.111911s
k=19 elapsed time: 0.121568s
k=19 elapsed time: 0.0966599s
k=18 elapsed time: 0.106996s
k=18 elapsed time: 0.121441s
k=17 elapsed time: 0.107284s
k=18 elapsed time: 0.120575s
k=18 elapsed time: 0.104584s
k=18 elapsed time: 0.105907s
k=17 elapsed time: 0.110228s
k=18 elapsed time: 0.112714s
k=17 elapsed time: 0.103473s
k=17 elapsed time: 0.114093s
k=17 elapsed time: 0.0610893s
k=16 elapsed time: 0.0816673s
k=17 elapsed time: 0.0752812s
k=16 elapsed time: 0.127774s
k=17 elapsed time: 0.133859s
k=17 elapsed time: 0.102476s
k=16 elapsed time: 0.0846402s
k=16 elapsed time: 0.110815s
k=16 elapsed time: 0.125856s
k=15 elapsed time: 0.104935s
k=16 elapsed time: 0.104867s
k=15 elapsed time: 0.0913075s
k=16 elapsed time: 0.0983853s
k=16 elapsed time: 0.112186s
k=15 elapsed time: 0.108772s
k=15 elapsed time: 0.122255s
k=15 elapsed time: 0.105736s
k=14 elapsed time: 0.105766s
k=15 elapsed time: 0.112966s
k=14 elapsed time: 0.0881329s
k=15 elapsed time: 0.080456s
k=15 elapsed time: 0.0915464s
k=14 elapsed time: 0.102112s
k=14 elapsed time: 0.0995607s
k=13 elapsed time: 0.103341s
k=14 elapsed time: 0.0956238s
k=14 elapsed time: 0.126355s
k=14 elapsed time: 0.101193s
k=13 elapsed time: 0.104543s
k=13 elapsed time: 0.098644s
k=14 elapsed time: 0.12159s
k=13 elapsed time: 0.105746s
k=12 elapsed time: 0.103586s
k=13 elapsed time: 0.0829509s
k=13 elapsed time: 0.118685s
k=12 elapsed time: 0.0999867s
k=13 elapsed time: 0.103347s
k=12 elapsed time: 0.103557s
k=13 elapsed time: 0.103656s
k=12 elapsed time: 0.103018s
k=12 elapsed time: 0.102475s
k=12 elapsed time: 0.0877994s
k=11 elapsed time: 0.113193s
k=11 elapsed time: 0.100967s
k=12 elapsed time: 0.100893s
k=11 elapsed time: 0.106067s
k=12 elapsed time: 0.103353s
k=11 elapsed time: 0.103838s
k=11 elapsed time: 0.102667s
k=11 elapsed time: 0.103762s
k=10 elapsed time: 0.110729s
k=10 elapsed time: 0.101591s
k=11 elapsed time: 0.102558s
k=10 elapsed time: 0.0953744s
k=10 elapsed time: 0.0959484s
k=11 elapsed time: 0.102741s
k=9 elapsed time: 0.0821429s
k=9 elapsed time: 0.113946s
k=10 elapsed time: 0.132392s
k=10 elapsed time: 0.10609s
k=10 elapsed time: 0.144348s
k=9 elapsed time: 0.0748743s
k=9 elapsed time: 0.0868796s
k=10 elapsed time: 0.0984461s
k=8 elapsed time: 0.0901379s
k=9 elapsed time: 0.110864s
k=8 elapsed time: 0.115492s
k=9 elapsed time: 0.114447s
k=9 elapsed time: 0.107363s
k=8 elapsed time: 0.0917213s
k=9 elapsed time: 0.0825245s
k=8 elapsed time: 0.136594s
k=7 elapsed time: 0.100791s
k=7 elapsed time: 0.099967s
k=8 elapsed time: 0.10098s
k=8 elapsed time: 0.105594s
k=8 elapsed time: 0.112937s
k=7 elapsed time: 0.0836865s
k=7 elapsed time: 0.113963s
k=8 elapsed time: 0.129714s
k=6 elapsed time: 0.103673s
k=6 elapsed time: 0.0683338s
k=7 elapsed time: 0.101028s
k=7 elapsed time: 0.105619s
k=7 elapsed time: 0.110561s
k=7 elapsed time: 0.081998s
k=6 elapsed time: 0.127799s
k=5 elapsed time: 0.10523s
k=6 elapsed time: 0.133932s
k=5 elapsed time: 0.100993s
k=6 elapsed time: 0.10993s
k=6 elapsed time: 0.110871s
k=6 elapsed time: 0.104078s
k=5 elapsed time: 0.0822822s
k=5 elapsed time: 0.100607s
k=6 elapsed time: 0.131528s
k=4 elapsed time: 0.101239s
k=4 elapsed time: 0.111152s
k=5 elapsed time: 0.0997111s
k=5 elapsed time: 0.106787s
k=5 elapsed time: 0.1058s
k=4 elapsed time: 0.094441s
k=4 elapsed time: 0.127657s
k=5 elapsed time: 0.108496s
k=3 elapsed time: 0.104657s
k=3 elapsed time: 0.110165s
k=4 elapsed time: 0.0815438s
k=4 elapsed time: 0.086555s
k=4 elapsed time: 0.101321s
k=3 elapsed time: 0.102935s
k=3 elapsed time: 0.103031s
k=4 elapsed time: 0.105329s
k=2 elapsed time: 0.105927s
k=2 elapsed time: 0.105624s
k=3 elapsed time: 0.101873s
k=3 elapsed time: 0.103717s
k=3 elapsed time: 0.0889172s
k=2 elapsed time: 0.102806s
k=2 elapsed time: 0.115954s
k=1 elapsed time: 0.0996763s
k=3 elapsed time: 0.108575s
k=1 elapsed time: 0.104207s
k=2 elapsed time: 0.102808s
k=2 elapsed time: 0.104215s
k=2 elapsed time: 0.101224s
k=1 elapsed time: 0.0993437s
k=1 elapsed time: 0.105679s
k=0 elapsed time: 0.09984s
CUDA Devices number: 1, input_field size: 64, input_field count: 131072
VarDoubleBatchMSM taskID=510scheduled to GPU 0
k=2 elapsed time: 0.110457s
k=0 elapsed time: 0.111112s
k=1 elapsed time: 0.0957257s
CUDA Devices number: 1, input_field size: 64, input_field count: 131072
VarDoubleBatchMSM taskID=506scheduled to GPU 0
k=1 elapsed time: 0.101439s
k=1 elapsed time: 0.105311s
k=0 elapsed time: 21.1851s
k=0 elapsed time: 42.1552s
CUDA Devices number: 1, input_field size: 64, input_field count: 131072
VarDoubleBatchMSM taskID=509scheduled to GPU 0
CUDA Devices number: 1, input_field size: 64, input_field count: 131072
VarDoubleBatchMSM taskID=511scheduled to GPU 0
k=0 elapsed time: 63.8542s
k=0 elapsed time: 63.9121s
CUDA Devices number: 1, input_field size: 64, input_field count: 131073
VarDoubleBatchMSM taskID=505scheduled to GPU 0
CUDA Devices number: 1, input_field size: 64, input_field count: 131072
VarDoubleBatchMSM taskID=507scheduled to GPU 0
k=1 elapsed time: 63.9277s
k=0 elapsed time: 63.9228s
CUDA Devices number: 1, input_field size: 64, input_field count: 131072
VarDoubleBatchMSM taskID=508scheduled to GPU 0
k=0 elapsed time: 86.4242s
CUDA Devices number: 1, input_field size: 64, input_field count: 131073
VarDoubleBatchMSM taskID=504scheduled to GPU 0
eval Bt=(823989769874768717813459852652949590303574959316735368698491883305204211738, 6907545925257833513262073675147614885725223544481349589640571585605590815310, 804697708453883626934232359152763761587386782697811759426627297224893099438,5179923489688086540163861959309136515846860173809267995730215053468449391484, 1471747721230201060332083129678487417982275512250100359341875233850845994565, 797275642131018555676687053357072946376105594624357387057589096131348697075, 11330521963133214992637820878161038473308320282582638995881552099286055130328, 12063525275812210769469154516799118331300972799419793795373236390534858986299, 5625035090514581108902695119804833426194605342628450416953307671019868509817)
		Ending   : Computing evaluation to query B: summation of variable_i*B_i(t) [352.887814201 seconds elapsed] - 227.656 seconds


		
Starting : Computing evaluation to deltaABC [352.888026774 seconds elapsed]
Spark join deltaABC and oneFullAssignment took: 3645 ms
varMSM prepare data took: 214 ms
varMSM prepare data took: 214 ms
varMSM prepare data took: 215 ms
varMSM prepare data took: 217 ms
varMSM prepare data took: 216 ms
varMSM prepare data took: 219 ms
varMSM doubleBatch GPU compute time: 215.656s
varMSM doubleBatch GPU compute time: 215.803s
varMSM doubleBatch GPU compute time: 215.806s
varMSM doubleBatch GPU compute time: 216.067s
varMSM doubleBatch GPU compute time: 216.015s
varMSM doubleBatch GPU compute time: 216.139s
varMSM doubleBatch GPU compute time: 216.168s
varMSM doubleBatch GPU compute time: 216.258s
CUDA Devices number: 1, input_field size: 64, input_field count: 130945
VarBatchMSM taskID=543  scheduled to GPU 0
varMSM prepare data took: 225 ms
CUDA Devices number: 1, input_field size: 64, input_field count: 130945
VarBatchMSM taskID=537  scheduled to GPU 0
VarBatchMSM taskID=543  finish copy data to GPU
CUDA Devices number: 1, input_field size: 64, input_field count: 130944
VarBatchMSM taskID=541  scheduled to GPU 0
CUDA Devices number: 1, input_field size: 64, input_field count: 130944
VarBatchMSM taskID=539  scheduled to GPU 0
VarBatchMSM taskID=537  finish copy data to GPU
CUDA Devices number: 1, input_field size: 64, input_field count: 130944
VarBatchMSM taskID=540  scheduled to GPU 0
VarBatchMSM taskID=541  finish copy data to GPU
CUDA Devices number: 1, input_field size: 64, input_field count: 130944
VarBatchMSM taskID=542  scheduled to GPU 0
VarBatchMSM taskID=539  finish copy data to GPU
VarBatchMSM taskID=540  finish copy data to GPU
varMSM prepare data took: 233 msVarBatchMSM taskID=542  finish copy data to GPU

CUDA Devices number: 1, input_field size: 64, input_field count: 130945
VarBatchMSM taskID=536  scheduled to GPU 0
CUDA Devices number: 1, input_field size: 64, input_field count: 130945
VarBatchMSM taskID=538  scheduled to GPU 0
VarBatchMSM taskID=536  finish copy data to GPU
VarBatchMSM taskID=538  finish copy data to GPU
k=23 elapsed time: 20.4921s
k=23 elapsed time: 20.4923s
k=23 elapsed time: 20.5139s
k=23 elapsed time: 20.5117s
k=23 elapsed time: 20.5211s
k=22 elapsed time: 12.3194s
k=22 elapsed time: 12.3235s
k=23 elapsed time: 24.6166s
k=22 elapsed time: 12.3278s
k=23 elapsed time: 12.3416s
k=23 elapsed time: 16.4404s
k=22 elapsed time: 12.3727s
k=22 elapsed time: 12.3612s
k=21 elapsed time: 0.0644073s
k=21 elapsed time: 0.0621297s
k=22 elapsed time: 0.106558s
k=22 elapsed time: 0.142106s
k=21 elapsed time: 0.130821s
k=21 elapsed time: 0.14907s
k=22 elapsed time: 0.150297s
k=21 elapsed time: 0.134724s
k=20 elapsed time: 0.137353s
k=20 elapsed time: 0.151545s
k=21 elapsed time: 0.0897056s
k=21 elapsed time: 0.110947s
k=20 elapsed time: 0.115011s
k=20 elapsed time: 0.121025s
k=21 elapsed time: 0.135563s
k=20 elapsed time: 0.145555s
k=19 elapsed time: 0.137195s
k=19 elapsed time: 0.135799s
k=20 elapsed time: 0.136035s
k=20 elapsed time: 0.0683992s
k=19 elapsed time: 0.0859474s
k=19 elapsed time: 0.114435s
k=19 elapsed time: 0.135851s
k=18 elapsed time: 0.124839s
k=20 elapsed time: 0.154082s
k=18 elapsed time: 0.141127s
k=19 elapsed time: 0.123889s
k=18 elapsed time: 0.110893s
k=19 elapsed time: 0.144439s
k=18 elapsed time: 0.107901s
k=18 elapsed time: 0.120177s
k=17 elapsed time: 0.118722s
k=19 elapsed time: 0.1232s
k=17 elapsed time: 0.128144s
k=17 elapsed time: 0.123514s
k=18 elapsed time: 0.12493s
k=17 elapsed time: 0.0941227s
k=18 elapsed time: 0.168866s
k=17 elapsed time: 0.105336s
k=16 elapsed time: 0.121252s
k=16 elapsed time: 0.118692s
k=18 elapsed time: 0.133739s
k=17 elapsed time: 0.0921032s
k=16 elapsed time: 0.125728s
k=17 elapsed time: 0.156181s
k=16 elapsed time: 0.161699s
k=16 elapsed time: 0.0903797s
k=17 elapsed time: 0.116058s
k=15 elapsed time: 0.135531s
k=15 elapsed time: 0.134924s
k=16 elapsed time: 0.101969s
k=16 elapsed time: 0.155565s
k=15 elapsed time: 0.123737s
k=15 elapsed time: 0.120249s
k=15 elapsed time: 0.164012s
k=16 elapsed time: 0.0995486s
k=14 elapsed time: 0.116643s
k=14 elapsed time: 0.125319s
k=15 elapsed time: 0.120071s
k=14 elapsed time: 0.0989183s
k=14 elapsed time: 0.113589s
k=15 elapsed time: 0.127917s
k=14 elapsed time: 0.123655s
k=15 elapsed time: 0.0997537s
k=13 elapsed time: 0.119932s
k=14 elapsed time: 0.117322s
k=13 elapsed time: 0.163787s
k=13 elapsed time: 0.126254s
k=13 elapsed time: 0.14886s
k=14 elapsed time: 0.128375s
k=13 elapsed time: 0.135138s
k=14 elapsed time: 0.125689s
k=12 elapsed time: 0.0896478s
k=13 elapsed time: 0.109997s
k=12 elapsed time: 0.105603s
k=12 elapsed time: 0.12035s
k=12 elapsed time: 0.12182s
k=13 elapsed time: 0.138276s
k=12 elapsed time: 0.153273s
k=13 elapsed time: 0.134015s
k=11 elapsed time: 0.126133s
k=12 elapsed time: 0.100412s
k=11 elapsed time: 0.119329s
k=11 elapsed time: 0.117021s
k=12 elapsed time: 0.117258s
k=12 elapsed time: 0.133073s
k=11 elapsed time: 0.15258s
k=11 elapsed time: 0.150431s
k=10 elapsed time: 0.136156s
k=11 elapsed time: 0.127412s
k=10 elapsed time: 0.0941534s
k=10 elapsed time: 0.0916501s
k=11 elapsed time: 0.0718846s
k=10 elapsed time: 0.11734s
k=11 elapsed time: 0.125031s
k=9 elapsed time: 0.133231s
k=9 elapsed time: 0.149342s
k=10 elapsed time: 0.154227s
k=10 elapsed time: 0.150213s
k=9 elapsed time: 0.124702s
k=10 elapsed time: 0.126611s
k=9 elapsed time: 0.0860472s
k=10 elapsed time: 0.0940609s
k=8 elapsed time: 0.132088s
k=9 elapsed time: 0.125815s
k=8 elapsed time: 0.129933s
k=9 elapsed time: 0.122628s
k=9 elapsed time: 0.140979s
k=8 elapsed time: 0.140568s
k=8 elapsed time: 0.103429s
k=9 elapsed time: 0.0918159s
k=7 elapsed time: 0.101818s
k=8 elapsed time: 0.104002s
k=8 elapsed time: 0.13797s
k=7 elapsed time: 0.138038s
k=8 elapsed time: 0.137048s
k=8 elapsed time: 0.132896s
k=7 elapsed time: 0.136282s
k=7 elapsed time: 0.140348s
k=6 elapsed time: 0.100946s
k=7 elapsed time: 0.117417s
k=7 elapsed time: 0.119598s
k=7 elapsed time: 0.140007s
k=6 elapsed time: 0.137582s
k=7 elapsed time: 0.124574s
k=6 elapsed time: 0.136618s
k=5 elapsed time: 0.103193s
k=6 elapsed time: 0.139851s
k=6 elapsed time: 0.0789791s
k=6 elapsed eval ABC=8832616033935942274371748309556714645292011079000965997958372901545181120419, 7852888515504281787184155057004028712386126369849962221137771498431174385106, 3948496527774613829762033460069037130377158779741426494248385988675790709294
		Ending   : Computing evaluation to deltaABC [394.223937181 seconds elapsed] - 41.335 seconds


		
Starting : Computing evaluation to query H [394.223985991 seconds elapsed]
time: 0.109866s
k=6 elapsed time: 0.116573s
k=5 elapsed time: 0.144935s
k=4 elapsed time: 0.134753s
k=6 elapsed time: 0.153352s
k=5 elapsed time: 0.136523s
k=5 elapsed time: 0.121643s
k=5 elapsed time: 0.147378s
k=5 elapsed time: 0.0719791s
k=5 elapsed time: 0.0933929s
k=4 elapsed time: 0.116465s
k=5 elapsed time: 0.121167s
k=4 elapsed time: 0.135996s
k=4 elapsed time: 0.123121s
k=4 elapsed time: 0.122276s
k=4 elapsed time: 0.133505s
k=4 elapsed time: 0.0902527s
k=3 elapsed time: 0.165083s
k=4 elapsed time: 0.112124s
k=3 elapsed time: 0.122301s
k=3 elapsed time: 0.116459s
k=3 elapsed time: 0.12192s
k=3 elapsed time: 0.134139s
k=2 elapsed time: 0.115822s
k=3 elapsed time: 0.169093s
k=3 elapsed time: 0.161378s
k=3 elapsed time: 0.0785387s
k=2 elapsed time: 0.113385s
k=2 elapsed time: 0.123025s
k=2 elapsed time: 0.12246s
k=2 elapsed time: 0.143765s
k=2 elapsed time: 0.121955s
k=1 elapsed time: 0.148842s
k=2 elapsed time: 0.129907s
k=2 elapsed time: 0.122768s
k=1 elapsed time: 0.0896965s
k=1 elapsed time: 0.107074s
k=1 elapsed time: 0.130972s
k=1 elapsed time: 0.121343s
k=1 elapsed time: 0.124996s
k=0 elapsed time: 0.124678s
k=1 elapsed time: 0.130301s
k=1 elapsed time: 0.137129s
k=0 elapsed time: 0.12196s
varMSM GPU computation elapsed time: 35.5766s
varMSM GPU computation elapsed time: 35.5783s
k=0 elapsed time: 0.103862s
k=0 elapsed time: 0.0824278s
varMSM GPU computation elapsed time: 35.5656s
varMSM GPU computation elapsed time: 35.5771s
k=0 elapsed time: 0.0688106s
varMSM GPU computation elapsed time: 35.6253s
k=0 elapsed time: 0.0553334s
k=0 elapsed time: 0.0739756s
varMSM GPU computation elapsed time: 35.5955s
varMSM GPU computation elapsed time: 35.6353s
k=0 elapsed time: 0.0617355s
varMSM GPU computation elapsed time: 35.5752s
Spark join coefficientsH and oneFullAssignment took: 422716 ms
varMSM prepare data took: 486 ms
varMSM prepare data took: 493 ms
varMSM prepare data took: 465 ms
varMSM prepare data took: 411 ms
varMSM prepare data took: 493 ms
CUDA Devices number: 1, input_field size: 64, input_field count: 262144
VarBatchMSM taskID=1303  scheduled to GPU 0
varMSM prepare data took: 303 ms
VarBatchMSM taskID=1303  finish copy data to GPU
CUDA Devices number: 1, input_field size: 64, input_field count: 262144
VarBatchMSM taskID=1300  scheduled to GPU 0
varMSM prepare data took: 336 ms
CUDA Devices number: 1, input_field size: 64, input_field count: 262144
VarBatchMSM taskID=1299  scheduled to GPU 0
CUDA Devices number: 1, input_field size: 64, input_field count: 262144
VarBatchMSM taskID=1298  scheduled to GPU 0
CUDA Devices number: 1, input_field size: 64, input_field count: 262144
VarBatchMSM taskID=1297  scheduled to GPU 0
CUDA Devices number: 1, input_field size: 64, input_field count: 262145
VarBatchMSM taskID=1296  scheduled to GPU 0
varMSM prepare data took: 494 ms
CUDA Devices number: 1, input_field size: 64, input_field count: 262144
VarBatchMSM taskID=1301  scheduled to GPU 0
CUDA Devices number: 1, input_field size: 64, input_field count: 262144
VarBatchMSM taskID=1302  scheduled to GPU 0
VarBatchMSM taskID=1300  finish copy data to GPU
VarBatchMSM taskID=1297  finish copy data to GPU
VarBatchMSM taskID=1302  finish copy data to GPU
k=21 elapsed time: 16.2888s
VarBatchMSM taskID=1299  finish copy data to GPU
VarBatchMSM taskID=1301  finish copy data to GPU
VarBatchMSM taskID=1298  finish copy data to GPU
k=21 elapsed time: 24.4489s
VarBatchMSM taskID=1296  finish copy data to GPU
k=21 elapsed time: 16.3556s
k=21 elapsed time: 48.8925s
k=20 elapsed time: 40.7719s
k=21 elapsed time: 32.611s
k=20 elapsed time: 32.6325s
k=21 elapsed time: 32.6051s
k=21 elapsed time: 32.6229s
k=20 elapsed time: 32.6049s
k=21 elapsed time: 32.6117s
k=20 elapsed time: 8.22053s
k=19 elapsed time: 8.24483s
k=20 elapsed time: 0.151448s
k=19 elapsed time: 0.160608s
k=20 elapsed time: 0.159292s
k=20 elapsed time: 0.156244s
k=20 elapsed time: 0.155282s
k=19 elapsed time: 0.174115s
k=19 elapsed time: 0.155974s
k=18 elapsed time: 0.163937s
k=19 elapsed time: 0.119379s
k=18 elapsed time: 0.145905s
k=19 elapsed time: 0.154706s
k=19 elapsed time: 0.163982s
k=18 elapsed time: 0.143954s
k=18 elapsed time: 0.153236s
k=19 elapsed time: 0.177049s
k=17 elapsed time: 0.137024s
k=18 elapsed time: 0.13259s
k=18 elapsed time: 0.131804s
k=17 elapsed time: 0.162883s
k=18 elapsed time: 0.145481s
k=17 elapsed time: 0.148151s
k=17 elapsed time: 0.159961s
k=16 elapsed time: 0.163436s
k=18 elapsed time: 0.169843s
k=17 elapsed time: 0.149764s
k=16 elapsed time: 0.149225s
k=17 elapsed time: 0.169961s
k=17 elapsed time: 0.15248s
k=16 elapsed time: 0.148403s
k=16 elapsed time: 0.135321s
k=15 elapsed time: 0.140741s
k=16 elapsed time: 0.132855s
k=17 elapsed time: 0.15512s
k=16 elapsed time: 0.144398s
k=16 elapsed time: 0.144886s
k=15 elapsed time: 0.156779s
k=15 elapsed time: 0.151007s
k=15 elapsed time: 0.152074s
k=14 elapsed time: 0.135304s
k=15 elapsed time: 0.135705s
k=16 elapsed time: 0.145509s
k=15 elapsed time: 0.14768s
k=15 elapsed time: 0.157013s
k=14 elapsed time: 0.149192s
k=14 elapsed time: 0.145926s
k=14 elapsed time: 0.159497s
k=13 elapsed time: 0.148712s
k=14 elapsed time: 0.137678s
k=15 elapsed time: 0.125299s
k=14 elapsed time: 0.144788s
k=13 elapsed time: 0.145059s
k=13 elapsed time: 0.163151s
k=13 elapsed time: 0.161398s
k=14 elapsed time: 0.173579s
k=14 elapsed time: 0.148896s
k=12 elapsed time: 0.166713s
k=13 elapsed time: 0.178623s
k=13 elapsed time: 0.09659s
k=12 elapsed time: 0.15794s
k=12 elapsed time: 0.14802s
k=12 elapsed time: 0.149435s
k=11 elapsed time: 0.149269s
k=12 elapsed time: 0.148195s
k=13 elapsed time: 0.195979s
k=12 elapsed time: 0.144017s
k=13 elapsed time: 0.197819s
k=11 elapsed time: 0.143233s
k=11 elapsed time: 0.139529s
k=11 elapsed time: 0.14848s
k=10 elapsed time: 0.174932s
k=11 elapsed time: 0.148066s
k=11 elapsed time: 0.16738s
k=12 elapsed time: 0.148278s
k=12 elapsed time: 0.163808s
k=10 elapsed time: 0.099492s
k=10 elapsed time: 0.132201s
k=10 elapsed time: 0.142182s
k=9 elapsed time: 0.148045s
k=10 elapsed time: 0.149959s
k=11 elapsed time: 0.149098s
k=11 elapsed time: 0.143691s
k=10 elapsed time: 0.16087s
k=9 elapsed time: 0.112195s
k=9 elapsed time: 0.164993s
k=9 elapsed time: 0.149008s
k=8 elapsed time: 0.127845s
k=10 elapsed time: 0.143801s
k=10 elapsed time: 0.145271s
k=9 elapsed time: 0.165648s
k=9 elapsed time: 0.156905s
k=8 elapsed time: 0.0969948s
k=8 elapsed time: 0.163378s
k=8 elapsed time: 0.190177s
k=7 elapsed time: 0.117972s
k=9 elapsed time: 0.160267s
k=9 elapsed time: 0.162951s
k=8 elapsed time: 0.1515s
k=8 elapsed time: 0.149934s
k=7 elapsed time: 0.160642s
k=7 elapsed time: 0.133625s
k=7 elapsed time: 0.147708s
k=6 elapsed time: 0.147557s
k=8 elapsed time: 0.129107s
k=7 elapsed time: 0.140967s
k=7 elapsed time: 0.147671s
k=8 elapsed time: 0.16542s
k=6 elapsed time: 0.150939s
k=6 elapsed time: 0.150006s
k=6 elapsed time: 0.140316s
k=5 elapsed time: 0.146431s
k=7 elapsed time: 0.106724s
k=6 elapsed time: 0.145866s
k=6 elapsed time: 0.160719s
k=7 elapsed time: 0.14859s
k=5 elapsed time: 0.163224s
k=5 elapsed time: 0.159273s
k=4 elapsed time: 0.136318s
k=5 elapsed time: 0.196343s
k=6 elapsed time: 0.148785s
k=5 elapsed time: 0.118143s
k=5 elapsed time: 0.134046s
k=6 elapsed time: 0.149857s
k=3 elapsed time: 0.147421s
k=4 elapsed time: 0.156397s
k=4 elapsed time: 0.147502s
k=4 elapsed time: 0.186377s
k=5 elapsed time: 0.150802s
k=4 elapsed time: 0.149311s
k=4 elapsed time: 0.118423s
k=5 elapsed time: 0.14465s
k=2 elapsed time: 0.159928s
k=3 elapsed time: 0.158164s
k=4 elapsed time: 0.147149s
k=3 elapsed time: 0.158897s
k=3 elapsed time: 0.172377s
k=3 elapsed time: 0.147217s
k=3 elapsed time: 0.156552s
k=4 elapsed time: 0.124972s
k=1 elapsed time: 0.132295s
k=2 elapsed time: 0.142241s
k=3 elapsed time: 0.147271s
k=2 elapsed time: 0.157677s
k=2 elapsed time: 0.143955s
k=2 elapsed time: 0.150559s
k=2 elapsed time: 0.195851s
k=3 elapsed time: 0.148213s
k=0 elapsed time: 0.122093s
k=1 elapsed time: 0.111819s
varMSM GPU computation elapsed time: 68.1238s
k=2 elapsed time: 0.140726s
k=1 elapsed time: 0.144077s
k=1 elapsed time: 0.132437s
k=2 elapsed time: 0.133796s
k=1 elapsed time: 0.156117s
k=1 elapsed time: 0.176794s
k=0 elapsed time: 0.128725s
varMSM GPU computation elapsed time: 68.1938s
k=1 elapsed time: 0.109998s
k=0 elapsed time: 0.104138s
varMSM GPU computation elapsed time: 68.2368s
k=0 elapsed time: 0.113764s
varMSM GPU computation elapsed time: 68.1338s
k=0 elapsed time: 0.112007s
k=1 elapsed time: 0.115836s
varMSM GPU computation elapsed time: 68.1966s
k=0 elapsed time: 0.102463s
varMSM GPU computation elapsed time: 68.2306s
k=0 elapsed time: 0.0659609s
varMSM GPU computation elapsed time: 68.2193s
k=0 elapsed time: 0.0276752s
evaluationHtZt=20064880992965356088468826792957395359726817503055319687102994755228920351227, 13893000981526952292168857781743992191160185569355044880117016980489933002053, 19757785610819714369611694315986819228378597840761780616539106072235965430523
		Ending   : Computing evaluation to query H [889.740205757 seconds elapsed] - 495.516 seconds


	Ending   : Prover-8exec-1cpu-64mem-8partitions [889.80278252 seconds elapsed] - 806.374 seconds


	
Starting : Verifier-for--8exec-1cpu-64mem-8partitions [889.806511557 seconds elapsed]
varMSM GPU computation elapsed time: 68.2555s
SerialVarMSM JAVA side prepare data time elapsed: 1 ms
CUDA Devices number: 1, input_field size: 64, input_field count: 1023
VarBatchMSM taskID=0  scheduled to GPU 0
VarBatchMSM taskID=0  finish copy data to GPU
k=42 elapsed time: 0.0351114s
k=41 elapsed time: 0.0052709s
k=40 elapsed time: 0.00496645s
k=39 elapsed time: 0.00528201s
k=38 elapsed time: 0.00495363s
k=37 elapsed time: 0.00532187s
k=36 elapsed time: 0.00526416s
k=35 elapsed time: 0.00531229s
k=34 elapsed time: 0.00532808s
k=33 elapsed time: 0.00532361s
k=32 elapsed time: 0.00525775s
k=31 elapsed time: 0.00527298s
k=30 elapsed time: 0.00531552s
k=29 elapsed time: 0.00531591s
k=28 elapsed time: 0.00494686s
k=27 elapsed time: 0.00567942s
k=26 elapsed time: 0.00532342s
k=25 elapsed time: 0.0053221s
k=24 elapsed time: 0.0056825s
k=23 elapsed time: 0.00532535s
k=22 elapsed time: 0.00523316s
k=21 elapsed time: 0.00526325s
k=20 elapsed time: 0.00531063s
k=19 elapsed time: 0.0052751s
k=18 elapsed time: 0.00528172s
k=17 elapsed time: 0.00531244s
k=16 elapsed time: 0.00606731s
k=15 elapsed time: 0.00564906s
k=14 elapsed time: 0.00559376s
k=13 elapsed time: 0.0056929s
k=12 elapsed time: 0.00528223s
k=11 elapsed time: 0.00567676s
k=10 elapsed time: 0.00493153s
k=9 elapsed time: 0.004948s
k=8 elapsed time: 0.00564529s
k=7 elapsed time: 0.00532008s
k=6 elapsed time: 0.00530004s
k=5 elapsed time: 0.0052294s
k=4 elapsed time: 0.00527716s
k=3 elapsed time: 0.00567445s
k=2 elapsed time: 0.00562093s
k=1 elapsed time: 0.00530082s
k=0 elapsed time: 0.00530467s
	Ending   : Verifier-for--8exec-1cpu-64mem-8partitions [890.1925707 seconds elapsed] - 385.945106 milliseconds

true

[Profiler] - End Distributed SparkZKSNARK - 8 executors - 8 partitions - 1048576 size

varMSM GPU computation elapsed time: 0.260159s
